This is XeTeX, Version 3.141592653-2.6-0.999997 (TeX Live 2025) (preloaded format=xelatex 2026.2.28)  29 MAR 2026 16:06
entering extended mode
 restricted \write18 enabled.
 %&-line parsing enabled.
**mtdatapro.tex
(./mtdatapro.tex
LaTeX2e <2025-11-01>
L3 programming layer <2026-01-19>
(./sphinxmanual.cls
Document Class: sphinxmanual 2019/12/01 v2.3.0 Document class (Sphinx manual)
(c:/texlive/2025/texmf-dist/tex/latex/base/report.cls
Document Class: report 2025/01/22 v1.4n Standard LaTeX document class
(c:/texlive/2025/texmf-dist/tex/latex/base/size10.clo
File: size10.clo 2025/01/22 v1.4n Standard LaTeX file (size option)
)
\c@part=\count271
\c@chapter=\count272
\c@section=\count273
\c@subsection=\count274
\c@subsubsection=\count275
\c@paragraph=\count276
\c@subparagraph=\count277
\c@figure=\count278
\c@table=\count279
\abovecaptionskip=\skip49
\belowcaptionskip=\skip50
\bibindent=\dimen148
)
LaTeX Info: Redefining \and on input line 35.
)
\sphinxpxdimen=\dimen149
\sphinxremdimen=\dimen150

(c:/texlive/2025/texmf-dist/tex/latex/cmap/cmap.sty
Package: cmap 2021/02/06 v1.0j CMap support: searchable PDF


Package cmap Warning: pdftex not detected - exiting.

) (c:/texlive/2025/texmf-dist/tex/xelatex/xecjk/xeCJK.sty
(c:/texlive/2025/texmf-dist/tex/latex/l3kernel/expl3.sty
Package: expl3 2026-01-19 L3 programming layer (loader) 

(c:/texlive/2025/texmf-dist/tex/latex/l3backend/l3backend-xetex.def
File: l3backend-xetex.def 2025-10-09 L3 backend support: XeTeX
\g__graphics_track_int=\count280
\g__pdfannot_backend_int=\count281
\g__pdfannot_backend_link_int=\count282
))
Package: xeCJK 2022/08/05 v3.9.1 Typesetting CJK scripts with XeLaTeX

(c:/texlive/2025/texmf-dist/tex/latex/ctex/ctexhook.sty
Package: ctexhook 2022/07/14 v2.5.10 Document and package hooks (CTEX)
)
(c:/texlive/2025/texmf-dist/tex/latex/l3packages/xtemplate/xtemplate.sty
Package: xtemplate 2025-10-09 L3 Experimental prototype document functions
)
\l__xeCJK_tmp_int=\count283
\l__xeCJK_tmp_box=\box53
\l__xeCJK_tmp_dim=\dimen151
\l__xeCJK_tmp_skip=\skip51
\g__xeCJK_space_factor_int=\count284
\l__xeCJK_begin_int=\count285
\l__xeCJK_end_int=\count286
\c__xeCJK_CJK_class_int=\XeTeXcharclass1
\c__xeCJK_FullLeft_class_int=\XeTeXcharclass2
\c__xeCJK_FullRight_class_int=\XeTeXcharclass3
\c__xeCJK_HalfLeft_class_int=\XeTeXcharclass4
\c__xeCJK_HalfRight_class_int=\XeTeXcharclass5
\c__xeCJK_NormalSpace_class_int=\XeTeXcharclass6
\c__xeCJK_CM_class_int=\XeTeXcharclass7
\c__xeCJK_HangulJamo_class_int=\XeTeXcharclass8
\l__xeCJK_last_skip=\skip52
\c__xeCJK_none_node=\count287
\g__xeCJK_node_int=\count288
\c__xeCJK_CJK_node_dim=\dimen152
\c__xeCJK_CJK-space_node_dim=\dimen153
\c__xeCJK_default_node_dim=\dimen154
\c__xeCJK_CJK-widow_node_dim=\dimen155
\c__xeCJK_normalspace_node_dim=\dimen156
\c__xeCJK_default-space_node_skip=\skip53
\l__xeCJK_ccglue_skip=\skip54
\l__xeCJK_ecglue_skip=\skip55
\l__xeCJK_punct_kern_skip=\skip56
\l__xeCJK_indent_box=\box54
\l__xeCJK_last_penalty_int=\count289
\l__xeCJK_last_bound_dim=\dimen157
\l__xeCJK_last_kern_dim=\dimen158
\l__xeCJK_widow_penalty_int=\count290

LaTeX template Info: Declaring template type 'xeCJK/punctuation' taking 0
(template)           argument(s) on line 2396.

\l__xeCJK_fixed_punct_width_dim=\dimen159
\l__xeCJK_mixed_punct_width_dim=\dimen160
\l__xeCJK_middle_punct_width_dim=\dimen161
\l__xeCJK_fixed_margin_width_dim=\dimen162
\l__xeCJK_mixed_margin_width_dim=\dimen163
\l__xeCJK_middle_margin_width_dim=\dimen164
\l__xeCJK_bound_punct_width_dim=\dimen165
\l__xeCJK_bound_margin_width_dim=\dimen166
\l__xeCJK_margin_minimum_dim=\dimen167
\l__xeCJK_kerning_total_width_dim=\dimen168
\l__xeCJK_same_align_margin_dim=\dimen169
\l__xeCJK_different_align_margin_dim=\dimen170
\l__xeCJK_kerning_margin_width_dim=\dimen171
\l__xeCJK_kerning_margin_minimum_dim=\dimen172
\l__xeCJK_bound_dim=\dimen173
\l__xeCJK_reverse_bound_dim=\dimen174
\l__xeCJK_margin_dim=\dimen175
\l__xeCJK_minimum_bound_dim=\dimen176
\l__xeCJK_kerning_margin_dim=\dimen177
\g__xeCJK_family_int=\count291
\l__xeCJK_fam_int=\count292
\g__xeCJK_fam_allocation_int=\count293
\l__xeCJK_verb_case_int=\count294
\l__xeCJK_verb_exspace_skip=\skip57

(c:/texlive/2025/texmf-dist/tex/latex/fontspec/fontspec.sty
(c:/texlive/2025/texmf-dist/tex/latex/l3packages/xparse/xparse.sty
Package: xparse 2025-10-09 L3 Experimental document command parser
)
Package: fontspec 2025/09/29 v2.9g Font selection for XeLaTeX and LuaLaTeX

(c:/texlive/2025/texmf-dist/tex/latex/fontspec/fontspec-xetex.sty
Package: fontspec-xetex 2025/09/29 v2.9g Font selection for XeLaTeX and LuaLaTe
X
\l__fontspec_script_int=\count295
\l__fontspec_language_int=\count296
\l__fontspec_strnum_int=\count297
\l__fontspec_tmp_int=\count298
\l__fontspec_tmpa_int=\count299
\l__fontspec_tmpb_int=\count300
\l__fontspec_tmpc_int=\count301
\l__fontspec_em_int=\count302
\l__fontspec_emdef_int=\count303
\l__fontspec_strong_int=\count304
\l__fontspec_strongdef_int=\count305
\l__fontspec_tmpa_dim=\dimen178
\l__fontspec_tmpb_dim=\dimen179
\l__fontspec_tmpc_dim=\dimen180

(c:/texlive/2025/texmf-dist/tex/latex/base/fontenc.sty
Package: fontenc 2025/07/18 v2.1d Standard LaTeX package
)
(c:/texlive/2025/texmf-dist/tex/latex/fontspec/fontspec.cfg)))
(c:/texlive/2025/texmf-dist/tex/xelatex/xecjk/xeCJK.cfg
File: xeCJK.cfg 2022/08/05 v3.9.1 Configuration file for xeCJK package
))
(c:/texlive/2025/texmf-dist/tex/latex/amsmath/amsmath.sty
Package: amsmath 2025/07/09 v2.17z AMS math features
\@mathmargin=\skip58

For additional information on amsmath, use the `?' option.
(c:/texlive/2025/texmf-dist/tex/latex/amsmath/amstext.sty
Package: amstext 2024/11/17 v2.01 AMS text

(c:/texlive/2025/texmf-dist/tex/latex/amsmath/amsgen.sty
File: amsgen.sty 1999/11/30 v2.0 generic functions
\@emptytoks=\toks17
\ex@=\dimen181
))
(c:/texlive/2025/texmf-dist/tex/latex/amsmath/amsbsy.sty
Package: amsbsy 1999/11/29 v1.2d Bold Symbols
\pmbraise@=\dimen182
)
(c:/texlive/2025/texmf-dist/tex/latex/amsmath/amsopn.sty
Package: amsopn 2022/04/08 v2.04 operator names
)
\inf@bad=\count306
LaTeX Info: Redefining \frac on input line 233.
\uproot@=\count307
\leftroot@=\count308
LaTeX Info: Redefining \overline on input line 398.
LaTeX Info: Redefining \colon on input line 409.
\classnum@=\count309
\DOTSCASE@=\count310
LaTeX Info: Redefining \ldots on input line 495.
LaTeX Info: Redefining \dots on input line 498.
LaTeX Info: Redefining \cdots on input line 619.
\Mathstrutbox@=\box55
\strutbox@=\box56
LaTeX Info: Redefining \big on input line 721.
LaTeX Info: Redefining \Big on input line 722.
LaTeX Info: Redefining \bigg on input line 723.
LaTeX Info: Redefining \Bigg on input line 724.
\big@size=\dimen183
LaTeX Font Info:    Redeclaring font encoding OML on input line 742.
LaTeX Font Info:    Redeclaring font encoding OMS on input line 743.
\macc@depth=\count311
LaTeX Info: Redefining \bmod on input line 904.
LaTeX Info: Redefining \pmod on input line 909.
LaTeX Info: Redefining \smash on input line 939.
LaTeX Info: Redefining \relbar on input line 969.
LaTeX Info: Redefining \Relbar on input line 970.
\c@MaxMatrixCols=\count312
\dotsspace@=\muskip17
\c@parentequation=\count313
\dspbrk@lvl=\count314
\tag@help=\toks18
\row@=\count315
\column@=\count316
\maxfields@=\count317
\andhelp@=\toks19
\eqnshift@=\dimen184
\alignsep@=\dimen185
\tagshift@=\dimen186
\tagwidth@=\dimen187
\totwidth@=\dimen188
\lineht@=\dimen189
\@envbody=\toks20
\multlinegap=\skip59
\multlinetaggap=\skip60
\mathdisplay@stack=\toks21
LaTeX Info: Redefining \[ on input line 2950.
LaTeX Info: Redefining \] on input line 2951.
)
(c:/texlive/2025/texmf-dist/tex/latex/amsfonts/amssymb.sty
Package: amssymb 2013/01/14 v3.01 AMS font symbols

(c:/texlive/2025/texmf-dist/tex/latex/amsfonts/amsfonts.sty
Package: amsfonts 2013/01/14 v3.01 Basic AMSFonts support
\symAMSa=\mathgroup4
\symAMSb=\mathgroup5
LaTeX Font Info:    Redeclaring math symbol \hbar on input line 98.
LaTeX Font Info:    Overwriting math alphabet `\mathfrak' in version `bold'
(Font)                  U/euf/m/n --> U/euf/b/n on input line 106.
))
(c:/texlive/2025/texmf-dist/tex/generic/babel/babel.sty
Package: babel 2026/02/14 v26.3 The multilingual framework for LuaLaTeX, pdfLaT
eX and XeLaTeX
\babel@savecnt=\count318
LaTeX Encoding Info:    Redeclaring text command \ij (encoding OT1) on input li
ne 2078.
LaTeX Encoding Info:    Redeclaring text command \IJ (encoding OT1) on input li
ne 2080.
LaTeX Encoding Info:    Redeclaring text command \ij (encoding T1) on input lin
e 2082.
LaTeX Encoding Info:    Redeclaring text command \IJ (encoding T1) on input lin
e 2083.
LaTeX Encoding Info:    Ignoring declaration for text command \ij (encoding ?) 
on input line 2084.
LaTeX Encoding Info:    Ignoring declaration for text command \IJ (encoding ?) 
on input line 2086.
LaTeX Encoding Info:    Ignoring declaration for text command \SS (encoding ?) 
on input line 2111.
\U@D=\dimen190
\l@unhyphenated=\language90

(c:/texlive/2025/texmf-dist/tex/generic/babel/xebabel.def)
\bbl@readstream=\read2
\bbl@dirlevel=\count319

(c:/texlive/2025/texmf-dist/tex/generic/babel/locale/en/babel-english.tex)
Package babel Info: Importing font and identification data for english
(babel)             from babel-en.ini. Reported on input line 4330.

(c:/texlive/2025/texmf-dist/tex/generic/babel-english/english.ldf
Language: english 2017/06/06 v3.3r English support from the babel system
Package babel Info: Hyphen rules for 'canadian' set to \l@english
(babel)             (\language0). Reported on input line 102.
Package babel Info: Hyphen rules for 'australian' set to \l@ukenglish
(babel)             (\language22). Reported on input line 105.
Package babel Info: Hyphen rules for 'newzealand' set to \l@ukenglish
(babel)             (\language22). Reported on input line 108.
))

Package fontspec Info: 
(fontspec)             Font family 'FreeSerif(0)' created for font 'FreeSerif'
(fontspec)             with options [Ligatures=TeX,Extension =
(fontspec)             .otf,UprightFont = *,ItalicFont = *Italic,BoldFont =
(fontspec)             *Bold,BoldItalicFont = *BoldItalic].
(fontspec)              
(fontspec)              This font family consists of the following NFSS
(fontspec)             series/shapes:
(fontspec)              
(fontspec)             - 'normal' (m/n) with NFSS spec.:
(fontspec)             <->"[FreeSerif.otf]/OT:script=latn;language=dflt;mapping
=tex-text;"
(fontspec)             - 'small caps'  (m/sc) with NFSS spec.:
(fontspec)             <->"[FreeSerif.otf]/OT:script=latn;language=dflt;+smcp;m
apping=tex-text;"
(fontspec)             - 'bold' (b/n) with NFSS spec.:
(fontspec)             <->"[FreeSerifBold.otf]/OT:script=latn;language=dflt;map
ping=tex-text;"
(fontspec)             - 'bold small caps'  (b/sc) with NFSS spec.:
(fontspec)             <->"[FreeSerifBold.otf]/OT:script=latn;language=dflt;+sm
cp;mapping=tex-text;"
(fontspec)             - 'italic' (m/it) with NFSS spec.:
(fontspec)             <->"[FreeSerifItalic.otf]/OT:script=latn;language=dflt;m
apping=tex-text;"
(fontspec)             - 'bold italic' (b/it) with NFSS spec.:
(fontspec)             <->"[FreeSerifBoldItalic.otf]/OT:script=latn;language=df
lt;mapping=tex-text;"


Package fontspec Info: 
(fontspec)             Font family 'FreeSans(0)' created for font 'FreeSans'
(fontspec)             with options [Ligatures=TeX,Extension =
(fontspec)             .otf,UprightFont = *,ItalicFont = *Oblique,BoldFont =
(fontspec)             *Bold,BoldItalicFont = *BoldOblique].
(fontspec)              
(fontspec)              This font family consists of the following NFSS
(fontspec)             series/shapes:
(fontspec)              
(fontspec)             - 'normal' (m/n) with NFSS spec.:
(fontspec)             <->"[FreeSans.otf]/OT:script=latn;language=dflt;mapping=
tex-text;"
(fontspec)             - 'small caps'  (m/sc) with NFSS spec.:
(fontspec)             <->"[FreeSans.otf]/OT:script=latn;language=dflt;+smcp;ma
pping=tex-text;"
(fontspec)             - 'bold' (b/n) with NFSS spec.:
(fontspec)             <->"[FreeSansBold.otf]/OT:script=latn;language=dflt;mapp
ing=tex-text;"
(fontspec)             - 'bold small caps'  (b/sc) with NFSS spec.:
(fontspec)             <->"[FreeSansBold.otf]/OT:script=latn;language=dflt;+smc
p;mapping=tex-text;"
(fontspec)             - 'italic' (m/it) with NFSS spec.:
(fontspec)             <->"[FreeSansOblique.otf]/OT:script=latn;language=dflt;m
apping=tex-text;"
(fontspec)             - 'bold italic' (b/it) with NFSS spec.:
(fontspec)             <->"[FreeSansBoldOblique.otf]/OT:script=latn;language=df
lt;mapping=tex-text;"


Package fontspec Info: 
(fontspec)             FreeMono scale = 0.9.


Package fontspec Info: 
(fontspec)             FreeMono scale = 0.9.


Package fontspec Info: 
(fontspec)             FreeMonoBold scale = 0.9.


Package fontspec Info: 
(fontspec)             FreeMonoOblique scale = 0.9.


Package fontspec Info: 
(fontspec)             FreeMonoBoldOblique scale = 0.9.


Package fontspec Info: 
(fontspec)             Font family 'FreeMono(0)' created for font 'FreeMono'
(fontspec)             with options
(fontspec)             [WordSpace={1,0,0},HyphenChar=None,PunctuationSpace=Word
Space,Scale=0.9,Extension
(fontspec)             = .otf,UprightFont = *,ItalicFont = *Oblique,BoldFont =
(fontspec)             *Bold,BoldItalicFont = *BoldOblique].
(fontspec)              
(fontspec)              This font family consists of the following NFSS
(fontspec)             series/shapes:
(fontspec)              
(fontspec)             - 'normal' (m/n) with NFSS spec.:
(fontspec)             <->s*[0.9]"[FreeMono.otf]/OT:script=latn;language=dflt;"

(fontspec)             - 'bold' (b/n) with NFSS spec.:
(fontspec)             <->s*[0.9]"[FreeMonoBold.otf]/OT:script=latn;language=df
lt;"
(fontspec)             - 'italic' (m/it) with NFSS spec.:
(fontspec)             <->s*[0.9]"[FreeMonoOblique.otf]/OT:script=latn;language
=dflt;"
(fontspec)             - 'bold italic' (b/it) with NFSS spec.:
(fontspec)             <->s*[0.9]"[FreeMonoBoldOblique.otf]/OT:script=latn;lang
uage=dflt;"


(c:/texlive/2025/texmf-dist/tex/latex/fncychap/fncychap.sty
Package: fncychap 2007/07/30 v1.34 LaTeX package (Revised chapters)
\RW=\skip61
\mylen=\skip62
\myhi=\skip63
\px=\skip64
\py=\skip65
\pyy=\skip66
\pxx=\skip67
) (./sphinx.sty
Package: sphinx 2025/12/26 v9.1.0 Sphinx LaTeX package (sphinx-doc)

(c:/texlive/2025/texmf-dist/tex/generic/ltxcmds/ltxcmds.sty
Package: ltxcmds 2023-12-04 v1.26 LaTeX kernel commands for general use (HO)
)
(c:/texlive/2025/texmf-dist/tex/latex/xcolor/xcolor.sty
Package: xcolor 2024/09/29 v3.02 LaTeX color extensions (UK)

(c:/texlive/2025/texmf-dist/tex/latex/graphics-cfg/color.cfg
File: color.cfg 2016/01/02 v1.6 sample color configuration
)
Package xcolor Info: Driver file: xetex.def on input line 274.

(c:/texlive/2025/texmf-dist/tex/latex/graphics-def/xetex.def
File: xetex.def 2025/11/01 v5.0p Graphics/color driver for xetex
)
(c:/texlive/2025/texmf-dist/tex/latex/graphics/mathcolor.ltx)
Package xcolor Info: Model `cmy' substituted by `cmy0' on input line 1349.
Package xcolor Info: Model `RGB' extended on input line 1365.
Package xcolor Info: Model `HTML' substituted by `rgb' on input line 1367.
Package xcolor Info: Model `Hsb' substituted by `hsb' on input line 1368.
Package xcolor Info: Model `tHsb' substituted by `hsb' on input line 1369.
Package xcolor Info: Model `HSB' substituted by `hsb' on input line 1370.
Package xcolor Info: Model `Gray' substituted by `gray' on input line 1371.
Package xcolor Info: Model `wave' substituted by `hsb' on input line 1372.
)
(c:/texlive/2025/texmf-dist/tex/latex/kvoptions/kvoptions.sty
Package: kvoptions 2022-06-15 v3.15 Key value format for package options (HO)

(c:/texlive/2025/texmf-dist/tex/latex/graphics/keyval.sty
Package: keyval 2022/05/29 v1.15 key=value parser (DPC)
\KV@toks@=\toks22
)
(c:/texlive/2025/texmf-dist/tex/latex/kvsetkeys/kvsetkeys.sty
Package: kvsetkeys 2022-10-05 v1.19 Key value parser (HO)
))
(./sphinxoptionshyperref.sty
Package: sphinxoptionshyperref 2021/01/27 hyperref
) (./sphinxoptionsgeometry.sty
Package: sphinxoptionsgeometry 2021/01/27 geometry
)
(c:/texlive/2025/texmf-dist/tex/latex/base/textcomp.sty
Package: textcomp 2024/04/24 v2.1b Standard LaTeX package
)
(c:/texlive/2025/texmf-dist/tex/latex/float/float.sty
Package: float 2001/11/08 v1.3d Float enhancements (AL)
\c@float@type=\count320
\float@exts=\toks23
\float@box=\box57
\@float@everytoks=\toks24
\@floatcapt=\box58
)
(c:/texlive/2025/texmf-dist/tex/latex/wrapfig/wrapfig.sty
\wrapoverhang=\dimen191
\WF@size=\dimen192
\c@WF@wrappedlines=\count321
\WF@box=\box59
\WF@everypar=\toks25
Package: wrapfig 2003/01/31  v 3.6
)
(c:/texlive/2025/texmf-dist/tex/latex/capt-of/capt-of.sty
Package: capt-of 2009/12/29 v0.2 standard captions outside of floats
)
(c:/texlive/2025/texmf-dist/tex/latex/tools/multicol.sty
Package: multicol 2025/10/21 v2.0b multicolumn formatting (FMi)
\c@tracingmulticols=\count322
\mult@box=\box60
\multicol@leftmargin=\dimen193
\c@unbalance=\count323
\c@collectmore=\count324
\doublecol@number=\count325
\multicoltolerance=\count326
\multicolpretolerance=\count327
\full@width=\dimen194
\page@free=\dimen195
\premulticols=\dimen196
\postmulticols=\dimen197
\multicolsep=\skip68
\multicolbaselineskip=\skip69
\partial@page=\box61
\last@line=\box62
\mc@boxedresult=\box63
\maxbalancingoverflow=\dimen198
\mult@rightbox=\box64
\mult@grightbox=\box65
\mult@firstbox=\box66
\mult@gfirstbox=\box67
\@tempa=\box68
\@tempa=\box69
\@tempa=\box70
\@tempa=\box71
\@tempa=\box72
\@tempa=\box73
\@tempa=\box74
\@tempa=\box75
\@tempa=\box76
\@tempa=\box77
\@tempa=\box78
\@tempa=\box79
\@tempa=\box80
\@tempa=\box81
\@tempa=\box82
\@tempa=\box83
\@tempa=\box84
\@tempa=\box85
\@tempa=\box86
\@tempa=\box87
\@tempa=\box88
\@tempa=\box89
\@tempa=\box90
\@tempa=\box91
\@tempa=\box92
\@tempa=\box93
\@tempa=\box94
\@tempa=\box95
\@tempa=\box96
\@tempa=\box97
\@tempa=\box98
\@tempa=\box99
\@tempa=\box100
\@tempa=\box101
\@tempa=\box102
\@tempa=\box103
\c@minrows=\count328
\c@columnbadness=\count329
\c@finalcolumnbadness=\count330
\last@try=\dimen199
\multicolovershoot=\dimen256
\multicolundershoot=\dimen257
\mult@nat@firstbox=\box104
\colbreak@box=\box105
\mc@col@check@num=\count331
\g__mc_curr_col_int=\count332
)
(c:/texlive/2025/texmf-dist/tex/latex/graphics/graphicx.sty
Package: graphicx 2024/12/31 v1.2e Enhanced LaTeX Graphics (DPC,SPQR)

(c:/texlive/2025/texmf-dist/tex/latex/graphics/graphics.sty
Package: graphics 2024/08/06 v1.4g Standard LaTeX Graphics (DPC,SPQR)

(c:/texlive/2025/texmf-dist/tex/latex/graphics/trig.sty
Package: trig 2023/12/02 v1.11 sin cos tan (DPC)
)
(c:/texlive/2025/texmf-dist/tex/latex/graphics-cfg/graphics.cfg
File: graphics.cfg 2016/06/04 v1.11 sample graphics configuration
)
Package graphics Info: Driver file: xetex.def on input line 106.
)
\Gin@req@height=\dimen258
\Gin@req@width=\dimen259
)
(./sphinxlatexgraphics.sty
Package: sphinxlatexgraphics 2024/08/13 v8.1.0 graphics
\spx@image@maxheight=\dimen260
\spx@image@box=\box106
) (./sphinxpackageboxes.sty
Package: sphinxpackageboxes 2024/07/01 v7.4.0 advanced colored boxes

(c:/texlive/2025/texmf-dist/tex/latex/pict2e/pict2e.sty
Package: pict2e 2020/09/30 v0.4b Improved picture commands (HjG,RN,JT)

(c:/texlive/2025/texmf-dist/tex/latex/pict2e/pict2e.cfg
File: pict2e.cfg 2016/02/05 v0.1u pict2e configuration for teTeX/TeXLive
)
Package pict2e Info: Driver file: xetex.def on input line 112.
Package pict2e Info: Driver file for pict2e: p2e-xetex.def on input line 114.

(c:/texlive/2025/texmf-dist/tex/latex/pict2e/p2e-xetex.def
File: p2e-xetex.def 2016/02/05 v0.1u Driver-dependant file (RN,HjG,JT)
)
\pIIe@GRAPH=\toks26
\@arclen=\dimen261
\@arcrad=\dimen262
\pIIe@tempdima=\dimen263
\pIIe@tempdimb=\dimen264
\pIIe@tempdimc=\dimen265
\pIIe@tempdimd=\dimen266
\pIIe@tempdime=\dimen267
\pIIe@tempdimf=\dimen268
)
(c:/texlive/2025/texmf-dist/tex/latex/ellipse/ellipse.sty
Package: ellipse 2004/11/05 v1.0 .dtx ellipse file
)
\@tempdimd=\dimen269
\spx@tempboxa=\box107
\spx@tempboxb=\box108
\spx@boxes@border@top=\dimen270
\spx@boxes@border@right=\dimen271
\spx@boxes@border@bottom=\dimen272
\spx@boxes@border@left=\dimen273
\spx@boxes@padding@top=\dimen274
\spx@boxes@padding@right=\dimen275
\spx@boxes@padding@bottom=\dimen276
\spx@boxes@padding@left=\dimen277
\spx@boxes@shadow@xoffset=\dimen278
\spx@boxes@shadow@yoffset=\dimen279
\spx@boxes@radius@topleft@x=\dimen280
\spx@boxes@radius@topright@x=\dimen281
\spx@boxes@radius@bottomright@x=\dimen282
\spx@boxes@radius@bottomleft@x=\dimen283
\spx@boxes@radius@topleft@y=\dimen284
\spx@boxes@radius@topright@y=\dimen285
\spx@boxes@radius@bottomright@y=\dimen286
\spx@boxes@radius@bottomleft@y=\dimen287
)
(./sphinxlatexadmonitions.sty
Package: sphinxlatexadmonitions 2025/10/24 v9.0.0 admonitions

(c:/texlive/2025/texmf-dist/tex/latex/framed/framed.sty
Package: framed 2011/10/22 v 0.96: framed or shaded text with page breaks
\OuterFrameSep=\skip70
\fb@frw=\dimen288
\fb@frh=\dimen289
\FrameRule=\dimen290
\FrameSep=\dimen291
)
(c:/texlive/2025/texmf-dist/tex/latex/needspace/needspace.sty
Package: needspace 2025/03/13 v1.3e reserve vertical space
)
(./sphinxpackagefootnote.sty
Package: sphinxpackagefootnote 2025/11/15 v9.0.0 Sphinx custom footnotehyper pa
ckage (Sphinx team)
\FNH@notes=\box109
\FNH@toks=\toks27
\FNH@width=\dimen292
\c@sphinxfootnotemark=\count333
)
\spx@notice@border=\dimen293
\c@sphinxtodo=\count334
) (./sphinxlatexliterals.sty
Package: sphinxlatexliterals 2025/12/26 v9.1.0 code-blocks and parsed literals

(c:/texlive/2025/texmf-dist/tex/latex/fancyvrb/fancyvrb.sty
Package: fancyvrb 2025/07/28 4.6 verbatim text (tvz,hv)
\FV@CodeLineNo=\count335
\FV@InFile=\read3
\FV@TabBox=\box110
\c@FancyVerbLine=\count336
\FV@StepNumber=\count337
\FV@OutFile=\write3
)
(c:/texlive/2025/texmf-dist/tex/latex/base/alltt.sty
Package: alltt 2024/07/07 v2.0g defines alltt environment
)
(c:/texlive/2025/texmf-dist/tex/latex/upquote/upquote.sty
Package: upquote 2012/04/19 v1.3 upright-quote and grave-accent glyphs in verba
tim
)
\sphinxcontinuationbox=\box111
\sphinxvisiblespacebox=\box112
\sphinxVerbatim@TitleBox=\box113
\sphinxVerbatim@ContentsBox=\box114
)
(./sphinxlatexshadowbox.sty
Package: sphinxlatexshadowbox 2024/07/28 v8.1.0 sphinxShadowBox
) (./sphinxlatexcontainers.sty
Package: sphinxlatexcontainers 2021/05/03 containers
)
(./sphinxhighlight.sty
Package: sphinxhighlight 2022/06/30 stylesheet for highlighting with pygments
) (./sphinxlatextables.sty
Package: sphinxlatextables 2025/12/30 v9.1.0 tables

(c:/texlive/2025/texmf-dist/tex/latex/tabulary/tabulary.sty
Package: tabulary 2024/06/04 v0.11 tabulary package (DPC)

(c:/texlive/2025/texmf-dist/tex/latex/tools/array.sty
Package: array 2025/09/25 v2.6n Tabular extension package (FMi)
\col@sep=\dimen294
\ar@mcellbox=\box115
\extrarowheight=\dimen295
\NC@list=\toks28
\extratabsurround=\skip71
\backup@length=\skip72
\ar@cellbox=\box116
)
\TY@count=\count338
\TY@linewidth=\dimen296
\tymin=\dimen297
\tymax=\dimen298
\TY@tablewidth=\dimen299
)
(c:/texlive/2025/texmf-dist/tex/latex/tools/longtable.sty
Package: longtable 2025-10-13 v4.24 Multi-page Table package (DPC)
\LTleft=\skip73
\LTright=\skip74
\LTpre=\skip75
\LTpost=\skip76
\LTchunksize=\count339
\LTcapwidth=\dimen300
\LT@head=\box117
\LT@firsthead=\box118
\LT@foot=\box119
\LT@lastfoot=\box120
\LT@gbox=\box121
\LT@cols=\count340
\LT@rows=\count341
\c@LT@tables=\count342
\c@LT@chunks=\count343
\LT@p@ftn=\toks29
)
(c:/texlive/2025/texmf-dist/tex/latex/varwidth/varwidth.sty
Package: varwidth 2009/03/30 ver 0.92;  Variable-width minipages
\@vwid@box=\box122
\sift@deathcycles=\count344
\@vwid@loff=\dimen301
\@vwid@roff=\dimen302
)
==> First Aid for varwidth.sty applied!
\sphinx@TY@tablewidth=\dimen303
(c:/texlive/2025/texmf-dist/tex/latex/colortbl/colortbl.sty
Package: colortbl 2024/10/29 v1.0k Color table columns (DPC)
\everycr=\toks30
\minrowclearance=\skip77
\rownum=\count345
)
(c:/texlive/2025/texmf-dist/tex/latex/booktabs/booktabs.sty
Package: booktabs 2020/01/12 v1.61803398 Publication quality tables
\heavyrulewidth=\dimen304
\lightrulewidth=\dimen305
\cmidrulewidth=\dimen306
\belowrulesep=\dimen307
\belowbottomsep=\dimen308
\aboverulesep=\dimen309
\abovetopsep=\dimen310
\cmidrulesep=\dimen311
\cmidrulekern=\dimen312
\defaultaddspace=\dimen313
\@cmidla=\count346
\@cmidlb=\count347
\@aboverulesep=\dimen314
\@belowrulesep=\dimen315
\@thisruleclass=\count348
\@lastruleclass=\count349
\@thisrulewidth=\dimen316
))
(./sphinxlatexnumfig.sty
Package: sphinxlatexnumfig 2024/07/31 v8.1.0 numbering
) (./sphinxlatexlists.sty
Package: sphinxlatexlists 2021/12/20 lists
\spx@lineitemlabel=\toks31
)
\c@sphinxscope=\count350
 (./sphinxlatexindbibtoc.sty
Package: sphinxlatexindbibtoc 2021/01/27 index, bib., toc

(c:/texlive/2025/texmf-dist/tex/latex/base/makeidx.sty
Package: makeidx 2021/10/04 v1.0m Standard LaTeX package
))
(./sphinxlatexstylepage.sty
Package: sphinxlatexstylepage 2021/01/27 page styling

(c:/texlive/2025/texmf-dist/tex/latex/parskip/parskip.sty
Package: parskip 2021-03-14 v2.0h non-zero parskip adjustments

(c:/texlive/2025/texmf-dist/tex/latex/etoolbox/etoolbox.sty
Package: etoolbox 2025/10/02 v2.5m e-TeX tools for LaTeX (JAW)
\etb@tempcnta=\count351
))
(c:/texlive/2025/texmf-dist/tex/latex/fancyhdr/fancyhdr.sty
Package: fancyhdr 2025/02/07 v5.2 Extensive control of page headers and footers

\f@nch@headwidth=\skip78
\f@nch@offset@elh=\skip79
\f@nch@offset@erh=\skip80
\f@nch@offset@olh=\skip81
\f@nch@offset@orh=\skip82
\f@nch@offset@elf=\skip83
\f@nch@offset@erf=\skip84
\f@nch@offset@olf=\skip85
\f@nch@offset@orf=\skip86
\f@nch@height=\skip87
\f@nch@footalignment=\skip88
\f@nch@widthL=\skip89
\f@nch@widthC=\skip90
\f@nch@widthR=\skip91
\@temptokenb=\toks32
))
(./sphinxlatexstyleheadings.sty
Package: sphinxlatexstyleheadings 2023/02/11 headings

(c:/texlive/2025/texmf-dist/tex/latex/titlesec/titlesec.sty
Package: titlesec 2025/01/04 v2.17 Sectioning titles
\ttl@box=\box123
\beforetitleunit=\skip92
\aftertitleunit=\skip93
\ttl@plus=\dimen317
\ttl@minus=\dimen318
\ttl@toksa=\toks33
\titlewidth=\dimen319
\titlewidthlast=\dimen320
\titlewidthfirst=\dimen321
))
(./sphinxlatexstyletext.sty
Package: sphinxlatexstyletext 2025/05/24 v9.0.0 text styling
) (./sphinxlatexobjects.sty
Package: sphinxlatexobjects 2025/06/06 documentation environments
\sphinxsignaturesep=\skip94
\sphinxsignaturelistskip=\skip95
\py@argswidth=\skip96
\lineblockindentation=\skip97
\DUlineblockindent=\skip98
)
\sphinxvwdimen=\dimen322
\sphinxvhdimen=\dimen323
\sphinxvmindimen=\dimen324
\sphinxvmaxdimen=\dimen325
\sphinxQdimen=\dimen326
)
(c:/texlive/2025/texmf-dist/tex/latex/geometry/geometry.sty
Package: geometry 2020/01/02 v5.9 Page Geometry

(c:/texlive/2025/texmf-dist/tex/generic/iftex/ifvtex.sty
Package: ifvtex 2019/10/25 v1.7 ifvtex legacy package. Use iftex instead.

(c:/texlive/2025/texmf-dist/tex/generic/iftex/iftex.sty
Package: iftex 2024/12/12 v1.0g TeX engine tests
))
\Gm@cnth=\count352
\Gm@cntv=\count353
\c@Gm@tempcnt=\count354
\Gm@bindingoffset=\dimen327
\Gm@wd@mp=\dimen328
\Gm@odd@mp=\dimen329
\Gm@even@mp=\dimen330
\Gm@layoutwidth=\dimen331
\Gm@layoutheight=\dimen332
\Gm@layouthoffset=\dimen333
\Gm@layoutvoffset=\dimen334
\Gm@dimlist=\toks34
)
(c:/texlive/2025/texmf-dist/tex/latex/hyperref/hyperref.sty
Package: hyperref 2026-01-29 v7.01p Hypertext links for LaTeX

(c:/texlive/2025/texmf-dist/tex/generic/kvdefinekeys/kvdefinekeys.sty
Package: kvdefinekeys 2019-12-19 v1.6 Define keys (HO)
)
(c:/texlive/2025/texmf-dist/tex/generic/pdfescape/pdfescape.sty
Package: pdfescape 2019/12/09 v1.15 Implements pdfTeX's escape features (HO)

(c:/texlive/2025/texmf-dist/tex/generic/pdftexcmds/pdftexcmds.sty
Package: pdftexcmds 2020-06-27 v0.33 Utility functions of pdfTeX for LuaTeX (HO
)

(c:/texlive/2025/texmf-dist/tex/generic/infwarerr/infwarerr.sty
Package: infwarerr 2019/12/03 v1.5 Providing info/warning/error messages (HO)
)
Package pdftexcmds Info: \pdf@primitive is available.
Package pdftexcmds Info: \pdf@ifprimitive is available.
Package pdftexcmds Info: \pdfdraftmode not found.
))
(c:/texlive/2025/texmf-dist/tex/latex/hycolor/hycolor.sty
Package: hycolor 2020-01-27 v1.10 Color options for hyperref/bookmark (HO)
)
(c:/texlive/2025/texmf-dist/tex/latex/hyperref/nameref.sty
Package: nameref 2026-01-29 v2.58 Cross-referencing by name of section

(c:/texlive/2025/texmf-dist/tex/latex/refcount/refcount.sty
Package: refcount 2019/12/15 v3.6 Data extraction from label references (HO)
)
(c:/texlive/2025/texmf-dist/tex/generic/gettitlestring/gettitlestring.sty
Package: gettitlestring 2019/12/15 v1.6 Cleanup title references (HO)
)
\c@section@level=\count355
)
(c:/texlive/2025/texmf-dist/tex/generic/stringenc/stringenc.sty
Package: stringenc 2019/11/29 v1.12 Convert strings between diff. encodings (HO
)
)
\@linkdim=\dimen335
\Hy@linkcounter=\count356
\Hy@pagecounter=\count357

(c:/texlive/2025/texmf-dist/tex/latex/hyperref/pd1enc.def
File: pd1enc.def 2026-01-29 v7.01p Hyperref: PDFDocEncoding definition (HO)
)
(c:/texlive/2025/texmf-dist/tex/generic/intcalc/intcalc.sty
Package: intcalc 2019/12/15 v1.3 Expandable calculations with integers (HO)
)
\Hy@SavedSpaceFactor=\count358

(c:/texlive/2025/texmf-dist/tex/latex/hyperref/puenc.def
File: puenc.def 2026-01-29 v7.01p Hyperref: PDF Unicode definition (HO)
)
Package hyperref Info: Option `hyperindex' set `false' on input line 4072.
Package hyperref Info: Option `unicode' set `true' on input line 4072.
Package hyperref Info: Option `colorlinks' set `true' on input line 4072.
Package hyperref Info: Option `breaklinks' set `true' on input line 4072.
Package hyperref Info: Hyper figures OFF on input line 4201.
Package hyperref Info: Link nesting OFF on input line 4206.
Package hyperref Info: Hyper index OFF on input line 4211.
Package hyperref Info: Plain pages OFF on input line 4216.
Package hyperref Info: Backreferencing OFF on input line 4221.
Package hyperref Info: Implicit mode ON; LaTeX internals redefined.
Package hyperref Info: Bookmarks ON on input line 4468.
\c@Hy@tempcnt=\count359

(c:/texlive/2025/texmf-dist/tex/latex/url/url.sty
\Urlmuskip=\muskip18
Package: url 2013/09/16  ver 3.4  Verb mode for urls, etc.
)
LaTeX Info: Redefining \url on input line 4807.
\XeTeXLinkMargin=\dimen336

(c:/texlive/2025/texmf-dist/tex/generic/bitset/bitset.sty
Package: bitset 2019/12/09 v1.3 Handle bit-vector datatype (HO)

(c:/texlive/2025/texmf-dist/tex/generic/bigintcalc/bigintcalc.sty
Package: bigintcalc 2019/12/15 v1.5 Expandable calculations on big integers (HO
)
))
\Fld@menulength=\count360
\Field@Width=\dimen337
\Fld@charsize=\dimen338
Package hyperref Info: Hyper figures OFF on input line 6084.
Package hyperref Info: Link nesting OFF on input line 6089.
Package hyperref Info: Hyper index OFF on input line 6094.
Package hyperref Info: backreferencing OFF on input line 6099.
Package hyperref Info: Link coloring ON on input line 6102.
Package hyperref Info: Link coloring with OCG OFF on input line 6109.
Package hyperref Info: PDF/A mode OFF on input line 6114.
\Hy@abspage=\count361
\c@Item=\count362
\c@Hfootnote=\count363
)
Package hyperref Info: Driver (autodetected): hxetex.

(c:/texlive/2025/texmf-dist/tex/latex/hyperref/hxetex.def
File: hxetex.def 2026-01-29 v7.01p Hyperref driver for XeTeX
\pdfm@box=\box124
\c@Hy@AnnotLevel=\count364
\HyField@AnnotCount=\count365
\Fld@listcount=\count366
\c@bookmark@seq@number=\count367

(c:/texlive/2025/texmf-dist/tex/latex/rerunfilecheck/rerunfilecheck.sty
Package: rerunfilecheck 2025-06-21 v1.11 Rerun checks for auxiliary files (HO)

(c:/texlive/2025/texmf-dist/tex/generic/uniquecounter/uniquecounter.sty
Package: uniquecounter 2019/12/15 v1.4 Provide unlimited unique counter (HO)
)
Package uniquecounter Info: New unique counter `rerunfilecheck' on input line 2
84.
)
\Hy@SectionHShift=\skip99
)
(c:/texlive/2025/texmf-dist/tex/latex/hypcap/hypcap.sty
Package: hypcap 2024-07-26 v1.13 Adjusting the anchors of captions (HO)

(c:/texlive/2025/texmf-dist/tex/latex/letltxmacro/letltxmacro.sty
Package: letltxmacro 2019/12/03 v1.6 Let assignment for LaTeX macros (HO)
))
(./sphinxmessages.sty
Package: sphinxmessages 2019/01/04 v2.0 Localized LaTeX macros (Sphinx team)
)

Package fontspec Info: 
(fontspec)             Script 'CJK' not explicitly supported within font
(fontspec)             'FandolSong'. Check the typeset output, and if it is
(fontspec)             okay then ignore this warning. Otherwise a different
(fontspec)             font should be chosen.


Package fontspec Info: 
(fontspec)             Could not resolve font "FandolSong/I" (it probably
(fontspec)             doesn't exist).


Package fontspec Info: 
(fontspec)             Font family 'FandolSong(0)' created for font
(fontspec)             'FandolSong' with options [Script={CJK}].
(fontspec)              
(fontspec)              This font family consists of the following NFSS
(fontspec)             series/shapes:
(fontspec)              
(fontspec)             - 'normal' (m/n) with NFSS spec.:
(fontspec)             <->"FandolSong/OT:script=hani;language=dflt;"
(fontspec)             - 'bold' (b/n) with NFSS spec.:
(fontspec)             <->"FandolSong/B/OT:script=hani;language=dflt;"
(fontspec)             - 'bold italic' (b/it) with NFSS spec.:
(fontspec)             <->"FandolSong/BI/OT:script=hani;language=dflt;"

\@indexfile=\write4
\openout4 = `mtdatapro.idx'.


Writing index file mtdatapro.idx

LaTeX Warning: Unused global option(s):
    [a4].

(./mtdatapro.aux)
\openout1 = `mtdatapro.aux'.

LaTeX Font Info:    Checking defaults for OML/cmm/m/it on input line 92.
LaTeX Font Info:    ... okay on input line 92.
LaTeX Font Info:    Checking defaults for OMS/cmsy/m/n on input line 92.
LaTeX Font Info:    ... okay on input line 92.
LaTeX Font Info:    Checking defaults for OT1/cmr/m/n on input line 92.
LaTeX Font Info:    ... okay on input line 92.
LaTeX Font Info:    Checking defaults for T1/cmr/m/n on input line 92.
LaTeX Font Info:    ... okay on input line 92.
LaTeX Font Info:    Checking defaults for TS1/cmr/m/n on input line 92.
LaTeX Font Info:    ... okay on input line 92.
LaTeX Font Info:    Checking defaults for TU/lmr/m/n on input line 92.
LaTeX Font Info:    ... okay on input line 92.
LaTeX Font Info:    Checking defaults for OMX/cmex/m/n on input line 92.
LaTeX Font Info:    ... okay on input line 92.
LaTeX Font Info:    Checking defaults for U/cmr/m/n on input line 92.
LaTeX Font Info:    ... okay on input line 92.
LaTeX Font Info:    Checking defaults for PD1/pdf/m/n on input line 92.
LaTeX Font Info:    ... okay on input line 92.
LaTeX Font Info:    Checking defaults for PU/pdf/m/n on input line 92.
LaTeX Font Info:    ... okay on input line 92.

Package fontspec Info: 
(fontspec)             Adjusting the maths setup (use [no-math] to avoid
(fontspec)             this).

\symlegacymaths=\mathgroup6
LaTeX Font Info:    Overwriting symbol font `legacymaths' in version `bold'
(Font)                  OT1/cmr/m/n --> OT1/cmr/bx/n on input line 92.
LaTeX Font Info:    Redeclaring math accent \acute on input line 92.
LaTeX Font Info:    Redeclaring math accent \grave on input line 92.
LaTeX Font Info:    Redeclaring math accent \ddot on input line 92.
LaTeX Font Info:    Redeclaring math accent \tilde on input line 92.
LaTeX Font Info:    Redeclaring math accent \bar on input line 92.
LaTeX Font Info:    Redeclaring math accent \breve on input line 92.
LaTeX Font Info:    Redeclaring math accent \check on input line 92.
LaTeX Font Info:    Redeclaring math accent \hat on input line 92.
LaTeX Font Info:    Redeclaring math accent \dot on input line 92.
LaTeX Font Info:    Redeclaring math accent \mathring on input line 92.
LaTeX Font Info:    Redeclaring math symbol \Gamma on input line 92.
LaTeX Font Info:    Redeclaring math symbol \Delta on input line 92.
LaTeX Font Info:    Redeclaring math symbol \Theta on input line 92.
LaTeX Font Info:    Redeclaring math symbol \Lambda on input line 92.
LaTeX Font Info:    Redeclaring math symbol \Xi on input line 92.
LaTeX Font Info:    Redeclaring math symbol \Pi on input line 92.
LaTeX Font Info:    Redeclaring math symbol \Sigma on input line 92.
LaTeX Font Info:    Redeclaring math symbol \Upsilon on input line 92.
LaTeX Font Info:    Redeclaring math symbol \Phi on input line 92.
LaTeX Font Info:    Redeclaring math symbol \Psi on input line 92.
LaTeX Font Info:    Redeclaring math symbol \Omega on input line 92.
LaTeX Font Info:    Redeclaring math symbol \mathdollar on input line 92.
LaTeX Font Info:    Redeclaring symbol font `operators' on input line 92.
LaTeX Font Info:    Encoding `OT1' has changed to `TU' for symbol font
(Font)              `operators' in the math version `normal' on input line 92.
LaTeX Font Info:    Overwriting symbol font `operators' in version `normal'
(Font)                  OT1/cmr/m/n --> TU/FreeSerif(0)/m/n on input line 92.
LaTeX Font Info:    Encoding `OT1' has changed to `TU' for symbol font
(Font)              `operators' in the math version `bold' on input line 92.
LaTeX Font Info:    Overwriting symbol font `operators' in version `bold'
(Font)                  OT1/cmr/bx/n --> TU/FreeSerif(0)/m/n on input line 92.
LaTeX Font Info:    Overwriting symbol font `operators' in version `normal'
(Font)                  TU/FreeSerif(0)/m/n --> TU/FreeSerif(0)/m/n on input li
ne 92.
LaTeX Font Info:    Overwriting math alphabet `\mathit' in version `normal'
(Font)                  OT1/cmr/m/it --> TU/FreeSerif(0)/m/it on input line 92.

LaTeX Font Info:    Overwriting math alphabet `\mathbf' in version `normal'
(Font)                  OT1/cmr/bx/n --> TU/FreeSerif(0)/b/n on input line 92.
LaTeX Font Info:    Overwriting math alphabet `\mathsf' in version `normal'
(Font)                  OT1/cmss/m/n --> TU/FreeSans(0)/m/n on input line 92.
LaTeX Font Info:    Overwriting math alphabet `\mathtt' in version `normal'
(Font)                  OT1/cmtt/m/n --> TU/FreeMono(0)/m/n on input line 92.
LaTeX Font Info:    Overwriting symbol font `operators' in version `bold'
(Font)                  TU/FreeSerif(0)/m/n --> TU/FreeSerif(0)/b/n on input li
ne 92.
LaTeX Font Info:    Overwriting math alphabet `\mathit' in version `bold'
(Font)                  OT1/cmr/bx/it --> TU/FreeSerif(0)/b/it on input line 92
.
LaTeX Font Info:    Overwriting math alphabet `\mathsf' in version `bold'
(Font)                  OT1/cmss/bx/n --> TU/FreeSans(0)/b/n on input line 92.
LaTeX Font Info:    Overwriting math alphabet `\mathtt' in version `bold'
(Font)                  OT1/cmtt/m/n --> TU/FreeMono(0)/b/n on input line 92.

(c:/texlive/2025/texmf-dist/tex/latex/fontawesome7/fontawesome7.sty
Package: fontawesome7 2025/11/02 v7.1.0-1 Font Awesome 7

(c:/texlive/2025/texmf-dist/tex/latex/l3packages/l3keys2e/l3keys2e.sty
Package: l3keys2e 2025-10-09 LaTeX2e option processing using LaTeX3 keys
)
(c:/texlive/2025/texmf-dist/tex/latex/fontawesome7/fontawesome7-utex-helper.sty
Package: fontawesome7-utex-helper 2025/11/02 v7.1.0-1 uTeX helper for fontaweso
me7
LaTeX Font Info:    Trying to load font information for TU+fontawesome7free on 
input line 63.
(c:/texlive/2025/texmf-dist/tex/latex/fontawesome7/tufontawesome7free.fd)
LaTeX Font Info:    Trying to load font information for TU+fontawesome7brands o
n input line 64.

(c:/texlive/2025/texmf-dist/tex/latex/fontawesome7/tufontawesome7brands.fd)))
\c@literalblock=\count368

*geometry* driver: auto-detecting
*geometry* detected driver: xetex
*geometry* verbose mode - [ preamble ] result:
* driver: xetex
* paper: <default>
* layout: <same size as paper>
* layoutoffset:(h,v)=(0.0pt,0.0pt)
* modes: twoside 
* h-part:(L,W,R)=(72.26999pt, 469.75502pt, 72.26999pt)
* v-part:(T,H,B)=(72.26999pt, 650.43001pt, 72.26999pt)
* \paperwidth=614.295pt
* \paperheight=794.96999pt
* \textwidth=469.75502pt
* \textheight=650.43001pt
* \oddsidemargin=0.0pt
* \evensidemargin=0.0pt
* \topmargin=-37.0pt
* \headheight=12.0pt
* \headsep=25.0pt
* \topskip=10.0pt
* \footskip=30.0pt
* \marginparwidth=36.135pt
* \marginparsep=11.0pt
* \columnsep=10.0pt
* \skip\footins=9.0pt plus 4.0pt minus 2.0pt
* \hoffset=0.0pt
* \voffset=0.0pt
* \mag=1000
* \@twocolumnfalse
* \@twosidetrue
* \@mparswitchtrue
* \@reversemarginfalse
* (1in=72.27pt=25.4mm, 1cm=28.453pt)

Package hyperref Info: Link coloring ON on input line 92.
(./mtdatapro.out) (./mtdatapro.out)
\@outlinefile=\write5
\openout5 = `mtdatapro.out'.

Package hyperref Info: Option `pageanchor' set `false' on input line 100.

Package fontspec Info: 
(fontspec)             Script 'CJK' not explicitly supported within font
(fontspec)             'FandolHei'. Check the typeset output, and if it is
(fontspec)             okay then ignore this warning. Otherwise a different
(fontspec)             font should be chosen.


Package fontspec Info: 
(fontspec)             Could not resolve font "FandolHei/I" (it probably
(fontspec)             doesn't exist).


Package fontspec Info: 
(fontspec)             Font family 'FandolHei(0)' created for font 'FandolHei'
(fontspec)             with options [Script={CJK}].
(fontspec)              
(fontspec)              This font family consists of the following NFSS
(fontspec)             series/shapes:
(fontspec)              
(fontspec)             - 'normal' (m/n) with NFSS spec.:
(fontspec)             <->"FandolHei/OT:script=hani;language=dflt;"
(fontspec)             - 'bold' (b/n) with NFSS spec.:
(fontspec)             <->"FandolHei/B/OT:script=hani;language=dflt;"
(fontspec)             - 'bold italic' (b/it) with NFSS spec.:
(fontspec)             <->"FandolHei/BI/OT:script=hani;language=dflt;"

LaTeX Font Info:    Trying to load font information for U+msa on input line 100
.

(c:/texlive/2025/texmf-dist/tex/latex/amsfonts/umsa.fd
File: umsa.fd 2013/01/14 v3.01 AMS symbols A
)
LaTeX Font Info:    Trying to load font information for U+msb on input line 100
.

(c:/texlive/2025/texmf-dist/tex/latex/amsfonts/umsb.fd
File: umsb.fd 2013/01/14 v3.01 AMS symbols B
) [1

] [2


]
(./mtdatapro.toc [1

]
Missing character: There is no ️ (U+FE0F) in font FandolSong/OT:script=hani;lan
guage=dflt;!
Missing character: There is no 📂 (U+1F4C2) in font [FreeSerif.otf]/OT:script=la
tn;language=dflt;mapping=tex-text;!
[2]
Missing character: There is no 🎯 (U+1F3AF) in font [FreeSerif.otf]/OT:script=la
tn;language=dflt;mapping=tex-text;!
Missing character: There is no 🔬 (U+1F52C) in font [FreeSerif.otf]/OT:script=la
tn;language=dflt;mapping=tex-text;!
Missing character: There is no 🖥 (U+1F5A5) in font [FreeSerif.otf]/OT:script=la
tn;language=dflt;mapping=tex-text;!
Missing character: There is no ️ (U+FE0F) in font FandolSong/OT:script=hani;lan
guage=dflt;!
Missing character: There is no 📈 (U+1F4C8) in font [FreeSerif.otf]/OT:script=la
tn;language=dflt;mapping=tex-text;!
Missing character: There is no 📏 (U+1F4CF) in font [FreeSerif.otf]/OT:script=la
tn;language=dflt;mapping=tex-text;!
Missing character: There is no 🤖 (U+1F916) in font [FreeSerif.otf]/OT:script=la
tn;language=dflt;mapping=tex-text;!
Missing character: There is no 📐 (U+1F4D0) in font [FreeSerif.otf]/OT:script=la
tn;language=dflt;mapping=tex-text;!
Missing character: There is no 🧠 (U+1F9E0) in font [FreeSerif.otf]/OT:script=la
tn;language=dflt;mapping=tex-text;!
Missing character: There is no 🎯 (U+1F3AF) in font [FreeSerif.otf]/OT:script=la
tn;language=dflt;mapping=tex-text;!
Missing character: There is no 🚀 (U+1F680) in font [FreeSerif.otf]/OT:script=la
tn;language=dflt;mapping=tex-text;!
Missing character: There is no 🌐 (U+1F310) in font [FreeSerif.otf]/OT:script=la
tn;language=dflt;mapping=tex-text;!
Missing character: There is no 🔄 (U+1F504) in font [FreeSerif.otf]/OT:script=la
tn;language=dflt;mapping=tex-text;!
Missing character: There is no 🧬 (U+1F9EC) in font [FreeSerif.otf]/OT:script=la
tn;language=dflt;mapping=tex-text;!
Missing character: There is no 🛠 (U+1F6E0) in font [FreeSerif.otf]/OT:script=la
tn;language=dflt;mapping=tex-text;!
Missing character: There is no ️ (U+FE0F) in font FandolSong/OT:script=hani;lan
guage=dflt;!
Missing character: There is no 💡 (U+1F4A1) in font [FreeSerif.otf]/OT:script=la
tn;language=dflt;mapping=tex-text;!
Missing character: There is no 🖥 (U+1F5A5) in font [FreeSerif.otf]/OT:script=la
tn;language=dflt;mapping=tex-text;!
Missing character: There is no ️ (U+FE0F) in font FandolSong/OT:script=hani;lan
guage=dflt;!
Missing character: There is no 📊 (U+1F4CA) in font [FreeSerif.otf]/OT:script=la
tn;language=dflt;mapping=tex-text;!
Missing character: There is no 📈 (U+1F4C8) in font [FreeSerif.otf]/OT:script=la
tn;language=dflt;mapping=tex-text;!
Missing character: There is no 📻 (U+1F4FB) in font [FreeSerif.otf]/OT:script=la
tn;language=dflt;mapping=tex-text;!
Missing character: There is no 🗺 (U+1F5FA) in font [FreeSerif.otf]/OT:script=la
tn;language=dflt;mapping=tex-text;!
Missing character: There is no ️ (U+FE0F) in font FandolSong/OT:script=hani;lan
guage=dflt;!
Missing character: There is no 📉 (U+1F4C9) in font [FreeSerif.otf]/OT:script=la
tn;language=dflt;mapping=tex-text;!
Missing character: There is no 📡 (U+1F4E1) in font [FreeSerif.otf]/OT:script=la
tn;language=dflt;mapping=tex-text;!
Missing character: There is no 🧵 (U+1F9F5) in font [FreeSerif.otf]/OT:script=la
tn;language=dflt;mapping=tex-text;!
Missing character: There is no 🔬 (U+1F52C) in font [FreeSerif.otf]/OT:script=la
tn;language=dflt;mapping=tex-text;!
[3] [4])
\tf@toc=\write6
\openout6 = `mtdatapro.toc'.

 [5] [6

]
Chapter 1.
[1

]

LaTeX Font Warning: Font shape `TU/FandolSong(0)/m/it' undefined
(Font)              using `TU/FandolSong(0)/m/n' instead on input line 258.


Package fontspec Info: 
(fontspec)             Script 'CJK' not explicitly supported within font
(fontspec)             'FandolFang'. Check the typeset output, and if it is
(fontspec)             okay then ignore this warning. Otherwise a different
(fontspec)             font should be chosen.


Package fontspec Info: 
(fontspec)             Could not resolve font "FandolFang/BI" (it probably
(fontspec)             doesn't exist).


Package fontspec Info: 
(fontspec)             Could not resolve font "FandolFang/B" (it probably
(fontspec)             doesn't exist).


Package fontspec Info: 
(fontspec)             Could not resolve font "FandolFang/I" (it probably
(fontspec)             doesn't exist).

LaTeX Font Info:    Font shape `TU/FreeMono(0)/m/n' will be
(Font)              scaled to size 8.99994pt on input line 338.

Package fontspec Info: 
(fontspec)             Font family 'FandolFang(0)' created for font
(fontspec)             'FandolFang' with options [Script={CJK}].
(fontspec)              
(fontspec)              This font family consists of the following NFSS
(fontspec)             series/shapes:
(fontspec)              
(fontspec)             - 'normal' (m/n) with NFSS spec.:
(fontspec)             <->"FandolFang/OT:script=hani;language=dflt;"

LaTeX Font Info:    Font shape `TU/FreeMono(0)/m/n' will be
(Font)              scaled to size 8.09995pt on input line 338.
LaTeX Font Info:    Font shape `TU/FreeMono(0)/m/n' will be
(Font)              scaled to size 4.49997pt on input line 338.
LaTeX Font Info:    Font shape `TU/FreeMono(0)/b/n' will be
(Font)              scaled to size 8.09995pt on input line 339.
[2] [3] [4

]
Chapter 2.
[5] [6] [7] [8

]
Chapter 3.
[9] [10] [11] [12

]
Chapter 4.
[13] [14]
Missing character: There is no 🔧 (U+1F527) in font [FreeSerifBold.otf]/OT:scrip
t=latn;language=dflt;mapping=tex-text;!
ignored error: Infinite glue shrinkage found in box being split [15]
ignored error: Infinite glue shrinkage found in box being split [16]
Missing character: There is no ️ (U+FE0F) in font FandolSong/OT:script=hani;lan
guage=dflt;!

Underfull \hbox (badness 10000) in paragraph at lines 2684--2684
[]\TU/FandolHei(0)/m/n/10 功
 []


Underfull \hbox (badness 10000) in paragraph at lines 2684--2684
[]\TU/FandolSong(0)/m/n/10 编
 []


Underfull \hbox (badness 10000) in paragraph at lines 2684--2684
[]\TU/FandolSong(0)/m/n/10 删
 []

Missing character: There is no ️ (U+FE0F) in font FandolSong/OT:script=hani;lan
guage=dflt;!

Underfull \hbox (badness 10000) in paragraph at lines 2684--2684
[]\TU/FandolSong(0)/m/n/10 复
 []

[17]
Underfull \hbox (badness 10000) in paragraph at lines 2777--2777
[]\TU/FreeSerif(0)/m/n/10 Phoenix
 []


Underfull \hbox (badness 10000) in paragraph at lines 2777--2777
\TU/FreeSerif(0)/m/n/10 TS \TU/FandolSong(0)/m/n/10 转
 []


Underfull \hbox (badness 10000) detected at line 2777
\TU/FreeSerif(0)/m/n/10 TS \TU/FandolSong(0)/m/n/10 转
 []


Underfull \hbox (badness 10000) in paragraph at lines 2777--2777
[]\TU/FandolSong(0)/m/n/10 需 要 先 导 入
 []


Underfull \hbox (badness 10000) detected at line 2777
[]\TU/FandolSong(0)/m/n/10 需 要 先 导 入
 []


Underfull \hbox (badness 10000) in paragraph at lines 3026--3026
[]\TU/FandolSong(0)/m/n/10 导 出
 []


Underfull \hbox (badness 10000) in paragraph at lines 3026--3026
[]\TU/FandolSong(0)/m/n/10 导 出 \TU/FreeSerif(0)/m/n/10 Google Earth
 []


Underfull \hbox (badness 10000) in paragraph at lines 3026--3026
[]\TU/FandolSong(0)/m/n/10 导 出
 []


Underfull \hbox (badness 10000) in paragraph at lines 3026--3026
\TU/FreeSerif(0)/m/n/10 Omap-
 []


Underfull \hbox (badness 10000) detected at line 3026
[]\TU/FandolSong(0)/m/n/10 导 出
 []


Underfull \hbox (badness 10000) in paragraph at lines 3083--3083
[]\TU/FandolSong(0)/m/n/10 更 新
 []

[18]
Missing character: There is no 📁 (U+1F4C1) in font [FreeSansBold.otf]/OT:script
=latn;language=dflt;mapping=tex-text;!

Underfull \hbox (badness 10000) in paragraph at lines 3390--3390
[]\TU/FandolSong(0)/m/n/10 从 目
 []


Underfull \hbox (badness 10000) in paragraph at lines 3390--3390
\TU/FandolSong(0)/m/n/10 录 加 载
 []


Underfull \hbox (badness 10000) detected at line 3390
[]\TU/FandolSong(0)/m/n/10 从 目
 []


Underfull \hbox (badness 10000) in paragraph at lines 3390--3390
[]\TU/FandolSong(0)/m/n/10 自 动 识 别
 []


Underfull \hbox (badness 10000) detected at line 3390
[]\TU/FandolSong(0)/m/n/10 自 动 识 别
 []


Underfull \hbox (badness 10000) in paragraph at lines 3390--3390
[]\TU/FandolSong(0)/m/n/10 加 载
 []


Underfull \hbox (badness 10000) detected at line 3390
[]\TU/FandolSong(0)/m/n/10 加 载
 []


Underfull \hbox (badness 10000) in paragraph at lines 3390--3390
[]\TU/FandolSong(0)/m/n/10 需 要
 []


Underfull \hbox (badness 10000) in paragraph at lines 3390--3390
\TU/FreeSerif(0)/m/n/10 recmeta.json
 []


Underfull \hbox (badness 10000) detected at line 3390
[]\TU/FandolSong(0)/m/n/10 需 要
 []


Underfull \hbox (badness 10000) in paragraph at lines 3390--3390
[]\TU/FandolSong(0)/m/n/10 加 载
 []


Underfull \hbox (badness 10000) in paragraph at lines 3390--3390
\TU/FreeSerif(0)/m/n/10 KML \TU/FandolSong(0)/m/n/10 坐
 []


Underfull \hbox (badness 10000) detected at line 3390
[]\TU/FandolSong(0)/m/n/10 加 载
 []


Underfull \hbox (badness 10000) in paragraph at lines 3618--3618
[]\TU/FandolSong(0)/m/n/10 例 如：|  添
 []


Underfull \hbox (badness 10000) in paragraph at lines 3618--3618
\TU/FandolSong(0)/m/n/10 加\TU/FreeSerif(0)/m/n/10 ”Line1_” \TU/FandolSong(0)/m/
n/10 前
 []


Underfull \hbox (badness 10000) detected at line 3618
[]\TU/FandolSong(0)/m/n/10 例 如：|  添
 []

[19]
Underfull \hbox (badness 10000) in paragraph at lines 3841--3841
[]\TU/FreeSerif(0)/m/n/10 Phoenix
 []


Underfull \hbox (badness 10000) detected at line 3841
[]\TU/FreeSerif(0)/m/n/10 Phoenix
 []


Underfull \hbox (badness 10000) in paragraph at lines 3841--3841
[]\TU/FreeSerif(0)/m/n/10 Phoenix Robust
 []


Underfull \hbox (badness 10000) in paragraph at lines 3841--3841
[]\TU/FandolSong(0)/m/n/10 仅 适 用 于
 []


Underfull \hbox (badness 10000) detected at line 3841
[]\TU/FandolSong(0)/m/n/10 仅 适 用 于
 []


Underfull \hbox (badness 10000) in paragraph at lines 3841--3841
[]\TU/FreeSerif(0)/m/n/10 Phoenix
 []


Underfull \hbox (badness 10000) detected at line 3841
[]\TU/FreeSerif(0)/m/n/10 Phoenix
 []

Missing character: There is no 📊 (U+1F4CA) in font [FreeSerifBold.otf]/OT:scrip
t=latn;language=dflt;mapping=tex-text;!
Missing character: There is no 📊 (U+1F4CA) in font [FreeSerifBold.otf]/OT:scrip
t=latn;language=dflt;mapping=tex-text;!

Underfull \hbox (badness 5217) in paragraph at lines 4168--4168
[]\TU/FandolSong(0)/m/n/10 导 出 参 数\TU/FreeSerif(0)/m/n/10 /\TU/FandolSong(0)/m/
n/10 相 位 张
 []


Underfull \hbox (badness 10000) in paragraph at lines 4168--4168
[]\TU/FandolSong(0)/m/n/10 导 出
 []


Underfull \hbox (badness 10000) detected at line 4168
[]\TU/FandolSong(0)/m/n/10 导 出
 []


Underfull \hbox (badness 10000) in paragraph at lines 4168--4168
[]\TU/FandolSong(0)/m/n/10 导 出
 []


Underfull \hbox (badness 10000) detected at line 4168
[]\TU/FandolSong(0)/m/n/10 导 出
 []


Underfull \hbox (badness 10000) in paragraph at lines 4168--4168
[]\TU/FandolSong(0)/m/n/10 导 出
 []


Underfull \hbox (badness 10000) in paragraph at lines 4168--4168
\TU/FreeSerif(0)/m/n/10 MT-
 []


Underfull \hbox (badness 10000) detected at line 4168
\TU/FreeSerif(0)/m/n/10 MT-
 []


Underfull \hbox (badness 10000) detected at line 4168
[]\TU/FandolSong(0)/m/n/10 导 出
 []


Underfull \hbox (badness 10000) in paragraph at lines 4168--4168
[]\TU/FandolSong(0)/m/n/10 导 出
 []


Underfull \hbox (badness 10000) in paragraph at lines 4168--4168
[]\TU/FandolSong(0)/m/n/10 导 出
 []


Underfull \hbox (badness 10000) in paragraph at lines 4168--4168
[]\TU/FandolSong(0)/m/n/10 导 出 \TU/FreeSerif(0)/m/n/10 Google Earth
 []


Underfull \hbox (badness 10000) in paragraph at lines 4168--4168
[]\TU/FandolSong(0)/m/n/10 导 出
 []


Underfull \hbox (badness 10000) in paragraph at lines 4168--4168
\TU/FreeSerif(0)/m/n/10 Omap-
 []


Underfull \hbox (badness 10000) detected at line 4168
[]\TU/FandolSong(0)/m/n/10 导 出
 []


Underfull \hbox (badness 10000) in paragraph at lines 4168--4168
[]\TU/FandolSong(0)/m/n/10 导 出 \TU/FreeSerif(0)/m/n/10 Omap \TU/FandolSong(0)/m
/n/10 专 用
 []


Underfull \hbox (badness 10000) in paragraph at lines 4168--4168
[]\TU/FandolSong(0)/m/n/10 导 出
 []


Underfull \hbox (badness 10000) in paragraph at lines 4168--4168
\TU/FandolSong(0)/m/n/10 普 通
 []


Underfull \hbox (badness 10000) in paragraph at lines 4168--4168
[]\TU/FandolSong(0)/m/n/10 追 加
 []

[20] [21]
Missing character: There is no ️ (U+FE0F) in font FandolSong/OT:script=hani;lan
guage=dflt;!

Underfull \hbox (badness 7963) in paragraph at lines 4564--4564
[]\TU/FandolSong(0)/m/n/10 重 命
 []

Missing character: There is no ️ (U+FE0F) in font FandolSong/OT:script=hani;lan
guage=dflt;!

Underfull \hbox (badness 7963) in paragraph at lines 4564--4564
[]\TU/FandolSong(0)/m/n/10 标 记
 []


Underfull \hbox (badness 10000) in paragraph at lines 4735--4735
[]\TU/FreeSerif(0)/m/n/10 0=ExEyHx-
 []


Overfull \hbox (45.56487pt too wide) in paragraph at lines 4735--4735
\TU/FreeSerif(0)/m/n/10 HyHz1=HxHyHz2=ExEy3=ExEyHxHy 
 []


Overfull \hbox (45.56487pt too wide) detected at line 4735
\TU/FreeSerif(0)/m/n/10 HyHz1=HxHyHz2=ExEy3=ExEyHxHy 
 []


Underfull \hbox (badness 10000) detected at line 4735
[]\TU/FreeSerif(0)/m/n/10 0=ExEyHx-
 []


Underfull \hbox (badness 7168) in paragraph at lines 4735--4735
[]\TU/FandolSong(0)/m/n/10 设 置 \TU/FreeSerif(0)/m/n/10 H
 []


Underfull \hbox (badness 10000) in paragraph at lines 4735--4735
[]\TU/FandolSong(0)/m/n/10 设 置 为
 []


Underfull \hbox (badness 10000) in paragraph at lines 4735--4735
\TU/FandolSong(0)/m/n/10 远 参 考
 []


Underfull \hbox (badness 10000) in paragraph at lines 4735--4735
[]\TU/FandolSong(0)/m/n/10 旋 转 恢
 []

[22]
Missing character: There is no 📊 (U+1F4CA) in font [FreeSerifBold.otf]/OT:scrip
t=latn;language=dflt;mapping=tex-text;!
Missing character: There is no 📊 (U+1F4CA) in font [FreeSerifBold.otf]/OT:scrip
t=latn;language=dflt;mapping=tex-text;!

Underfull \hbox (badness 10000) in paragraph at lines 5322--5322
[]\TU/FandolSong(0)/m/n/10 导 出
 []


Underfull \hbox (badness 10000) detected at line 5322
[]\TU/FandolSong(0)/m/n/10 导 出
 []


Underfull \hbox (badness 10000) in paragraph at lines 5322--5322
[]\TU/FandolSong(0)/m/n/10 导 出
 []


Underfull \hbox (badness 10000) detected at line 5322
[]\TU/FandolSong(0)/m/n/10 导 出
 []


Underfull \hbox (badness 10000) in paragraph at lines 5322--5322
[]\TU/FandolSong(0)/m/n/10 导 出
 []


Underfull \hbox (badness 10000) detected at line 5322
[]\TU/FandolSong(0)/m/n/10 导 出
 []


Underfull \hbox (badness 10000) in paragraph at lines 5322--5322
[]\TU/FandolSong(0)/m/n/10 含 视 电 阻
 []


Underfull \hbox (badness 10000) in paragraph at lines 5322--5322
[]\TU/FandolSong(0)/m/n/10 导 出
 []


Underfull \hbox (badness 10000) detected at line 5322
[]\TU/FandolSong(0)/m/n/10 导 出
 []

[23] [24] [25] [26] [27] [28]
Chapter 5.
Missing character: There is no 🎯 (U+1F3AF) in font [FreeSerif.otf]/OT:script=la
tn;language=dflt;mapping=tex-text;!
Missing character: There is no 📋 (U+1F4CB) in font [FreeSerif.otf]/OT:script=la
tn;language=dflt;mapping=tex-text;!
Missing character: There is no 🔧 (U+1F527) in font [FreeSerif.otf]/OT:script=la
tn;language=dflt;mapping=tex-text;!
Missing character: There is no 🚀 (U+1F680) in font [FreeSerif.otf]/OT:script=la
tn;language=dflt;mapping=tex-text;!
Missing character: There is no 🎯 (U+1F3AF) in font [FreeSerif.otf]/OT:script=la
tn;language=dflt;mapping=tex-text;!
Missing character: There is no 📋 (U+1F4CB) in font [FreeSerif.otf]/OT:script=la
tn;language=dflt;mapping=tex-text;!
Missing character: There is no 🔧 (U+1F527) in font [FreeSerif.otf]/OT:script=la
tn;language=dflt;mapping=tex-text;!
Missing character: There is no 🚀 (U+1F680) in font [FreeSerif.otf]/OT:script=la
tn;language=dflt;mapping=tex-text;!
[29

]
Missing character: There is no ₘ (U+2098) in font [FreeSerif.otf]/OT:script=lat
n;language=dflt;mapping=tex-text;!
Missing character: There is no ₚ (U+209A) in font [FreeSerif.otf]/OT:script=lat
n;language=dflt;mapping=tex-text;!
Missing character: There is no ₘ (U+2098) in font [FreeSerif.otf]/OT:script=lat
n;language=dflt;mapping=tex-text;!
Missing character: There is no ₚ (U+209A) in font [FreeSerif.otf]/OT:script=lat
n;language=dflt;mapping=tex-text;!
Missing character: There is no 🌍 (U+1F30D) in font [FreeSerif.otf]/OT:script=la
tn;language=dflt;mapping=tex-text;!
[30] [31]
Missing character: There is no 🎯 (U+1F3AF) in font [FreeSerif.otf]/OT:script=la
tn;language=dflt;mapping=tex-text;!
Missing character: There is no ️ (U+FE0F) in font FandolSong/OT:script=hani;lan
guage=dflt;!

LaTeX Warning: Hyper reference `chapters/chapter2:21-_E6_95_99_E7_A8_8B_E6_A6_8
2_E8_BF_B0_E4_B8_8E_E5_AD_A6_E4_B9_A0_E8_B7_AF_E5_BE_84' on page 32 undefined o
n input line 6963.

Missing character: There is no ️ (U+FE0F) in font FandolSong/OT:script=hani;lan
guage=dflt;!

LaTeX Warning: Hyper reference `chapters/chapter2:23-_E7_AC_AC_E4_BA_8C_E6_AD_A
5_E6_95_B0_E6_8D_AE_E9_87_87_E9_9B_86_E5_87_86_E5_A4_87' on page 32 undefined o
n input line 6963.

[32] [33]
Underfull \hbox (badness 5189) in paragraph at lines 8037--8037
[]\TU/FreeSerif(0)/b/n/10 Ex \TU/FreeSerif(0)/m/n/10 (\TU/FandolSong(0)/m/n/10 
电 场
 []


Underfull \hbox (badness 10000) in paragraph at lines 8037--8037
[]\TU/FreeSerif(0)/m/n/10 NumberBoxExIn-
 []


Underfull \hbox (badness 10000) in paragraph at lines 8037--8037
[]\TU/FreeSerif(0)/m/n/10 CheckBoxExRe-
 []


Underfull \hbox (badness 10000) in paragraph at lines 8037--8037
[]\TU/FreeSerif(0)/m/n/10 NumberBox-
 []


Underfull \hbox (badness 10000) in paragraph at lines 8037--8037
[]\TU/FreeSerif(0)/m/n/10 NumberBoxExRo-
 []


Underfull \hbox (badness 5696) in paragraph at lines 8037--8037
[]\TU/FreeSerif(0)/b/n/10 Ey \TU/FreeSerif(0)/m/n/10 (\TU/FandolSong(0)/m/n/10 
电 场
 []


Underfull \hbox (badness 10000) in paragraph at lines 8037--8037
[]\TU/FreeSerif(0)/m/n/10 NumberBoxEyIn-
 []


Underfull \hbox (badness 10000) in paragraph at lines 8037--8037
[]\TU/FreeSerif(0)/m/n/10 CheckBoxEyRe-
 []


Underfull \hbox (badness 10000) in paragraph at lines 8037--8037
[]\TU/FreeSerif(0)/m/n/10 NumberBox-
 []


Underfull \hbox (badness 10000) in paragraph at lines 8037--8037
[]\TU/FreeSerif(0)/m/n/10 NumberBoxEyRo-
 []


Underfull \hbox (badness 10000) in paragraph at lines 8037--8037
[]\TU/FreeSerif(0)/m/n/10 NumberBoxHxIn-
 []


Underfull \hbox (badness 10000) in paragraph at lines 8037--8037
[]\TU/FreeSerif(0)/m/n/10 CheckBoxHxRe-
 []


Underfull \hbox (badness 10000) in paragraph at lines 8037--8037
[]\TU/FreeSerif(0)/m/n/10 NumberBox-
 []


Underfull \hbox (badness 10000) in paragraph at lines 8037--8037
[]\TU/FreeSerif(0)/m/n/10 EditHxSen-
 []


Underfull \hbox (badness 10000) in paragraph at lines 8037--8037
[]\TU/FreeSerif(0)/m/n/10 NumberBoxHxRo-
 []


Underfull \hbox (badness 10000) in paragraph at lines 8037--8037
[]\TU/FreeSerif(0)/m/n/10 NumberBoxHyIn-
 []


Underfull \hbox (badness 10000) in paragraph at lines 8037--8037
[]\TU/FreeSerif(0)/m/n/10 CheckBoxHyRe-
 []


Underfull \hbox (badness 10000) in paragraph at lines 8037--8037
[]\TU/FreeSerif(0)/m/n/10 NumberBox-
 []


Underfull \hbox (badness 10000) in paragraph at lines 8037--8037
[]\TU/FreeSerif(0)/m/n/10 EditHySen-
 []


Underfull \hbox (badness 10000) in paragraph at lines 8037--8037
[]\TU/FreeSerif(0)/m/n/10 NumberBoxHyRo-
 []


Underfull \hbox (badness 10000) in paragraph at lines 8037--8037
[]\TU/FreeSerif(0)/m/n/10 NumberBoxHzIn-
 []


Underfull \hbox (badness 10000) in paragraph at lines 8037--8037
[]\TU/FreeSerif(0)/m/n/10 CheckBoxHzRe-
 []


Underfull \hbox (badness 10000) in paragraph at lines 8037--8037
[]\TU/FreeSerif(0)/m/n/10 NumberBoxH-
 []


Underfull \hbox (badness 10000) in paragraph at lines 8037--8037
[]\TU/FreeSerif(0)/m/n/10 EditHzSen-
 []


Underfull \hbox (badness 10000) in paragraph at lines 8037--8037
[]\TU/FreeSerif(0)/m/n/10 NumberBoxHzRo-
 []

[34] [35]
Missing character: There is no ️ (U+FE0F) in font FandolSong/OT:script=hani;lan
guage=dflt;!

LaTeX Warning: Hyper reference `chapters/chapter2:22-_E7_AC_AC_E4_B8_80_E6_AD_A
5_E7_90_86_E8_A7_A3mt_E5_9F_BA_E6_9C_AC_E5_8E_9F_E7_90_86' on page 36 undefined
 on input line 8539.

Missing character: There is no ️ (U+FE0F) in font FandolSong/OT:script=hani;lan
guage=dflt;!

LaTeX Warning: Hyper reference `chapters/chapter2:24-_E7_AC_AC_E4_B8_89_E6_AD_A
5_E4_BB_8E_E6_97_B6_E9_97_B4_E5_BA_8F_E5_88_97_E5_88_B0_E9_A2_91_E8_B0_B1' on p
age 36 undefined on input line 8539.

[36]
Missing character: There is no ️ (U+FE0F) in font FandolSong/OT:script=hani;lan
guage=dflt;!

LaTeX Warning: Hyper reference `chapters/chapter2:23-_E7_AC_AC_E4_BA_8C_E6_AD_A
5_E6_95_B0_E6_8D_AE_E9_87_87_E9_9B_86_E5_87_86_E5_A4_87' on page 37 undefined o
n input line 8835.

Missing character: There is no ️ (U+FE0F) in font FandolSong/OT:script=hani;lan
guage=dflt;!

LaTeX Warning: Hyper reference `chapters/chapter2:25-_E7_AC_AC_E5_9B_9B_E6_AD_A
5_E9_98_BB_E6_8A_97_E4_BC_B0_E8_AE_A1' on page 37 undefined on input line 8835.


[37] [38]
Missing character: There is no 📖 (U+1F4D6) in font [FreeSerif.otf]/OT:script=la
tn;language=dflt;mapping=tex-text;!
[39]
Missing character: There is no ️ (U+FE0F) in font FandolSong/OT:script=hani;lan
guage=dflt;!

LaTeX Warning: Hyper reference `chapters/chapter2:24-_E7_AC_AC_E4_B8_89_E6_AD_A
5_E4_BB_8E_E6_97_B6_E9_97_B4_E5_BA_8F_E5_88_97_E5_88_B0_E9_A2_91_E8_B0_B1' on p
age 40 undefined on input line 9245.

Missing character: There is no ️ (U+FE0F) in font FandolSong/OT:script=hani;lan
guage=dflt;!

LaTeX Warning: Hyper reference `chapters/chapter2:26-_E7_AC_AC_E4_BA_94_E6_AD_A
5_E6_95_B0_E6_8D_AE_E8_B4_A8_E9_87_8F_E8_AF_84_E4_BC_B0' on page 40 undefined o
n input line 9245.

[40] [41]
Missing character: There is no ^^F (U+0006) in font [FreeSerifBold.otf]/OT:scri
pt=latn;language=dflt;mapping=tex-text;!
Missing character: There is no ^^F (U+0006) in font [FreeSerifBold.otf]/OT:scri
pt=latn;language=dflt;mapping=tex-text;!
Missing character: There is no ✅ (U+2705) in font [FreeSansBold.otf]/OT:script=
latn;language=dflt;mapping=tex-text;!
Missing character: There is no ❌ (U+274C) in font [FreeSansBold.otf]/OT:script=
latn;language=dflt;mapping=tex-text;!
[42]
Missing character: There is no ₘ (U+2098) in font [FreeSerif.otf]/OT:script=lat
n;language=dflt;mapping=tex-text;!
Missing character: There is no ₚ (U+209A) in font [FreeSerif.otf]/OT:script=lat
n;language=dflt;mapping=tex-text;!
Missing character: There is no ️ (U+FE0F) in font FandolSong/OT:script=hani;lan
guage=dflt;!

LaTeX Warning: Hyper reference `chapters/chapter2:25-_E7_AC_AC_E5_9B_9B_E6_AD_A
5_E9_98_BB_E6_8A_97_E4_BC_B0_E8_AE_A1' on page 43 undefined on input line 10016
.

Missing character: There is no ️ (U+FE0F) in font FandolSong/OT:script=hani;lan
guage=dflt;!

LaTeX Warning: Hyper reference `chapters/chapter2:27-_E7_AC_AC_E5_85_AD_E6_AD_A
5_E9_AB_98_E7_BA_A7_E5_88_86_E6_9E_90_E5_B7_A5_E5_85_B7' on page 43 undefined o
n input line 10016.

[43]
Missing character: There is no ^^H (U+0008) in font [FreeSerifBold.otf]/OT:scri
pt=latn;language=dflt;mapping=tex-text;!
Missing character: There is no ^^H (U+0008) in font [FreeSerifBold.otf]/OT:scri
pt=latn;language=dflt;mapping=tex-text;!
[44]
Missing character: There is no ️ (U+FE0F) in font FandolSong/OT:script=hani;lan
guage=dflt;!

LaTeX Warning: Hyper reference `chapters/chapter2:26-_E7_AC_AC_E4_BA_94_E6_AD_A
5_E6_95_B0_E6_8D_AE_E8_B4_A8_E9_87_8F_E8_AF_84_E4_BC_B0' on page 45 undefined o
n input line 10372.

Missing character: There is no ️ (U+FE0F) in font FandolSong/OT:script=hani;lan
guage=dflt;!

LaTeX Warning: Hyper reference `chapters/chapter2:28-_E7_AC_AC_E4_B8_83_E6_AD_A
5rmsmr_E5_AE_8C_E6_95_B4_E6_B5_81_E7_A8_8B' on page 45 undefined on input line 
10372.

[45] [46]
Underfull \hbox (badness 10000) in paragraph at lines 11044--11044
[]\TU/FandolHei(0)/m/n/10 问
 []


Underfull \hbox (badness 10000) in paragraph at lines 11044--11044
\TU/FandolHei(0)/m/n/10 题
 []


Underfull \hbox (badness 10000) in paragraph at lines 11044--11044
\TU/FandolHei(0)/m/n/10 现
 []


Underfull \hbox (badness 10000) in paragraph at lines 11044--11044
[]\TU/FandolHei(0)/m/n/10 可 能
 []


Underfull \hbox (badness 10000) in paragraph at lines 11044--11044
[]\TU/FandolSong(0)/b/n/10 曲
 []


Underfull \hbox (badness 10000) in paragraph at lines 11044--11044
\TU/FandolSong(0)/b/n/10 线
 []


Underfull \hbox (badness 10000) in paragraph at lines 11044--11044
\TU/FandolSong(0)/b/n/10 脱
 []


Underfull \hbox (badness 10000) in paragraph at lines 11044--11044
[]\TU/FandolSong(0)/m/n/10 死 频
 []


Underfull \hbox (badness 10000) in paragraph at lines 11044--11044
\TU/FandolSong(0)/m/n/10 带 噪
 []


Underfull \hbox (badness 10000) detected at line 11044
\TU/FandolSong(0)/m/n/10 带 噪
 []


Underfull \hbox (badness 10000) detected at line 11044
[]\TU/FandolSong(0)/m/n/10 死 频
 []


Underfull \hbox (badness 10000) in paragraph at lines 11044--11044
[]\TU/FandolSong(0)/b/n/10 相
 []


Underfull \hbox (badness 10000) in paragraph at lines 11044--11044
\TU/FandolSong(0)/b/n/10 位
 []


Underfull \hbox (badness 10000) in paragraph at lines 11044--11044
\TU/FandolSong(0)/b/n/10 异
 []


Underfull \hbox (badness 10000) in paragraph at lines 11044--11044
[]\TU/FandolSong(0)/m/n/10 近 场
 []


Underfull \hbox (badness 10000) in paragraph at lines 11044--11044
[]\TU/FandolSong(0)/b/n/10 误
 []


Underfull \hbox (badness 10000) in paragraph at lines 11044--11044
\TU/FandolSong(0)/b/n/10 差
 []


Underfull \hbox (badness 10000) in paragraph at lines 11044--11044
\TU/FandolSong(0)/b/n/10 棒
 []


Underfull \hbox (badness 10000) in paragraph at lines 11044--11044
[]\TU/FandolSong(0)/m/n/10 叠 加
 []


Underfull \hbox (badness 10000) in paragraph at lines 11044--11044
\TU/FandolSong(0)/m/n/10 次 数
 []


Underfull \hbox (badness 10000) in paragraph at lines 11044--11044
[]\TU/FandolSong(0)/b/n/10 低
 []


Underfull \hbox (badness 10000) in paragraph at lines 11044--11044
\TU/FandolSong(0)/b/n/10 相
 []


Underfull \hbox (badness 10000) in paragraph at lines 11044--11044
\TU/FandolSong(0)/b/n/10 干
 []


Underfull \hbox (badness 10000) in paragraph at lines 11044--11044
[]\TU/FandolSong(0)/m/n/10 人 文
 []


Underfull \hbox (badness 10000) in paragraph at lines 11044--11044
[]\TU/FandolSong(0)/b/n/10 曲
 []


Underfull \hbox (badness 10000) in paragraph at lines 11044--11044
\TU/FandolSong(0)/b/n/10 线
 []


Underfull \hbox (badness 10000) in paragraph at lines 11044--11044
\TU/FandolSong(0)/b/n/10 跳
 []


Underfull \hbox (badness 10000) in paragraph at lines 11044--11044
[]\TU/FandolSong(0)/m/n/10 强 干
 []


Underfull \hbox (badness 10000) in paragraph at lines 11044--11044
[]\TU/FandolSong(0)/b/n/10 静
 []


Underfull \hbox (badness 10000) in paragraph at lines 11044--11044
\TU/FandolSong(0)/b/n/10 态
 []


Underfull \hbox (badness 10000) in paragraph at lines 11044--11044
\TU/FandolSong(0)/b/n/10 位
 []


Underfull \hbox (badness 10000) in paragraph at lines 11044--11044
[]\TU/FandolSong(0)/m/n/10 近 地
 []


Underfull \hbox (badness 10000) in paragraph at lines 11044--11044
\TU/FandolSong(0)/m/n/10 表 不
 []


Underfull \hbox (badness 10000) in paragraph at lines 11044--11044
\TU/FandolSong(0)/m/n/10 均 匀
 []


Underfull \hbox (badness 10000) in paragraph at lines 11044--11044
[]\TU/FandolSong(0)/b/n/10 迭
 []


Underfull \hbox (badness 10000) in paragraph at lines 11044--11044
\TU/FandolSong(0)/b/n/10 代
 []


Underfull \hbox (badness 10000) in paragraph at lines 11044--11044
\TU/FandolSong(0)/b/n/10 不
 []


Underfull \hbox (badness 10000) in paragraph at lines 11044--11044
\TU/FandolSong(0)/b/n/10 收
 []


Underfull \hbox (badness 10000) in paragraph at lines 11044--11044
[]\TU/FandolSong(0)/m/n/10 参 数
 []


Underfull \hbox (badness 10000) in paragraph at lines 11044--11044
\TU/FandolSong(0)/m/n/10 过 严
 []


Underfull \hbox (badness 10000) in paragraph at lines 11044--11044
\TU/FandolSong(0)/m/n/10 或 数
 []


Underfull \hbox (badness 10000) in paragraph at lines 11044--11044
\TU/FandolSong(0)/m/n/10 据 质
 []


Underfull \hbox (badness 10000) in paragraph at lines 11044--11044
[]\TU/FandolSong(0)/b/n/10 过
 []


Underfull \hbox (badness 10000) in paragraph at lines 11044--11044
\TU/FandolSong(0)/b/n/10 度
 []


Underfull \hbox (badness 10000) in paragraph at lines 11044--11044
\TU/FandolSong(0)/b/n/10 筛
 []


Underfull \hbox (badness 10000) in paragraph at lines 11044--11044
[]\TU/FandolSong(0)/m/n/10 数 据
 []


Underfull \hbox (badness 10000) in paragraph at lines 11044--11044
\TU/FandolSong(0)/m/n/10 量 太
 []


Underfull \hbox (badness 10000) in paragraph at lines 11044--11044
\TU/FandolSong(0)/m/n/10 少 或
 []


Underfull \hbox (badness 10000) in paragraph at lines 11044--11044
\TU/FandolSong(0)/m/n/10 阈 值
 []

Missing character: There is no 💡 (U+1F4A1) in font [FreeSerif.otf]/OT:script=la
tn;language=dflt;mapping=tex-text;!
[47]
Missing character: There is no ️ (U+FE0F) in font FandolSong/OT:script=hani;lan
guage=dflt;!

LaTeX Warning: Hyper reference `chapters/chapter2:27-_E7_AC_AC_E5_85_AD_E6_AD_A
5_E9_AB_98_E7_BA_A7_E5_88_86_E6_9E_90_E5_B7_A5_E5_85_B7' on page 48 undefined o
n input line 11291.

Missing character: There is no ️ (U+FE0F) in font FandolSong/OT:script=hani;lan
guage=dflt;!

LaTeX Warning: Hyper reference `chapters/chapter2:29-_E5_B0_8F_E7_BB_93' on pag
e 48 undefined on input line 11291.

Missing character: There is no 📖 (U+1F4D6) in font [FreeSerif.otf]/OT:script=la
tn;language=dflt;mapping=tex-text;!
[48]
Missing character: There is no ️ (U+FE0F) in font FandolSong/OT:script=hani;lan
guage=dflt;!

LaTeX Warning: Hyper reference `chapters/chapter2:28-_E7_AC_AC_E4_B8_83_E6_AD_A
5rmsmr_E5_AE_8C_E6_95_B4_E6_B5_81_E7_A8_8B' on page 49 undefined on input line 
11591.

Missing character: There is no ️ (U+FE0F) in font FandolSong/OT:script=hani;lan
guage=dflt;!
[49]
Missing character: There is no ^^H (U+0008) in font [FreeSerifBold.otf]/OT:scri
pt=latn;language=dflt;mapping=tex-text;!
Missing character: There is no ^^H (U+0008) in font [FreeSerifBold.otf]/OT:scri
pt=latn;language=dflt;mapping=tex-text;!
Missing character: There is no ^^F (U+0006) in font [FreeSerifBold.otf]/OT:scri
pt=latn;language=dflt;mapping=tex-text;!
Missing character: There is no ^^F (U+0006) in font [FreeSerifBold.otf]/OT:scri
pt=latn;language=dflt;mapping=tex-text;!
[50] [51] [52] [53] [54] [55] [56

]
Chapter 6.
Missing character: There is no 📦 (U+1F4E6) in font [FreeMono.otf]/OT:script=lat
n;language=dflt;!
Missing character: There is no 🗺 (U+1F5FA) in font [FreeMono.otf]/OT:script=lat
n;language=dflt;!
Missing character: There is no ️ (U+FE0F) in font FandolFang R/OT:script=hani;l
anguage=dflt;!
Missing character: There is no 📋 (U+1F4CB) in font [FreeMono.otf]/OT:script=lat
n;language=dflt;!
Missing character: There is no 📍 (U+1F4CD) in font [FreeMono.otf]/OT:script=lat
n;language=dflt;!
Missing character: There is no 📻 (U+1F4FB) in font [FreeSans.otf]/OT:script=lat
n;language=dflt;mapping=tex-text;!
Missing character: There is no 📄 (U+1F4C4) in font [FreeSans.otf]/OT:script=lat
n;language=dflt;mapping=tex-text;!
Missing character: There is no 📻 (U+1F4FB) in font [FreeSans.otf]/OT:script=lat
n;language=dflt;mapping=tex-text;!
Missing character: There is no 📄 (U+1F4C4) in font [FreeSans.otf]/OT:script=lat
n;language=dflt;mapping=tex-text;!
[57]
Missing character: There is no ️ (U+FE0F) in font FandolSong/OT:script=hani;lan
guage=dflt;!
Missing character: There is no ️ (U+FE0F) in font FandolSong/OT:script=hani;lan
guage=dflt;!
Missing character: There is no 📝 (U+1F4DD) in font [FreeSerif.otf]/OT:script=la
tn;language=dflt;mapping=tex-text;!
Missing character: There is no 📁 (U+1F4C1) in font [FreeSerif.otf]/OT:script=la
tn;language=dflt;mapping=tex-text;!
Missing character: There is no 📖 (U+1F4D6) in font [FreeSerif.otf]/OT:script=la
tn;language=dflt;mapping=tex-text;!
Missing character: There is no ️ (U+FE0F) in font FandolSong/OT:script=hani;lan
guage=dflt;!
Missing character: There is no 📄 (U+1F4C4) in font [FreeSerifBold.otf]/OT:scrip
t=latn;language=dflt;mapping=tex-text;!
Missing character: There is no 🕐 (U+1F550) in font [FreeSerifBold.otf]/OT:scrip
t=latn;language=dflt;mapping=tex-text;!
Missing character: There is no 📋 (U+1F4CB) in font [FreeSerifBold.otf]/OT:scrip
t=latn;language=dflt;mapping=tex-text;!
Missing character: There is no 📁 (U+1F4C1) in font [FreeSerifBold.otf]/OT:scrip
t=latn;language=dflt;mapping=tex-text;!
Missing character: There is no ⏰ (U+23F0) in font [FreeSerifBold.otf]/OT:script
=latn;language=dflt;mapping=tex-text;!
Missing character: There is no 💡 (U+1F4A1) in font [FreeSerif.otf]/OT:script=la
tn;language=dflt;mapping=tex-text;!
[58]
Missing character: There is no 👤 (U+1F464) in font [FreeSerifBold.otf]/OT:scrip
t=latn;language=dflt;mapping=tex-text;!
Missing character: There is no 📋 (U+1F4CB) in font [FreeSerifBold.otf]/OT:scrip
t=latn;language=dflt;mapping=tex-text;!
Missing character: There is no 🌍 (U+1F30D) in font [FreeSerifBold.otf]/OT:scrip
t=latn;language=dflt;mapping=tex-text;!
Missing character: There is no 💡 (U+1F4A1) in font [FreeSerif.otf]/OT:script=la
tn;language=dflt;mapping=tex-text;!
Missing character: There is no 📊 (U+1F4CA) in font [FreeSerifBold.otf]/OT:scrip
t=latn;language=dflt;mapping=tex-text;!
[59]
Missing character: There is no 📋 (U+1F4CB) in font [FreeSerifBold.otf]/OT:scrip
t=latn;language=dflt;mapping=tex-text;!
Missing character: There is no ⚙ (U+2699) in font [FreeSerifBold.otf]/OT:script
=latn;language=dflt;mapping=tex-text;!
Missing character: There is no ️ (U+FE0F) in font FandolSong Bold/OT:script=han
i;language=dflt;!
Missing character: There is no 💡 (U+1F4A1) in font [FreeSerif.otf]/OT:script=la
tn;language=dflt;mapping=tex-text;!
Missing character: There is no 📊 (U+1F4CA) in font [FreeSerifBold.otf]/OT:scrip
t=latn;language=dflt;mapping=tex-text;!
[60]
Missing character: There is no 📋 (U+1F4CB) in font [FreeSerifBold.otf]/OT:scrip
t=latn;language=dflt;mapping=tex-text;!
Missing character: There is no 🌍 (U+1F30D) in font [FreeSerifBold.otf]/OT:scrip
t=latn;language=dflt;mapping=tex-text;!
Missing character: There is no 📦 (U+1F4E6) in font [FreeSerifBold.otf]/OT:scrip
t=latn;language=dflt;mapping=tex-text;!
Missing character: There is no 📊 (U+1F4CA) in font [FreeSerifBold.otf]/OT:scrip
t=latn;language=dflt;mapping=tex-text;!
Missing character: There is no 📋 (U+1F4CB) in font [FreeSerifBold.otf]/OT:scrip
t=latn;language=dflt;mapping=tex-text;!
Missing character: There is no 🌍 (U+1F30D) in font [FreeSerifBold.otf]/OT:scrip
t=latn;language=dflt;mapping=tex-text;!
Missing character: There is no 📦 (U+1F4E6) in font [FreeSerifBold.otf]/OT:scrip
t=latn;language=dflt;mapping=tex-text;!
Missing character: There is no 📊 (U+1F4CA) in font [FreeSerifBold.otf]/OT:scrip
t=latn;language=dflt;mapping=tex-text;!
[61] [62]
Missing character: There is no 🔄 (U+1F504) in font [FreeSerifBold.otf]/OT:scrip
t=latn;language=dflt;mapping=tex-text;!
Missing character: There is no 💾 (U+1F4BE) in font [FreeSerifBold.otf]/OT:scrip
t=latn;language=dflt;mapping=tex-text;!
Missing character: There is no ️ (U+FE0F) in font FandolSong/OT:script=hani;lan
guage=dflt;!
Missing character: There is no ️ (U+FE0F) in font FandolSong/OT:script=hani;lan
guage=dflt;!
Missing character: There is no ️ (U+FE0F) in font FandolSong/OT:script=hani;lan
guage=dflt;!
Missing character: There is no 💡 (U+1F4A1) in font [FreeSerif.otf]/OT:script=la
tn;language=dflt;mapping=tex-text;!
[63]
Missing character: There is no ️ (U+FE0F) in font FandolSong/OT:script=hani;lan
guage=dflt;!
Missing character: There is no ️ (U+FE0F) in font FandolSong/OT:script=hani;lan
guage=dflt;!
Missing character: There is no ️ (U+FE0F) in font FandolSong/OT:script=hani;lan
guage=dflt;!
Missing character: There is no ️ (U+FE0F) in font FandolSong/OT:script=hani;lan
guage=dflt;!
Missing character: There is no ️ (U+FE0F) in font FandolSong/OT:script=hani;lan
guage=dflt;!
Missing character: There is no ️ (U+FE0F) in font FandolSong/OT:script=hani;lan
guage=dflt;!
[64] [65] [66

]
Chapter 7.
[67] [68] [69]
Missing character: There is no 💡 (U+1F4A1) in font [FreeSerif.otf]/OT:script=la
tn;language=dflt;mapping=tex-text;!
[70] [71] [72] [73] [74] [75] [76] [77] [78] [79] [80] [81] [82] [83] [84

]
Chapter 8.
Missing character: There is no ⚙ (U+2699) in font [FreeSansBold.otf]/OT:script=
latn;language=dflt;mapping=tex-text;!
Missing character: There is no ️ (U+FE0F) in font FandolHei Bold/OT:script=hani
;language=dflt;!
Missing character: There is no ️ (U+FE0F) in font FandolSong/OT:script=hani;lan
guage=dflt;!
Missing character: There is no ️ (U+FE0F) in font FandolSong/OT:script=hani;lan
guage=dflt;!
Missing character: There is no 🌳 (U+1F333) in font [FreeSerif.otf]/OT:script=la
tn;language=dflt;mapping=tex-text;!
Missing character: There is no 📋 (U+1F4CB) in font [FreeSerif.otf]/OT:script=la
tn;language=dflt;mapping=tex-text;!
Missing character: There is no 📊 (U+1F4CA) in font [FreeSerif.otf]/OT:script=la
tn;language=dflt;mapping=tex-text;!
Missing character: There is no 🔘 (U+1F518) in font [FreeSerif.otf]/OT:script=la
tn;language=dflt;mapping=tex-text;!
Missing character: There is no 🌳 (U+1F333) in font [FreeSerif.otf]/OT:script=la
tn;language=dflt;mapping=tex-text;!
Missing character: There is no 📋 (U+1F4CB) in font [FreeSerif.otf]/OT:script=la
tn;language=dflt;mapping=tex-text;!
Missing character: There is no 📊 (U+1F4CA) in font [FreeSerif.otf]/OT:script=la
tn;language=dflt;mapping=tex-text;!
Missing character: There is no 🔘 (U+1F518) in font [FreeSerif.otf]/OT:script=la
tn;language=dflt;mapping=tex-text;!
Missing character: There is no 📂 (U+1F4C2) in font [FreeSansBold.otf]/OT:script
=latn;language=dflt;mapping=tex-text;!
Missing character: There is no 📦 (U+1F4E6) in font [FreeMono.otf]/OT:script=lat
n;language=dflt;!
Missing character: There is no 📊 (U+1F4CA) in font [FreeMono.otf]/OT:script=lat
n;language=dflt;!
Missing character: There is no 📋 (U+1F4CB) in font [FreeMono.otf]/OT:script=lat
n;language=dflt;!
Missing character: There is no 📍 (U+1F4CD) in font [FreeMono.otf]/OT:script=lat
n;language=dflt;!
[85] [86]
Missing character: There is no 📊 (U+1F4CA) in font [FreeSansBold.otf]/OT:script
=latn;language=dflt;mapping=tex-text;!
[87]
Missing character: There is no 📏 (U+1F4CF) in font [FreeSansBold.otf]/OT:script
=latn;language=dflt;mapping=tex-text;!
Missing character: There is no 🔧 (U+1F527) in font [FreeSansBold.otf]/OT:script
=latn;language=dflt;mapping=tex-text;!
[88]
Missing character: There is no 📌 (U+1F4CC) in font [FreeSansBold.otf]/OT:script
=latn;language=dflt;mapping=tex-text;!
[89] [90]
Missing character: There is no 🎯 (U+1F3AF) in font [FreeSansBold.otf]/OT:script
=latn;language=dflt;mapping=tex-text;!
Missing character: There is no 💡 (U+1F4A1) in font [FreeSerif.otf]/OT:script=la
tn;language=dflt;mapping=tex-text;!
Missing character: There is no 📥 (U+1F4E5) in font [FreeSerifBold.otf]/OT:scrip
t=latn;language=dflt;mapping=tex-text;!
Missing character: There is no 🔍 (U+1F50D) in font [FreeSerifBold.otf]/OT:scrip
t=latn;language=dflt;mapping=tex-text;!
Missing character: There is no ⚙ (U+2699) in font [FreeSerifBold.otf]/OT:script
=latn;language=dflt;mapping=tex-text;!
Missing character: There is no ️ (U+FE0F) in font FandolSong Bold/OT:script=han
i;language=dflt;!
Missing character: There is no ️ (U+FE0F) in font FandolSong Bold/OT:script=han
i;language=dflt;!
Missing character: There is no 📐 (U+1F4D0) in font [FreeSerifBold.otf]/OT:scrip
t=latn;language=dflt;mapping=tex-text;!
Missing character: There is no 🎯 (U+1F3AF) in font [FreeSansBold.otf]/OT:script
=latn;language=dflt;mapping=tex-text;!
[91]
Missing character: There is no 🔬 (U+1F52C) in font [FreeSansBold.otf]/OT:script
=latn;language=dflt;mapping=tex-text;!
Missing character: There is no 📖 (U+1F4D6) in font [FreeSerifBold.otf]/OT:scrip
t=latn;language=dflt;mapping=tex-text;!
Missing character: There is no 赟 (U+8D5F) in font FandolSong/OT:script=hani;lan
guage=dflt;!

Underfull \hbox (badness 10000) in paragraph at lines 21235--21235
[]\TU/FandolSong(0)/b/n/10 抑 噪
 []


Underfull \hbox (badness 10000) in paragraph at lines 21235--21235
[]\TU/FandolSong(0)/b/n/10 去 噪
 []


Underfull \hbox (badness 10000) in paragraph at lines 21235--21235
[]\TU/FandolSong(0)/b/n/10 约 束
 []


Underfull \hbox (badness 10000) in paragraph at lines 21235--21235
[]\TU/FandolSong(0)/m/n/10 多 角 度 \TU/FreeSerif(0)/m/n/10 Rho-
 []

[92]
Missing character: There is no 🔬 (U+1F52C) in font [FreeSansBold.otf]/OT:script
=latn;language=dflt;mapping=tex-text;!
[93]
Missing character: There is no 💡 (U+1F4A1) in font [FreeSerif.otf]/OT:script=la
tn;language=dflt;mapping=tex-text;!
[94]
Missing character: There is no 🔬 (U+1F52C) in font [FreeSansBold.otf]/OT:script
=latn;language=dflt;mapping=tex-text;!
[95]
Missing character: There is no ₘ (U+2098) in font [FreeSerif.otf]/OT:script=lat
n;language=dflt;mapping=tex-text;!
Missing character: There is no ₚ (U+209A) in font [FreeSerif.otf]/OT:script=lat
n;language=dflt;mapping=tex-text;!
[96]
Missing character: There is no 🔬 (U+1F52C) in font [FreeSansBold.otf]/OT:script
=latn;language=dflt;mapping=tex-text;!
[97]
Missing character: There is no 📚 (U+1F4DA) in font [FreeSerifBold.otf]/OT:scrip
t=latn;language=dflt;mapping=tex-text;!
[98]
Missing character: There is no ⭐ (U+2B50) in font [FreeSansBold.otf]/OT:script=
latn;language=dflt;mapping=tex-text;!
Missing character: There is no ⭐ (U+2B50) in font [FreeSansBold.otf]/OT:script=
latn;language=dflt;mapping=tex-text;!
Missing character: There is no ^^F (U+0006) in font [FreeSerifBold.otf]/OT:scri
pt=latn;language=dflt;mapping=tex-text;!
Missing character: There is no ^^F (U+0006) in font [FreeSerifBold.otf]/OT:scri
pt=latn;language=dflt;mapping=tex-text;!
Missing character: There is no 🔬 (U+1F52C) in font [FreeSansBold.otf]/OT:script
=latn;language=dflt;mapping=tex-text;!
[99] [100]
LaTeX Font Info:    Font shape `TU/FreeMono(0)/m/it' will be
(Font)              scaled to size 8.09995pt on input line 23812.

Missing character: There is no 🔬 (U+1F52C) in font [FreeSansBold.otf]/OT:script
=latn;language=dflt;mapping=tex-text;!
[101]
Missing character: There is no 💡 (U+1F4A1) in font [FreeSerifBold.otf]/OT:scrip
t=latn;language=dflt;mapping=tex-text;!
[102]
Missing character: There is no 赟 (U+8D5F) in font FandolSong/OT:script=hani;lan
guage=dflt;!
Missing character: There is no 💡 (U+1F4A1) in font [FreeSerif.otf]/OT:script=la
tn;language=dflt;mapping=tex-text;!
Missing character: There is no 🔬 (U+1F52C) in font [FreeSansBold.otf]/OT:script
=latn;language=dflt;mapping=tex-text;!
[103] [104

]
Chapter 9.
Missing character: There is no 🖥 (U+1F5A5) in font [FreeSansBold.otf]/OT:script
=latn;language=dflt;mapping=tex-text;!
Missing character: There is no ️ (U+FE0F) in font FandolHei Bold/OT:script=hani
;language=dflt;!
[105]
Missing character: There is no 📈 (U+1F4C8) in font [FreeSansBold.otf]/OT:script
=latn;language=dflt;mapping=tex-text;!
Missing character: There is no 📖 (U+1F4D6) in font [FreeSerifBold.otf]/OT:scrip
t=latn;language=dflt;mapping=tex-text;!
Missing character: There is no ^^H (U+0008) in font [FreeSerifBold.otf]/OT:scri
pt=latn;language=dflt;mapping=tex-text;!
Missing character: There is no ^^H (U+0008) in font [FreeSerifBold.otf]/OT:scri
pt=latn;language=dflt;mapping=tex-text;!
[106]
Missing character: There is no 📈 (U+1F4C8) in font [FreeSansBold.otf]/OT:script
=latn;language=dflt;mapping=tex-text;!
[107] [108]
Missing character: There is no 📏 (U+1F4CF) in font [FreeSansBold.otf]/OT:script
=latn;language=dflt;mapping=tex-text;!
Missing character: There is no ️ (U+FE0F) in font FandolSong/OT:script=hani;lan
guage=dflt;!
Missing character: There is no ️ (U+FE0F) in font FandolSong/OT:script=hani;lan
guage=dflt;!
Missing character: There is no ️ (U+FE0F) in font FandolSong/OT:script=hani;lan
guage=dflt;!
Missing character: There is no ️ (U+FE0F) in font FandolSong/OT:script=hani;lan
guage=dflt;!
Missing character: There is no 📖 (U+1F4D6) in font [FreeSerifBold.otf]/OT:scrip
t=latn;language=dflt;mapping=tex-text;!
Missing character: There is no ^^F (U+0006) in font [FreeSerifBold.otf]/OT:scri
pt=latn;language=dflt;mapping=tex-text;!
Missing character: There is no ^^F (U+0006) in font [FreeSerifBold.otf]/OT:scri
pt=latn;language=dflt;mapping=tex-text;!
Missing character: There is no ^^F (U+0006) in font [FreeSerifBold.otf]/OT:scri
pt=latn;language=dflt;mapping=tex-text;!
Missing character: There is no 🤖 (U+1F916) in font [FreeSansBold.otf]/OT:script
=latn;language=dflt;mapping=tex-text;!
Missing character: There is no 📏 (U+1F4CF) in font [FreeSansBold.otf]/OT:script
=latn;language=dflt;mapping=tex-text;!
[109]
Missing character: There is no 📐 (U+1F4D0) in font [FreeSansBold.otf]/OT:script
=latn;language=dflt;mapping=tex-text;!
Missing character: There is no 📖 (U+1F4D6) in font [FreeSerifBold.otf]/OT:scrip
t=latn;language=dflt;mapping=tex-text;!
[110]
Missing character: There is no 📐 (U+1F4D0) in font [FreeSansBold.otf]/OT:script
=latn;language=dflt;mapping=tex-text;!
[111]
Missing character: There is no 🧠 (U+1F9E0) in font [FreeSansBold.otf]/OT:script
=latn;language=dflt;mapping=tex-text;!
[112]
Missing character: There is no 🎯 (U+1F3AF) in font [FreeSansBold.otf]/OT:script
=latn;language=dflt;mapping=tex-text;!
Missing character: There is no 🎯 (U+1F3AF) in font [FreeSansBold.otf]/OT:script
=latn;language=dflt;mapping=tex-text;!
[113]
Missing character: There is no 🚀 (U+1F680) in font [FreeSansBold.otf]/OT:script
=latn;language=dflt;mapping=tex-text;!
Missing character: There is no 👶 (U+1F476) in font [FreeSansBold.otf]/OT:script
=latn;language=dflt;mapping=tex-text;!
Missing character: There is no ️ (U+FE0F) in font FandolSong/OT:script=hani;lan
guage=dflt;!
Missing character: There is no ️ (U+FE0F) in font FandolSong/OT:script=hani;lan
guage=dflt;!
Missing character: There is no ️ (U+FE0F) in font FandolSong/OT:script=hani;lan
guage=dflt;!
Missing character: There is no ️ (U+FE0F) in font FandolSong/OT:script=hani;lan
guage=dflt;!
Missing character: There is no ⭐ (U+2B50) in font [FreeSansBold.otf]/OT:script=
latn;language=dflt;mapping=tex-text;!
Missing character: There is no ️ (U+FE0F) in font FandolSong/OT:script=hani;lan
guage=dflt;!
Missing character: There is no ️ (U+FE0F) in font FandolSong/OT:script=hani;lan
guage=dflt;!
Missing character: There is no ️ (U+FE0F) in font FandolSong/OT:script=hani;lan
guage=dflt;!
Missing character: There is no ️ (U+FE0F) in font FandolSong/OT:script=hani;lan
guage=dflt;!
Missing character: There is no ️ (U+FE0F) in font FandolSong/OT:script=hani;lan
guage=dflt;!
Missing character: There is no ⚠ (U+26A0) in font [FreeSansBold.otf]/OT:script=
latn;language=dflt;mapping=tex-text;!
Missing character: There is no ️ (U+FE0F) in font FandolHei Bold/OT:script=hani
;language=dflt;!
Missing character: There is no ️ (U+FE0F) in font FandolSong/OT:script=hani;lan
guage=dflt;!
Missing character: There is no ️ (U+FE0F) in font FandolSong/OT:script=hani;lan
guage=dflt;!
Missing character: There is no ️ (U+FE0F) in font FandolSong/OT:script=hani;lan
guage=dflt;!
Missing character: There is no ️ (U+FE0F) in font FandolSong/OT:script=hani;lan
guage=dflt;!
Missing character: There is no ️ (U+FE0F) in font FandolSong/OT:script=hani;lan
guage=dflt;!
Missing character: There is no ️ (U+FE0F) in font FandolSong/OT:script=hani;lan
guage=dflt;!
[114]
Missing character: There is no 🌐 (U+1F310) in font [FreeSansBold.otf]/OT:script
=latn;language=dflt;mapping=tex-text;!
Missing character: There is no 🌐 (U+1F310) in font [FreeSansBold.otf]/OT:script
=latn;language=dflt;mapping=tex-text;!
[115]
Missing character: There is no 🔄 (U+1F504) in font [FreeSansBold.otf]/OT:script
=latn;language=dflt;mapping=tex-text;!
Missing character: There is no 🧬 (U+1F9EC) in font [FreeSansBold.otf]/OT:script
=latn;language=dflt;mapping=tex-text;!
[116]
Missing character: There is no 🧬 (U+1F9EC) in font [FreeSansBold.otf]/OT:script
=latn;language=dflt;mapping=tex-text;!
[117] [118]
Missing character: There is no 🧬 (U+1F9EC) in font [FreeSansBold.otf]/OT:script
=latn;language=dflt;mapping=tex-text;!
[119] [120]
Missing character: There is no 🧬 (U+1F9EC) in font [FreeSansBold.otf]/OT:script
=latn;language=dflt;mapping=tex-text;!
[121] [122]
Missing character: There is no 🧬 (U+1F9EC) in font [FreeSansBold.otf]/OT:script
=latn;language=dflt;mapping=tex-text;!
[123] [124]
Missing character: There is no 🧬 (U+1F9EC) in font [FreeSansBold.otf]/OT:script
=latn;language=dflt;mapping=tex-text;!
[125] [126

]
Chapter 10.
[127] [128] [129] [130] [131] [132] [133] [134] [135] [136] [137] [138]
Chapter 11.
Missing character: There is no 🛠 (U+1F6E0) in font [FreeSansBold.otf]/OT:script
=latn;language=dflt;mapping=tex-text;!
Missing character: There is no ️ (U+FE0F) in font FandolHei Bold/OT:script=hani
;language=dflt;!
[139

] [140]
Missing character: There is no 💡 (U+1F4A1) in font [FreeSansBold.otf]/OT:script
=latn;language=dflt;mapping=tex-text;!
Missing character: There is no 💡 (U+1F4A1) in font [FreeSansBold.otf]/OT:script
=latn;language=dflt;mapping=tex-text;!
[141] [142

]
Chapter 12.
Missing character: There is no 🖥 (U+1F5A5) in font [FreeSansBold.otf]/OT:script
=latn;language=dflt;mapping=tex-text;!
Missing character: There is no ️ (U+FE0F) in font FandolHei Bold/OT:script=hani
;language=dflt;!
Missing character: There is no 📊 (U+1F4CA) in font [FreeSansBold.otf]/OT:script
=latn;language=dflt;mapping=tex-text;!
[143] [144]
Missing character: There is no 📊 (U+1F4CA) in font [FreeSansBold.otf]/OT:script
=latn;language=dflt;mapping=tex-text;!
[145]
Missing character: There is no 📈 (U+1F4C8) in font [FreeSansBold.otf]/OT:script
=latn;language=dflt;mapping=tex-text;!
[146]
Missing character: There is no 📈 (U+1F4C8) in font [FreeSansBold.otf]/OT:script
=latn;language=dflt;mapping=tex-text;!
[147]
Missing character: There is no 📻 (U+1F4FB) in font [FreeSansBold.otf]/OT:script
=latn;language=dflt;mapping=tex-text;!
Missing character: There is no 🗺 (U+1F5FA) in font [FreeSansBold.otf]/OT:script
=latn;language=dflt;mapping=tex-text;!
Missing character: There is no ️ (U+FE0F) in font FandolHei Bold/OT:script=hani
;language=dflt;!
[148]
Missing character: There is no 📉 (U+1F4C9) in font [FreeSansBold.otf]/OT:script
=latn;language=dflt;mapping=tex-text;!
Missing character: There is no 📡 (U+1F4E1) in font [FreeSansBold.otf]/OT:script
=latn;language=dflt;mapping=tex-text;!
Missing character: There is no 📉 (U+1F4C9) in font [FreeSansBold.otf]/OT:script
=latn;language=dflt;mapping=tex-text;!
[149] [150]
Missing character: There is no 📡 (U+1F4E1) in font [FreeSansBold.otf]/OT:script
=latn;language=dflt;mapping=tex-text;!
[151]
Missing character: There is no 🧵 (U+1F9F5) in font [FreeSansBold.otf]/OT:script
=latn;language=dflt;mapping=tex-text;!
[152] [153]
Missing character: There is no 🔬 (U+1F52C) in font [FreeSansBold.otf]/OT:script
=latn;language=dflt;mapping=tex-text;!
[154]
Missing character: There is no 🔬 (U+1F52C) in font [FreeSansBold.otf]/OT:script
=latn;language=dflt;mapping=tex-text;!
[155] [156]
Chapter 13.
[157

] [158]
Chapter 14.
[159

]

LaTeX Font Warning: Font shape `TU/FandolFang(0)/m/it' undefined
(Font)              using `TU/FandolFang(0)/m/n' instead on input line 37613.

[160]
Underfull \vbox (badness 10000) detected at line 37715
 []

[161] [162]
Underfull \vbox (badness 10000) detected at line 37828
 []


Overfull \vbox (2.78596pt too high) detected at line 37828
 []

[163] [164]
Underfull \vbox (badness 10000) detected at line 37962
 []


Overfull \vbox (2.78596pt too high) detected at line 37962
 []

[165] [166]
Underfull \vbox (badness 10000) detected at line 38109
 []


Overfull \vbox (2.78596pt too high) detected at line 38109
 []

[167] [168] [169] [170]
Chapter 15.
[171

] [172]
Chapter 16.
[173

] [174] [175] [176] [177] [178

]
Chapter 17.
[179] [180] [181] [182

]
Chapter 18.
[183] [184]
Chapter 19.
[185

] [186] [187] [188

]
Chapter 20.
[189]
Missing character: There is no 💡 (U+1F4A1) in font [FreeSerif.otf]/OT:script=la
tn;language=dflt;mapping=tex-text;!
[190] [191] [192] [193] [194

]
Chapter 21.
[195]
Underfull \hbox (badness 10000) in paragraph at lines 42911--42913
[]\TU/FandolSong(0)/m/n/10 利 用 [][]\TU/FreeSerif(0)/m/n/10 Sphinx[][] (https://
www.sphinx-doc.org/) \TU/FandolSong(0)/m/n/10 构 建，|  使 用 的 [][]\TU/FreeSerif(0)
/m/n/10 sphinx_rtd_theme \TU/FandolSong(0)/m/n/10 主 题[][]
 []

(./mtdatapro.ind) [196] (./mtdatapro.aux)
 ***********
LaTeX2e <2025-11-01>
L3 programming layer <2022/08/05>
 ***********


LaTeX Font Warning: Some font shapes were not available, defaults substituted.


LaTeX Warning: There were undefined references.

Package rerunfilecheck Info: File `mtdatapro.out' has not changed.
(rerunfilecheck)             Checksum: 933AEA7D9A0186853DEF773AF2702FD0;93809.
 ) 
Here is how much of TeX's memory you used:
 23717 strings out of 468174
 495367 string characters out of 5436827
 1311500 words of memory out of 5000000
 51994 multiletter control sequences out of 15000+600000
 636802 words of font info for 149 fonts, out of 8000000 for 9000
 1349 hyphenation exceptions out of 8191
 74i,22n,93p,1198b,846s stack positions out of 10000i,1000n,20000p,200000b,200000s

Output written on mtdatapro.pdf (204 pages).
