\BOOKMARK [0][-]{chapter.1}{\376\377\173\200\116\313}{}% 1
\BOOKMARK [1][-]{section.1.1}{\376\377\142\113\121\214\133\146\116\140\143\007\123\127}{chapter.1}% 2
\BOOKMARK [1][-]{section.1.2}{\376\377\116\300\116\110\146\057\000\040\000M\000T\000D\000a\000t\000a\000P\000r\000o\377\037}{chapter.1}% 3
\BOOKMARK [1][-]{section.1.3}{\376\377\116\073\211\201\162\171\160\271}{chapter.1}% 4
\BOOKMARK [1][-]{section.1.4}{\376\377\162\110\147\054\117\341\140\157}{chapter.1}% 5
\BOOKMARK [1][-]{section.1.5}{\376\377\174\373\176\337\211\201\154\102}{chapter.1}% 6
\BOOKMARK [1][-]{section.1.6}{\376\377\137\353\220\037\224\376\143\245}{chapter.1}% 7
\BOOKMARK [1][-]{section.1.7}{\376\377\145\207\150\143\116\013\217\175}{chapter.1}% 8
\BOOKMARK [1][-]{section.1.8}{\376\377\131\026\220\350\224\376\143\245}{chapter.1}% 9
\BOOKMARK [1][-]{section.1.9}{\376\377\137\025\165\050\000\040\000M\000T\000D\000a\000t\000a\000P\000r\000o}{chapter.1}% 10
\BOOKMARK [1][-]{section.1.10}{\376\377\200\124\174\373\145\271\137\017}{chapter.1}% 11
\BOOKMARK [0][-]{chapter.2}{\376\377\133\211\210\305}{}% 12
\BOOKMARK [1][-]{section.2.1}{\376\377\116\013\217\175\217\157\116\366}{chapter.2}% 13
\BOOKMARK [1][-]{section.2.2}{\376\377\211\343\123\213\217\157\116\366}{chapter.2}% 14
\BOOKMARK [1][-]{section.2.3}{\376\377\166\356\137\125\176\323\147\204}{chapter.2}% 15
\BOOKMARK [1][-]{section.2.4}{\376\377\217\157\116\366\154\350\121\214}{chapter.2}% 16
\BOOKMARK [2][-]{subsection.2.4.1}{\376\377\217\223\121\145\136\217\122\027\123\367}{section.2.4}% 17
\BOOKMARK [2][-]{subsection.2.4.2}{\376\377\221\115\177\156\145\160\143\156\215\357\137\204}{section.2.4}% 18
\BOOKMARK [2][-]{subsection.2.4.3}{\376\377\220\011\142\351\165\114\227\142\213\355\212\000}{section.2.4}% 19
\BOOKMARK [1][-]{section.2.5}{\376\377\131\026\220\350\117\235\215\126}{chapter.2}% 20
\BOOKMARK [1][-]{section.2.6}{\376\377\136\070\211\301\225\356\230\230}{chapter.2}% 21
\BOOKMARK [2][-]{subsection.2.6.1}{\376\377\145\340\154\325\124\057\122\250}{section.2.6}% 22
\BOOKMARK [2][-]{subsection.2.6.2}{\376\377\154\350\121\214\131\061\215\045}{section.2.6}% 23
\BOOKMARK [1][-]{section.2.7}{\376\377\217\157\116\366\146\364\145\260}{chapter.2}% 24
\BOOKMARK [0][-]{chapter.3}{\376\377\137\353\220\037\121\145\225\350}{}% 25
\BOOKMARK [1][-]{section.3.1}{\376\377\137\353\220\037\137\000\131\313}{chapter.3}% 26
\BOOKMARK [1][-]{section.3.2}{\376\377\127\372\147\054\155\101\172\013}{chapter.3}% 27
\BOOKMARK [1][-]{section.3.3}{\376\377\153\145\232\244\000\040\0001\377\032\122\033\136\372\135\345\172\013}{chapter.3}% 28
\BOOKMARK [1][-]{section.3.4}{\376\377\153\145\232\244\000\040\0002\377\032\133\374\121\145\145\160\143\156}{chapter.3}% 29
\BOOKMARK [1][-]{section.3.5}{\376\377\153\145\232\244\000\040\0003\377\032\147\345\167\013\145\366\225\364\136\217\122\027}{chapter.3}% 30
\BOOKMARK [1][-]{section.3.6}{\376\377\153\145\232\244\000\040\0004\377\032\142\147\210\114\000\040\000F\000F\000T\000\040\131\004\164\006}{chapter.3}% 31
\BOOKMARK [1][-]{section.3.7}{\376\377\153\145\232\244\000\040\0005\377\032\145\160\143\156\173\133\220\011}{chapter.3}% 32
\BOOKMARK [1][-]{section.3.8}{\376\377\153\145\232\244\000\040\0006\377\032\133\374\121\372\176\323\147\234}{chapter.3}% 33
\BOOKMARK [1][-]{section.3.9}{\376\377\116\013\116\000\153\145}{chapter.3}% 34
\BOOKMARK [0][-]{chapter.4}{\376\377\217\157\116\366\151\202\217\360}{}% 35
\BOOKMARK [1][-]{section.4.1}{\376\377\000M\000T\000D\000P\173\200\116\313}{chapter.4}% 36
\BOOKMARK [2][-]{subsection.4.1.1}{\376\377\217\157\116\366\133\232\117\115}{section.4.1}% 37
\BOOKMARK [2][-]{subsection.4.1.2}{\376\377\162\110\147\054\117\341\140\157}{section.4.1}% 38
\BOOKMARK [2][-]{subsection.4.1.3}{\376\377\116\073\211\201\162\171\160\271}{section.4.1}% 39
\BOOKMARK [1][-]{section.4.2}{\376\377\174\373\176\337\211\201\154\102\116\016\133\211\210\305}{chapter.4}% 40
\BOOKMARK [2][-]{subsection.4.2.1}{\376\377\170\154\116\366\211\201\154\102}{section.4.2}% 41
\BOOKMARK [2][-]{subsection.4.2.2}{\376\377\217\157\116\366\211\201\154\102}{section.4.2}% 42
\BOOKMARK [2][-]{subsection.4.2.3}{\376\377\133\211\210\305\153\145\232\244}{section.4.2}% 43
\BOOKMARK [2][-]{subsection.4.2.4}{\376\377\143\210\147\103\232\214\213\301}{section.4.2}% 44
\BOOKMARK [1][-]{section.4.3}{\376\377\217\157\116\366\165\114\227\142\133\374\211\310}{chapter.4}% 45
\BOOKMARK [2][-]{subsection.4.3.1}{\376\377\116\073\172\227\123\343\136\003\134\100}{section.4.3}% 46
\BOOKMARK [2][-]{subsection.4.3.2}{\376\377\145\160\143\156\134\102\153\041\176\323\147\204}{section.4.3}% 47
\BOOKMARK [2][-]{subsection.4.3.3}{\376\377\203\334\123\125\176\323\147\204}{section.4.3}% 48
\BOOKMARK [3][-]{subsubsection*.3}{\376\377\116\073\203\334\123\125}{subsection.4.3.3}% 49
\BOOKMARK [3][-]{subsubsection*.4}{\376\377\123\363\225\056\203\334\123\125\213\346\176\306\213\364\146\016}{subsection.4.3.3}% 50
\BOOKMARK [4][-]{paragraph*.5}{\376\377\230\171\166\356\123\363\225\056\203\334\123\125}{subsubsection*.4}% 51
\BOOKMARK [4][-]{paragraph*.6}{\376\377\135\345\123\072\123\363\225\056\203\334\123\125}{subsubsection*.4}% 52
\BOOKMARK [4][-]{paragraph*.7}{\376\377\330\075\334\301\000\040\122\006\176\304\377\010\155\113\153\265\377\011\123\363\225\056\203\334\123\125}{subsubsection*.4}% 53
\BOOKMARK [4][-]{paragraph*.8}{\376\377\155\113\160\271\123\363\225\056\203\334\123\125}{subsubsection*.4}% 54
\BOOKMARK [4][-]{paragraph*.9}{\376\377\123\363\225\056\203\334\123\125\117\177\165\050\142\200\135\347}{subsubsection*.4}% 55
\BOOKMARK [1][-]{section.4.4}{\376\377\135\345\172\013\145\207\116\366\176\323\147\204}{chapter.4}% 56
\BOOKMARK [2][-]{subsection.4.4.1}{\376\377\166\356\137\125\176\304\176\307}{section.4.4}% 57
\BOOKMARK [2][-]{subsection.4.4.2}{\376\377\201\352\122\250\131\007\116\375}{section.4.4}% 58
\BOOKMARK [1][-]{section.4.5}{\376\377\137\353\220\037\121\145\225\350\145\131\172\013}{chapter.4}% 59
\BOOKMARK [2][-]{subsection.4.5.1}{\376\377\0005\122\006\224\237\133\214\142\020\145\160\143\156\131\004\164\006}{section.4.5}% 60
\BOOKMARK [1][-]{section.4.6}{\376\377\136\070\211\301\135\345\117\134\155\101\172\013}{chapter.4}% 61
\BOOKMARK [2][-]{subsection.4.6.1}{\376\377\150\007\121\306\000M\000T\145\160\143\156\131\004\164\006\155\101\172\013}{section.4.6}% 62
\BOOKMARK [2][-]{subsection.4.6.2}{\376\377\217\334\123\302\200\003\131\004\164\006\155\101\172\013}{section.4.6}% 63
\BOOKMARK [2][-]{subsection.4.6.3}{\376\377\000R\000M\000S\000M\000R\137\072\136\162\142\160\131\004\164\006\155\101\172\013}{section.4.6}% 64
\BOOKMARK [2][-]{subsection.4.6.4}{\376\377\142\171\221\317\131\004\164\006\155\101\172\013}{section.4.6}% 65
\BOOKMARK [2][-]{subsection.4.6.5}{\376\377\145\160\143\156\215\050\221\317\213\304\117\060\155\101\172\013}{section.4.6}% 66
\BOOKMARK [2][-]{subsection.4.6.6}{\376\377\121\170\127\213\136\224\165\050\127\072\146\157}{section.4.6}% 67
\BOOKMARK [1][-]{section.4.7}{\376\377\217\157\116\366\221\115\177\156\136\372\213\256}{chapter.4}% 68
\BOOKMARK [2][-]{subsection.4.7.1}{\376\377\143\250\203\120\213\276\177\156}{section.4.7}% 69
\BOOKMARK [2][-]{subsection.4.7.2}{\376\377\140\047\200\375\117\030\123\026}{section.4.7}% 70
\BOOKMARK [1][-]{section.4.8}{\376\377\203\267\123\326\136\056\122\251}{chapter.4}% 71
\BOOKMARK [0][-]{chapter.5}{\376\377\131\047\127\060\165\065\170\301\145\160\143\156\131\004\164\006\145\131\172\013}{}% 72
\BOOKMARK [1][-]{section.5.1}{\376\377\145\131\172\013\151\202\217\360\116\016\133\146\116\140\215\357\137\204}{chapter.5}% 73
\BOOKMARK [2][-]{subsection.5.1.1}{\376\377\000M\000T\145\160\143\156\131\004\164\006\121\150\146\157\126\376}{section.5.1}% 74
\BOOKMARK [2][-]{subsection.5.1.2}{\376\377\147\054\172\340\133\146\116\140\215\357\137\204}{section.5.1}% 75
\BOOKMARK [2][-]{subsection.5.1.3}{\376\377\133\146\116\140\136\372\213\256}{section.5.1}% 76
\BOOKMARK [2][-]{subsection.5.1.4}{\376\377\147\057\213\355\116\055\202\361\133\371\161\147\210\150}{section.5.1}% 77
\BOOKMARK [1][-]{section.5.2}{\376\377\173\054\116\000\153\145\377\032\164\006\211\343\000M\000T\127\372\147\054\123\237\164\006}{chapter.5}% 78
\BOOKMARK [2][-]{subsection.5.2.1}{\376\377\131\051\161\066\165\065\170\301\127\072\116\316\124\352\221\314\147\145\377\037}{section.5.2}% 79
\BOOKMARK [3][-]{subsubsection*.10}{\376\377\116\044\171\315\131\051\161\066\127\072\156\220}{subsection.5.2.1}% 80
\BOOKMARK [3][-]{subsubsection*.11}{\376\377\146\074\131\034\123\330\123\026\166\204\137\161\124\315}{subsection.5.2.1}% 81
\BOOKMARK [2][-]{subsection.5.2.2}{\376\377\165\065\170\301\154\342\131\202\117\125\000"\167\013\211\301\000"\127\060\116\013\377\037}{section.5.2}% 82
\BOOKMARK [3][-]{subsubsection*.12}{\376\377\150\070\137\303\151\202\137\365\377\032\215\213\200\244\155\361\136\246}{subsection.5.2.2}% 83
\BOOKMARK [3][-]{subsubsection*.13}{\376\377\133\236\226\105\143\242\155\113\155\361\136\246\220\037\147\345\210\150}{subsection.5.2.2}% 84
\BOOKMARK [2][-]{subsection.5.2.3}{\376\377\142\021\116\354\155\113\221\317\166\204\146\057\116\300\116\110\377\037}{section.5.2}% 85
\BOOKMARK [3][-]{subsubsection*.14}{\376\377\226\073\142\227\377\032\127\060\116\013\166\204\000"\165\065\226\073\000"}{subsection.5.2.3}% 86
\BOOKMARK [3][-]{subsubsection*.15}{\376\377\211\306\165\065\226\073\163\207\116\016\166\370\117\115}{subsection.5.2.3}% 87
\BOOKMARK [3][-]{subsubsection*.16}{\376\377\120\076\133\120\377\032\133\373\142\176\117\247\124\021\137\002\136\070}{subsection.5.2.3}% 88
\BOOKMARK [1][-]{section.5.3}{\376\377\173\054\116\214\153\145\377\032\145\160\143\156\221\307\226\306\121\306\131\007}{chapter.5}% 89
\BOOKMARK [2][-]{subsection.5.3.1}{\376\377\221\316\131\026\136\003\177\156\211\201\160\271}{section.5.3}% 90
\BOOKMARK [3][-]{subsubsection*.17}{\376\377\155\113\172\331\176\304\142\020}{subsection.5.3.1}% 91
\BOOKMARK [3][-]{subsubsection*.18}{\376\377\136\003\177\156\136\372\213\256}{subsection.5.3.1}% 92
\BOOKMARK [2][-]{subsection.5.3.2}{\376\377\217\334\123\302\200\003\172\331\213\276\177\156}{section.5.3}% 93
\BOOKMARK [3][-]{subsubsection*.19}{\376\377\116\072\116\300\116\110\227\000\211\201\217\334\123\302\200\003\172\331\377\037}{subsection.5.3.2}% 94
\BOOKMARK [3][-]{subsubsection*.20}{\376\377\217\334\123\302\200\003\172\331\213\276\177\156\211\201\154\102}{subsection.5.3.2}% 95
\BOOKMARK [2][-]{subsection.5.3.3}{\376\377\211\302\155\113\145\366\225\177\136\372\213\256}{section.5.3}% 96
\BOOKMARK [3][-]{subsubsection*.21}{\376\377\150\071\143\156\143\242\155\113\155\361\136\246\170\156\133\232\145\366\225\177}{subsection.5.3.3}% 97
\BOOKMARK [3][-]{subsubsection*.22}{\376\377\143\320\232\330\145\160\143\156\215\050\221\317\166\204\142\200\135\347}{subsection.5.3.3}% 98
\BOOKMARK [2][-]{subsection.5.3.4}{\376\377\000M\000T\000D\000P\145\160\143\156\133\374\121\145\144\315\117\134}{section.5.3}% 99
\BOOKMARK [2][-]{subsection.5.3.5}{\376\377\155\113\160\271\213\276\177\156\210\150\123\125\213\346\211\343}{section.5.3}% 100
\BOOKMARK [3][-]{subsubsection*.23}{\376\377\127\372\147\054\117\341\140\157}{subsection.5.3.5}% 101
\BOOKMARK [3][-]{subsubsection*.24}{\376\377\127\120\150\007\117\341\140\157}{subsection.5.3.5}% 102
\BOOKMARK [3][-]{subsubsection*.25}{\376\377\220\032\220\123\221\115\177\156\123\302\145\160}{subsection.5.3.5}% 103
\BOOKMARK [3][-]{subsubsection*.26}{\376\377\221\307\226\306\166\322\117\341\140\157}{subsection.5.3.5}% 104
\BOOKMARK [3][-]{subsubsection*.27}{\376\377\145\366\225\364\117\341\140\157}{subsection.5.3.5}% 105
\BOOKMARK [3][-]{subsubsection*.28}{\376\377\230\221\163\207\117\341\140\157}{subsection.5.3.5}% 106
\BOOKMARK [3][-]{subsubsection*.29}{\376\377\162\171\153\212\122\237\200\375}{subsection.5.3.5}% 107
\BOOKMARK [1][-]{section.5.4}{\376\377\173\054\116\011\153\145\377\032\116\316\145\366\225\364\136\217\122\027\122\060\230\221\214\061}{chapter.5}% 108
\BOOKMARK [2][-]{subsection.5.4.1}{\376\377\120\205\221\314\123\366\123\330\143\142\127\372\170\100}{section.5.4}% 109
\BOOKMARK [3][-]{subsubsection*.30}{\376\377\116\072\116\300\116\110\227\000\211\201\000F\000F\000T\377\037}{subsection.5.4.1}% 110
\BOOKMARK [3][-]{subsubsection*.31}{\376\377\000M\000T\000D\000P\116\055\166\204\000F\000F\000T\123\302\145\160}{subsection.5.4.1}% 111
\BOOKMARK [2][-]{subsection.5.4.2}{\376\377\122\237\163\207\214\061\117\060\213\241}{section.5.4}% 112
\BOOKMARK [3][-]{subsubsection*.32}{\376\377\201\352\122\237\163\207\214\061\116\016\116\222\122\237\163\207\214\061}{subsection.5.4.2}% 113
\BOOKMARK [3][-]{subsubsection*.33}{\376\377\123\340\122\240\166\204\117\134\165\050}{subsection.5.4.2}% 114
\BOOKMARK [2][-]{subsection.5.4.3}{\376\377\145\160\143\156\122\006\176\304\116\016\123\340\122\240}{section.5.4}% 115
\BOOKMARK [3][-]{subsubsection*.34}{\376\377\122\006\176\304\173\126\165\145}{subsection.5.4.3}% 116
\BOOKMARK [2][-]{subsection.5.4.4}{\376\377\000M\000T\000D\000P\166\204\000F\000F\000T\144\315\117\134}{section.5.4}% 117
\BOOKMARK [1][-]{section.5.5}{\376\377\173\054\126\333\153\145\377\032\226\073\142\227\117\060\213\241}{chapter.5}% 118
\BOOKMARK [2][-]{subsection.5.5.1}{\376\377\145\271\154\325\133\371\153\324\140\073\211\310}{section.5.5}% 119
\BOOKMARK [2][-]{subsection.5.5.2}{\376\377\145\271\154\325\220\011\142\351\121\263\173\126\150\021}{section.5.5}% 120
\BOOKMARK [2][-]{subsection.5.5.3}{\376\377\147\000\134\017\116\214\116\130\154\325\377\010\121\145\225\350\164\006\211\343\377\011}{section.5.5}% 121
\BOOKMARK [3][-]{subsubsection*.35}{\376\377\127\372\147\054\140\035\140\363}{subsection.5.5.3}% 122
\BOOKMARK [3][-]{subsubsection*.36}{\376\377\116\072\116\300\116\110\116\015\143\250\203\120\377\037}{subsection.5.5.3}% 123
\BOOKMARK [2][-]{subsection.5.5.4}{\376\377\217\334\123\302\200\003\220\123\154\325\377\010\143\250\203\120\377\011}{section.5.5}% 124
\BOOKMARK [3][-]{subsubsection*.37}{\376\377\150\070\137\303\140\035\140\363}{subsection.5.5.4}% 125
\BOOKMARK [3][-]{subsubsection*.38}{\376\377\116\072\116\300\116\110\147\011\145\110\377\037}{subsection.5.5.4}% 126
\BOOKMARK [3][-]{subsubsection*.39}{\376\377\117\177\165\050\147\141\116\366}{subsection.5.5.4}% 127
\BOOKMARK [2][-]{subsection.5.5.5}{\376\377\172\063\120\145\117\060\213\241\377\010\217\333\226\066\377\011}{section.5.5}% 128
\BOOKMARK [3][-]{subsubsection*.40}{\376\377\126\336\137\122\000M\117\060\213\241}{subsection.5.5.5}% 129
\BOOKMARK [3][-]{subsubsection*.41}{\376\377\147\011\165\114\137\161\124\315\117\060\213\241}{subsection.5.5.5}% 130
\BOOKMARK [2][-]{subsection.5.5.6}{\376\377\000R\000M\000S\000M\000R\145\271\154\325\377\010\000M\000T\000D\000P\162\171\202\162\377\011}{section.5.5}% 131
\BOOKMARK [3][-]{subsubsection*.42}{\376\377\116\011\176\364\136\246\131\004\164\006\173\126\165\145}{subsection.5.5.6}% 132
\BOOKMARK [2][-]{subsection.5.5.7}{\376\377\000M\000T\000D\000P\226\073\142\227\117\060\213\241\144\315\117\134}{section.5.5}% 133
\BOOKMARK [1][-]{section.5.6}{\376\377\173\054\116\224\153\145\377\032\145\160\143\156\215\050\221\317\213\304\117\060}{chapter.5}% 134
\BOOKMARK [2][-]{subsection.5.6.1}{\376\377\215\050\221\317\213\304\117\060\143\007\150\007\140\073\211\310}{section.5.6}% 135
\BOOKMARK [2][-]{subsection.5.6.2}{\376\377\116\011\171\315\166\370\136\162\136\246\213\346\211\343}{section.5.6}% 136
\BOOKMARK [3][-]{subsubsection*.43}{\376\377\136\070\166\370\136\162\136\246\000\040\000\050\000O\000r\000d\000i\000n\000a\000r\000y\000\040\000C\000o\000h\000e\000r\000e\000n\000c\000e\000\051}{subsection.5.6.2}% 137
\BOOKMARK [3][-]{subsubsection*.44}{\376\377\221\315\166\370\136\162\136\246\000\040\000\050\000M\000u\000l\000t\000i\000p\000l\000e\000\040\000C\000o\000h\000e\000r\000e\000n\000c\000e\000\051}{subsection.5.6.2}% 138
\BOOKMARK [3][-]{subsubsection*.45}{\376\377\120\117\166\370\136\162\136\246\000\040\000\050\000P\000a\000r\000t\000i\000a\000l\000\040\000C\000o\000h\000e\000r\000e\000n\000c\000e\000\051}{subsection.5.6.2}% 139
\BOOKMARK [2][-]{subsection.5.6.3}{\376\377\121\166\116\326\215\050\221\317\143\007\150\007}{section.5.6}% 140
\BOOKMARK [3][-]{subsubsection*.46}{\376\377\122\237\163\207\214\061\133\306\136\246\000\040\000\050\000P\000S\000D\000\051}{subsection.5.6.3}% 141
\BOOKMARK [3][-]{subsubsection*.47}{\376\377\213\357\135\356\150\322\377\010\145\271\135\356\117\060\213\241\377\011}{subsection.5.6.3}% 142
\BOOKMARK [2][-]{subsection.5.6.4}{\376\377\145\160\143\156\173\133\220\011\145\271\154\325}{section.5.6}% 143
\BOOKMARK [3][-]{subsubsection*.48}{\376\377\173\133\220\011\123\302\145\160\116\000\211\310}{subsection.5.6.4}% 144
\BOOKMARK [3][-]{subsubsection*.49}{\376\377\232\154\154\017\215\335\171\273\173\133\220\011}{subsection.5.6.4}% 145
\BOOKMARK [2][-]{subsection.5.6.5}{\376\377\131\175\000/\127\117\145\160\143\156\133\371\153\324\171\072\117\213}{section.5.6}% 146
\BOOKMARK [3][-]{subsubsection*.50}{\376\377\047\005\000\040\232\330\215\050\221\317\145\160\143\156\162\171\137\201}{subsection.5.6.5}% 147
\BOOKMARK [3][-]{subsubsection*.51}{\376\377\047\114\000\040\117\116\215\050\221\317\145\160\143\156\162\171\137\201}{subsection.5.6.5}% 148
\BOOKMARK [3][-]{subsubsection*.52}{\376\377\215\050\221\317\225\356\230\230\213\312\145\255\210\150}{subsection.5.6.5}% 149
\BOOKMARK [2][-]{subsection.5.6.6}{\376\377\215\050\221\317\213\304\117\060\156\005\123\125}{section.5.6}% 150
\BOOKMARK [2][-]{subsection.5.6.7}{\376\377\000M\000T\000D\000P\215\050\221\317\213\304\117\060\144\315\117\134}{section.5.6}% 151
\BOOKMARK [1][-]{section.5.7}{\376\377\173\054\121\155\153\145\377\032\232\330\176\247\122\006\147\220\135\345\121\167}{chapter.5}% 152
\BOOKMARK [2][-]{subsection.5.7.1}{\376\377\166\370\117\115\137\040\221\317\122\006\147\220}{section.5.7}% 153
\BOOKMARK [3][-]{subsubsection*.53}{\376\377\116\072\116\300\116\110\165\050\166\370\117\115\137\040\221\317\377\037}{subsection.5.7.1}% 154
\BOOKMARK [3][-]{subsubsection*.54}{\376\377\166\370\117\115\137\040\221\317\133\232\116\111}{subsection.5.7.1}% 155
\BOOKMARK [3][-]{subsubsection*.55}{\376\377\151\055\127\006\210\150\171\072}{subsection.5.7.1}% 156
\BOOKMARK [3][-]{subsubsection*.56}{\376\377\121\163\225\056\123\302\145\160}{subsection.5.7.1}% 157
\BOOKMARK [2][-]{subsection.5.7.2}{\376\377\000R\000h\000o\000p\000l\000u\000s\122\006\147\220}{section.5.7}% 158
\BOOKMARK [3][-]{subsubsection*.57}{\376\377\150\070\137\303\140\035\140\363}{subsection.5.7.2}% 159
\BOOKMARK [3][-]{subsubsection*.58}{\376\377\166\356\150\007\121\375\145\160}{subsection.5.7.2}% 160
\BOOKMARK [3][-]{subsubsection*.59}{\376\377\136\224\165\050\127\072\146\157}{subsection.5.7.2}% 161
\BOOKMARK [3][-]{subsubsection*.60}{\376\377\131\032\211\322\136\246\000R\000h\000o\000p\000l\000u\000s}{subsection.5.7.2}% 162
\BOOKMARK [2][-]{subsection.5.7.3}{\376\377\000M\000T\000D\000P\232\330\176\247\122\006\147\220\144\315\117\134}{section.5.7}% 163
\BOOKMARK [1][-]{section.5.8}{\376\377\173\054\116\003\153\145\377\032\000R\000M\000S\000M\000R\133\214\145\164\155\101\172\013}{chapter.5}% 164
\BOOKMARK [2][-]{subsection.5.8.1}{\376\377\000R\000M\000S\000M\000R\131\004\164\006\155\101\172\013\126\376}{section.5.8}% 165
\BOOKMARK [2][-]{subsection.5.8.2}{\376\377\123\302\145\160\213\276\177\156\143\007\123\127}{section.5.8}% 166
\BOOKMARK [3][-]{subsubsection*.61}{\376\377\150\070\137\303\123\302\145\160\213\346\211\343}{subsection.5.8.2}% 167
\BOOKMARK [3][-]{subsubsection*.62}{\376\377\123\302\145\160\214\003\117\030\136\372\213\256}{subsection.5.8.2}% 168
\BOOKMARK [3][-]{subsubsection*.63}{\376\377\116\015\124\014\127\072\146\157\166\204\143\250\203\120\123\302\145\160}{subsection.5.8.2}% 169
\BOOKMARK [2][-]{subsection.5.8.3}{\376\377\127\050\000M\000T\000D\000P\116\055\142\147\210\114\000R\000M\000S\000M\000R}{section.5.8}% 170
\BOOKMARK [3][-]{subsubsection*.64}{\376\377\153\145\232\244\0001\377\032\145\160\143\156\133\374\121\145}{subsection.5.8.3}% 171
\BOOKMARK [3][-]{subsubsection*.65}{\376\377\153\145\232\244\0002\377\032\000F\000F\000T\213\276\177\156}{subsection.5.8.3}% 172
\BOOKMARK [3][-]{subsubsection*.66}{\376\377\153\145\232\244\0003\377\032\220\011\142\351\131\004\164\006\145\271\154\325}{subsection.5.8.3}% 173
\BOOKMARK [2][-]{subsection.5.8.4}{\376\377\136\070\211\301\225\356\230\230\131\004\164\006\377\010\213\346\176\306\162\110\377\011}{section.5.8}% 174
\BOOKMARK [3][-]{subsubsection*.67}{\376\377\225\356\230\230\213\312\145\255\116\016\211\343\121\263\153\145\232\244}{subsection.5.8.4}% 175
\BOOKMARK [2][-]{subsection.5.8.5}{\376\377\131\004\164\006\145\366\225\364\230\204\117\060}{section.5.8}% 176
\BOOKMARK [2][-]{subsection.5.8.6}{\376\377\131\004\164\006\176\323\147\234\232\214\213\301}{section.5.8}% 177
\BOOKMARK [3][-]{subsubsection*.68}{\376\377\232\214\213\301\156\005\123\125}{subsection.5.8.6}% 178
\BOOKMARK [1][-]{section.5.9}{\376\377\134\017\176\323}{chapter.5}% 179
\BOOKMARK [2][-]{subsection.5.9.1}{\376\377\131\004\164\006\155\101\172\013\220\037\147\345}{section.5.9}% 180
\BOOKMARK [2][-]{subsection.5.9.2}{\376\377\145\271\154\325\220\011\142\351\143\007\123\127}{section.5.9}% 181
\BOOKMARK [2][-]{subsection.5.9.3}{\376\377\215\050\221\317\150\007\121\306}{section.5.9}% 182
\BOOKMARK [2][-]{subsection.5.9.4}{\376\377\166\370\121\163\172\340\202\202\137\353\220\037\133\374\202\052}{section.5.9}% 183
\BOOKMARK [1][-]{section.5.10}{\376\377\226\104\137\125\000A\377\032\147\103\132\001\123\302\200\003\145\207\163\056}{chapter.5}% 184
\BOOKMARK [2][-]{subsection.5.10.1}{\376\377\176\317\121\170\145\131\147\120}{section.5.10}% 185
\BOOKMARK [2][-]{subsection.5.10.2}{\376\377\121\163\225\056\213\272\145\207}{section.5.10}% 186
\BOOKMARK [2][-]{subsection.5.10.3}{\376\377\137\000\156\220\135\345\121\167}{section.5.10}% 187
\BOOKMARK [1][-]{section.5.11}{\376\377\226\104\137\125\000B\377\032\121\154\137\017\220\037\147\345\210\150}{chapter.5}% 188
\BOOKMARK [2][-]{subsection.5.11.1}{\376\377\127\372\147\054\121\154\137\017}{section.5.11}% 189
\BOOKMARK [2][-]{subsection.5.11.2}{\376\377\117\060\213\241\145\271\154\325}{section.5.11}% 190
\BOOKMARK [2][-]{subsection.5.11.3}{\376\377\166\370\136\162\136\246}{section.5.11}% 191
\BOOKMARK [2][-]{subsection.5.11.4}{\376\377\166\370\117\115\137\040\221\317}{section.5.11}% 192
\BOOKMARK [2][-]{subsection.5.11.5}{\376\377\121\166\116\326\121\154\137\017}{section.5.11}% 193
\BOOKMARK [1][-]{section.5.12}{\376\377\226\104\137\125\000C\377\032\133\146\116\140\215\357\137\204\136\372\213\256}{chapter.5}% 194
\BOOKMARK [2][-]{subsection.5.12.1}{\376\377\122\035\133\146\200\005\215\357\137\204}{section.5.12}% 195
\BOOKMARK [2][-]{subsection.5.12.2}{\376\377\217\333\226\066\165\050\142\067\215\357\137\204}{section.5.12}% 196
\BOOKMARK [2][-]{subsection.5.12.3}{\376\377\225\356\230\230\143\222\147\345\215\357\137\204}{section.5.12}% 197
\BOOKMARK [1][-]{section.5.13}{\376\377\226\104\137\125\000D\377\032\147\057\213\355\175\042\137\025}{chapter.5}% 198
\BOOKMARK [2][-]{subsection.5.13.1}{\376\377\000B}{section.5.13}% 199
\BOOKMARK [2][-]{subsection.5.13.2}{\376\377\000C}{section.5.13}% 200
\BOOKMARK [2][-]{subsection.5.13.3}{\376\377\000D}{section.5.13}% 201
\BOOKMARK [2][-]{subsection.5.13.4}{\376\377\000E}{section.5.13}% 202
\BOOKMARK [2][-]{subsection.5.13.5}{\376\377\000F}{section.5.13}% 203
\BOOKMARK [2][-]{subsection.5.13.6}{\376\377\000G}{section.5.13}% 204
\BOOKMARK [2][-]{subsection.5.13.7}{\376\377\000H}{section.5.13}% 205
\BOOKMARK [2][-]{subsection.5.13.8}{\376\377\000I}{section.5.13}% 206
\BOOKMARK [2][-]{subsection.5.13.9}{\376\377\000J}{section.5.13}% 207
\BOOKMARK [2][-]{subsection.5.13.10}{\376\377\000K}{section.5.13}% 208
\BOOKMARK [2][-]{subsection.5.13.11}{\376\377\000L}{section.5.13}% 209
\BOOKMARK [2][-]{subsection.5.13.12}{\376\377\000M}{section.5.13}% 210
\BOOKMARK [2][-]{subsection.5.13.13}{\376\377\000N}{section.5.13}% 211
\BOOKMARK [2][-]{subsection.5.13.14}{\376\377\000O}{section.5.13}% 212
\BOOKMARK [2][-]{subsection.5.13.15}{\376\377\000P}{section.5.13}% 213
\BOOKMARK [2][-]{subsection.5.13.16}{\376\377\000Q}{section.5.13}% 214
\BOOKMARK [2][-]{subsection.5.13.17}{\376\377\000R}{section.5.13}% 215
\BOOKMARK [2][-]{subsection.5.13.18}{\376\377\000S}{section.5.13}% 216
\BOOKMARK [2][-]{subsection.5.13.19}{\376\377\000T}{section.5.13}% 217
\BOOKMARK [2][-]{subsection.5.13.20}{\376\377\000W}{section.5.13}% 218
\BOOKMARK [2][-]{subsection.5.13.21}{\376\377\000Y}{section.5.13}% 219
\BOOKMARK [2][-]{subsection.5.13.22}{\376\377\000Z}{section.5.13}% 220
\BOOKMARK [1][-]{section.5.14}{\376\377\226\104\137\125\000E\377\032\136\070\211\301\225\356\230\230\000\040\000F\000A\000Q}{chapter.5}% 221
\BOOKMARK [2][-]{subsection.5.14.1}{\376\377\000Q\0001\000:\000\040\116\072\116\300\116\110\142\021\166\204\211\306\165\065\226\073\163\207\146\362\176\277\127\050\147\320\116\052\230\221\153\265\172\201\161\066\215\363\122\250\377\037}{section.5.14}% 222
\BOOKMARK [2][-]{subsection.5.14.2}{\376\377\000Q\0002\000:\000\040\217\334\123\302\200\003\172\331\215\335\171\273\131\032\217\334\124\010\220\002\377\037}{section.5.14}% 223
\BOOKMARK [2][-]{subsection.5.14.3}{\376\377\000Q\0003\000:\000\040\000R\000M\000S\000M\000R\217\355\116\343\131\032\134\021\153\041\124\010\220\002\377\037}{section.5.14}% 224
\BOOKMARK [2][-]{subsection.5.14.4}{\376\377\000Q\0004\000:\000\040\166\370\136\162\136\246\116\000\166\364\137\210\117\116\140\016\116\110\122\236\377\037}{section.5.14}% 225
\BOOKMARK [2][-]{subsection.5.14.5}{\376\377\000Q\0005\000:\000\040\131\202\117\125\122\044\145\255\145\160\143\156\146\057\124\046\123\357\116\345\165\050\116\216\123\315\157\024\377\037}{section.5.14}% 226
\BOOKMARK [2][-]{subsection.5.14.6}{\376\377\000Q\0006\000:\000\040\116\015\124\014\116\352\126\150\150\074\137\017\166\204\145\160\143\156\131\202\117\125\133\374\121\145\377\037}{section.5.14}% 227
\BOOKMARK [2][-]{subsection.5.14.7}{\376\377\000Q\0007\000:\000\040\131\004\164\006\176\323\147\234\133\374\121\372\116\300\116\110\150\074\137\017\377\037}{section.5.14}% 228
\BOOKMARK [0][-]{chapter.6}{\376\377\145\160\143\156\135\345\172\013\173\241\164\006}{}% 229
\BOOKMARK [1][-]{section.6.1}{\376\377\135\345\172\013\176\323\147\204\151\202\217\360}{chapter.6}% 230
\BOOKMARK [2][-]{subsection.6.1.1}{\376\377\124\004\134\102\176\247\213\364\146\016}{section.6.1}% 231
\BOOKMARK [2][-]{subsection.6.1.2}{\376\377\155\113\160\271\174\173\127\213}{section.6.1}% 232
\BOOKMARK [1][-]{section.6.2}{\376\377\122\033\136\372\116\016\173\241\164\006\135\345\172\013}{chapter.6}% 233
\BOOKMARK [2][-]{subsection.6.2.1}{\376\377\145\260\136\372\135\345\172\013}{section.6.2}% 234
\BOOKMARK [2][-]{subsection.6.2.2}{\376\377\142\123\137\000\135\362\147\011\135\345\172\013}{section.6.2}% 235
\BOOKMARK [2][-]{subsection.6.2.3}{\376\377\135\345\172\013\134\136\140\047\213\276\177\156\000\040\000\050\000P\000r\000o\000j\000e\000c\000t\000S\000e\000t\000F\000o\000r\000m\000\051}{section.6.2}% 236
\BOOKMARK [2][-]{subsection.6.2.4}{\376\377\116\272\124\130\117\341\140\157\173\241\164\006\000\040\000\050\000P\000e\000r\000s\000o\000n\000S\000e\000t\000F\000o\000r\000m\000\051}{section.6.2}% 237
\BOOKMARK [1][-]{section.6.3}{\376\377\135\345\123\072\173\241\164\006}{chapter.6}% 238
\BOOKMARK [2][-]{subsection.6.3.1}{\376\377\145\260\136\372\135\345\123\072}{section.6.3}% 239
\BOOKMARK [2][-]{subsection.6.3.2}{\376\377\135\345\123\072\134\136\140\047\213\276\177\156\000\040\000\050\000W\000o\000r\000k\000A\000r\000e\000a\000S\000e\000t\000F\000o\000r\000m\000\051}{section.6.3}% 240
\BOOKMARK [2][-]{subsection.6.3.3}{\376\377\135\345\123\072\144\315\117\134}{section.6.3}% 241
\BOOKMARK [1][-]{section.6.4}{\376\377\155\113\153\265\173\241\164\006}{chapter.6}% 242
\BOOKMARK [2][-]{subsection.6.4.1}{\376\377\145\260\136\372\155\113\153\265}{section.6.4}% 243
\BOOKMARK [2][-]{subsection.6.4.2}{\376\377\155\113\153\265\134\136\140\047\213\276\177\156\000\040\000\050\000G\000r\000o\000u\000p\000S\000e\000t\000F\000o\000r\000m\000\051}{section.6.4}% 244
\BOOKMARK [2][-]{subsection.6.4.3}{\376\377\142\171\221\317\122\240\217\175\155\113\160\271}{section.6.4}% 245
\BOOKMARK [1][-]{section.6.5}{\376\377\155\113\160\271\173\241\164\006}{chapter.6}% 246
\BOOKMARK [2][-]{subsection.6.5.1}{\376\377\155\113\160\271\134\136\140\047}{section.6.5}% 247
\BOOKMARK [2][-]{subsection.6.5.2}{\376\377\155\113\160\271\144\315\117\134}{section.6.5}% 248
\BOOKMARK [2][-]{subsection.6.5.3}{\376\377\145\160\143\156\215\050\221\317\173\111\176\247}{section.6.5}% 249
\BOOKMARK [2][-]{subsection.6.5.4}{\376\377\155\113\160\271\143\222\136\217}{section.6.5}% 250
\BOOKMARK [2][-]{subsection.6.5.5}{\376\377\220\032\220\123\221\115\177\156}{section.6.5}% 251
\BOOKMARK [2][-]{subsection.6.5.6}{\376\377\145\366\225\364\117\341\140\157}{section.6.5}% 252
\BOOKMARK [2][-]{subsection.6.5.7}{\376\377\162\171\153\212\122\237\200\375}{section.6.5}% 253
\BOOKMARK [1][-]{section.6.6}{\376\377\217\334\123\302\200\003\172\331\173\241\164\006}{chapter.6}% 254
\BOOKMARK [2][-]{subsection.6.6.1}{\376\377\217\334\123\302\200\003\172\331\213\241\173\227}{section.6.6}% 255
\BOOKMARK [2][-]{subsection.6.6.2}{\376\377\213\276\177\156\121\154\121\161\170\301\127\072\172\331}{section.6.6}% 256
\BOOKMARK [2][-]{subsection.6.6.3}{\376\377\213\276\177\156\217\334\123\302\200\003\172\331}{section.6.6}% 257
\BOOKMARK [1][-]{section.6.7}{\376\377\127\120\150\007\173\241\164\006}{chapter.6}% 258
\BOOKMARK [2][-]{subsection.6.7.1}{\376\377\116\316\000K\000M\000L\133\374\121\145\127\120\150\007}{section.6.7}% 259
\BOOKMARK [2][-]{subsection.6.7.2}{\376\377\133\374\121\372\155\113\160\271\127\120\150\007}{section.6.7}% 260
\BOOKMARK [2][-]{subsection.6.7.3}{\376\377\127\120\150\007\150\074\137\017}{section.6.7}% 261
\BOOKMARK [1][-]{section.6.8}{\376\377\135\345\172\013\145\207\116\366\173\241\164\006}{chapter.6}% 262
\BOOKMARK [2][-]{subsection.6.8.1}{\376\377\117\335\133\130\116\016\131\007\116\375}{section.6.8}% 263
\BOOKMARK [2][-]{subsection.6.8.2}{\376\377\135\345\172\013\117\341\140\157\133\130\120\250}{section.6.8}% 264
\BOOKMARK [2][-]{subsection.6.8.3}{\376\377\133\374\121\145\133\374\121\372}{section.6.8}% 265
\BOOKMARK [1][-]{section.6.9}{\376\377\131\032\213\355\212\000\145\057\143\001}{chapter.6}% 266
\BOOKMARK [1][-]{section.6.10}{\376\377\136\070\165\050\144\315\117\134\137\353\143\167\145\271\137\017}{chapter.6}% 267
\BOOKMARK [0][-]{chapter.7}{\376\377\116\352\126\150\145\160\143\156\145\057\143\001}{}% 268
\BOOKMARK [1][-]{section.7.1}{\376\377\000P\000h\000o\000e\000n\000i\000x\000\040\000M\000T\000U\000-\0005\000/\0005\000A\000\040\000\050\000T\000B\000L\150\074\137\017\000\051}{chapter.7}% 269
\BOOKMARK [2][-]{subsection.7.1.1}{\376\377\145\057\143\001\166\204\116\352\126\150\127\213\123\367}{section.7.1}% 270
\BOOKMARK [2][-]{subsection.7.1.2}{\376\377\145\160\143\156\145\207\116\366}{section.7.1}% 271
\BOOKMARK [2][-]{subsection.7.1.3}{\376\377\000P\000h\000o\000e\000n\000i\000x\000\040\000M\000T\000U\000-\0005\000/\0005\000A\000\040\145\160\143\156\133\374\121\145\377\010\213\346\176\306\153\145\232\244\377\011}{section.7.1}% 272
\BOOKMARK [3][-]{subsubsection*.69}{\376\377\121\306\131\007\135\345\117\134}{subsection.7.1.3}% 273
\BOOKMARK [3][-]{subsubsection*.70}{\376\377\133\374\121\145\155\101\172\013}{subsection.7.1.3}% 274
\BOOKMARK [3][-]{subsubsection*.71}{\376\377\133\374\121\145\124\016\232\214\213\301}{subsection.7.1.3}% 275
\BOOKMARK [3][-]{subsubsection*.72}{\376\377\136\070\211\301\225\356\230\230\116\016\211\343\121\263}{subsection.7.1.3}% 276
\BOOKMARK [3][-]{subsubsection*.73}{\376\377\147\000\117\163\133\236\215\365}{subsection.7.1.3}% 277
\BOOKMARK [2][-]{subsection.7.1.4}{\376\377\150\007\133\232\145\207\116\366}{section.7.1}% 278
\BOOKMARK [2][-]{subsection.7.1.5}{\376\377\116\023\165\050\135\345\121\167}{section.7.1}% 279
\BOOKMARK [3][-]{subsubsection*.74}{\376\377\000P\000h\000o\000e\000n\000i\000x\145\160\143\156\131\004\164\006\000\040\000\050\000P\000h\000o\000e\000n\000i\000x\000D\000a\000t\000a\000P\000r\000o\000c\000e\000s\000s\000F\000o\000r\000m\000\051}{subsection.7.1.5}% 280
\BOOKMARK [3][-]{subsubsection*.75}{\376\377\000S\000S\000M\000T\0002\0000\0000\0000\131\004\164\006\000\040\000\050\000P\000h\000o\000e\000n\000i\000x\000N\000o\000r\000m\000a\000l\000D\000a\000t\000a\000P\000r\000o\000c\000e\000s\000s\000F\000o\000r\000m\000\051}{subsection.7.1.5}% 281
\BOOKMARK [3][-]{subsubsection*.76}{\376\377\145\160\143\156\124\010\136\166\000\040\000\050\000P\000h\000o\000e\000n\000i\000x\000D\000a\000t\000a\000M\000e\000r\000g\000e\000F\000o\000r\000m\000\051}{subsection.7.1.5}% 282
\BOOKMARK [3][-]{subsubsection*.77}{\376\377\145\366\225\364\136\217\122\027\122\006\122\162\000\040\000\050\000P\000h\000o\000e\000n\000i\000x\000T\000S\000S\000p\000l\000i\000t\000\051}{subsection.7.1.5}% 283
\BOOKMARK [3][-]{subsubsection*.78}{\376\377\220\032\220\123\221\315\143\222\000\040\000\050\000P\000h\000o\000e\000n\000i\000x\000C\000h\000a\000n\000n\000e\000l\000R\000e\000A\000r\000r\000e\000n\000g\000e\000F\000o\000r\000m\000\051}{subsection.7.1.5}% 284
\BOOKMARK [3][-]{subsubsection*.79}{\376\377\145\366\225\364\136\217\122\027\133\371\237\120\117\356\131\015\000\040\000\050\000P\000h\000o\000e\000n\000i\000x\000T\000S\000M\000i\000s\000a\000l\000i\000g\000n\000m\000e\000n\000t\000R\000e\000p\000a\000i\000r\000F\000o\000r\000m\000\051}{subsection.7.1.5}% 285
\BOOKMARK [3][-]{subsubsection*.80}{\376\377\000T\000B\000L\123\302\145\160\146\377\143\142\000\040\000\050\000T\000B\000L\000P\000a\000r\000a\000m\000e\000t\000e\000r\000R\000e\000p\000l\000a\000c\000e\000F\000o\000r\000m\000\051}{subsection.7.1.5}% 286
\BOOKMARK [3][-]{subsubsection*.81}{\376\377\000T\000S\041\222\000F\000C\217\154\143\142\000\040\000\050\000P\000h\000o\000e\000n\000i\000x\000T\000s\000T\000o\000F\000t\000M\000e\000n\000u\000\051}{subsection.7.1.5}% 287
\BOOKMARK [1][-]{section.7.2}{\376\377\000P\000h\000o\000e\000n\000i\000x\000\040\000M\000T\000U\000-\0005\000C\000/\0008\000A\000\040\000\050\000J\000S\000O\000N\150\074\137\017\000\051}{chapter.7}% 288
\BOOKMARK [2][-]{subsection.7.2.1}{\376\377\145\057\143\001\166\204\116\352\126\150\127\213\123\367}{section.7.2}% 289
\BOOKMARK [2][-]{subsection.7.2.2}{\376\377\145\160\143\156\133\374\121\145}{section.7.2}% 290
\BOOKMARK [2][-]{subsection.7.2.3}{\376\377\226\115\221\307\150\067\131\004\164\006}{section.7.2}% 291
\BOOKMARK [1][-]{section.7.3}{\376\377\000M\000e\000t\000r\000o\000n\000i\000x\116\352\126\150}{chapter.7}% 292
\BOOKMARK [2][-]{subsection.7.3.1}{\376\377\145\057\143\001\166\204\116\352\126\150\127\213\123\367}{section.7.3}% 293
\BOOKMARK [2][-]{subsection.7.3.2}{\376\377\145\160\143\156\145\207\116\366}{section.7.3}% 294
\BOOKMARK [2][-]{subsection.7.3.3}{\376\377\145\160\143\156\133\374\121\145}{section.7.3}% 295
\BOOKMARK [2][-]{subsection.7.3.4}{\376\377\000W\000E\000M\145\160\143\156\131\004\164\006\126\150}{section.7.3}% 296
\BOOKMARK [2][-]{subsection.7.3.5}{\376\377\000M\000e\000t\000r\000o\000n\000i\000x\116\023\165\050\135\345\121\167}{section.7.3}% 297
\BOOKMARK [3][-]{subsubsection*.82}{\376\377\000W\000E\000M\131\004\164\006\126\150\000\040\000\050\000W\000E\000M\000P\000r\000o\000c\000e\000s\000s\000o\000r\000F\000o\000r\000m\000\051}{subsection.7.3.5}% 298
\BOOKMARK [3][-]{subsubsection*.83}{\376\377\000A\000T\000S\041\222\000D\000A\000T\217\154\143\142}{subsection.7.3.5}% 299
\BOOKMARK [1][-]{section.7.4}{\376\377\000L\000E\000M\000I\225\177\124\150\147\037\116\352\126\150}{chapter.7}% 300
\BOOKMARK [2][-]{subsection.7.4.1}{\376\377\145\160\143\156\162\171\160\271}{section.7.4}% 301
\BOOKMARK [2][-]{subsection.7.4.2}{\376\377\145\160\143\156\133\374\121\145}{section.7.4}% 302
\BOOKMARK [2][-]{subsection.7.4.3}{\376\377\116\016\232\330\230\221\145\160\143\156\200\124\124\010\131\004\164\006}{section.7.4}% 303
\BOOKMARK [2][-]{subsection.7.4.4}{\376\377\145\160\143\156\162\171\160\271}{section.7.4}% 304
\BOOKMARK [2][-]{subsection.7.4.5}{\376\377\145\160\143\156\133\374\121\145}{section.7.4}% 305
\BOOKMARK [2][-]{subsection.7.4.6}{\376\377\000R\000M\000T\145\160\143\156\145\207\116\366\150\074\137\017}{section.7.4}% 306
\BOOKMARK [3][-]{subsubsection*.84}{\376\377\000S\000B\000F\150\074\137\017\000\040\000\050\000.\000s\000b\000f\000\051}{subsection.7.4.6}% 307
\BOOKMARK [3][-]{subsubsection*.85}{\376\377\000C\000A\000S\000R\000M\000T\150\074\137\017\000\040\000\050\000.\000j\000s\000o\000n\000/\000.\000r\000m\000t\000j\000s\000o\000n\000\051}{subsection.7.4.6}% 308
\BOOKMARK [2][-]{subsection.7.4.7}{\376\377\174\373\176\337\124\315\136\224\150\041\121\306}{section.7.4}% 309
\BOOKMARK [2][-]{subsection.7.4.8}{\376\377\000R\000M\000T\000/\000C\000A\000S\000R\000M\000T\116\023\165\050\135\345\121\167}{section.7.4}% 310
\BOOKMARK [3][-]{subsubsection*.86}{\376\377\000R\000M\000T\172\331\160\271\173\241\164\006\000\040\000\050\000R\000M\000T\000S\000i\000t\000e\000F\000o\000r\000m\000\051}{subsection.7.4.8}% 311
\BOOKMARK [1][-]{section.7.5}{\376\377\000A\000e\000t\000h\000e\000r\116\352\126\150\000\040\000\050\000A\000T\000T\000S\150\074\137\017\000\051}{chapter.7}% 312
\BOOKMARK [2][-]{subsection.7.5.1}{\376\377\145\160\143\156\133\374\121\145}{section.7.5}% 313
\BOOKMARK [2][-]{subsection.7.5.2}{\376\377\226\115\221\307\150\067\131\004\164\006}{section.7.5}% 314
\BOOKMARK [1][-]{section.7.6}{\376\377\220\032\165\050\000E\000D\000I\150\074\137\017}{chapter.7}% 315
\BOOKMARK [2][-]{subsection.7.6.1}{\376\377\133\374\121\145\135\362\147\011\000E\000D\000I\145\160\143\156}{section.7.6}% 316
\BOOKMARK [2][-]{subsection.7.6.2}{\376\377\145\160\143\156\177\026\217\221}{section.7.6}% 317
\BOOKMARK [1][-]{section.7.7}{\376\377\124\010\142\020\145\160\143\156\000\040\000\050\000S\000y\000n\000t\000h\000e\000t\000i\000c\000\051}{chapter.7}% 318
\BOOKMARK [2][-]{subsection.7.7.1}{\376\377\145\160\143\156\150\074\137\017}{section.7.7}% 319
\BOOKMARK [2][-]{subsection.7.7.2}{\376\377\145\160\143\156\133\374\121\145}{section.7.7}% 320
\BOOKMARK [1][-]{section.7.8}{\376\377\000A\000G\000E\000X\000X\000L\150\074\137\017}{chapter.7}% 321
\BOOKMARK [2][-]{subsection.7.8.1}{\376\377\145\160\143\156\133\374\121\145}{section.7.8}% 322
\BOOKMARK [1][-]{section.7.9}{\376\377\145\160\143\156\150\074\137\017\154\107\140\073}{chapter.7}% 323
\BOOKMARK [1][-]{section.7.10}{\376\377\150\007\133\232\145\207\116\366\147\345\142\176\147\072\122\066}{chapter.7}% 324
\BOOKMARK [2][-]{subsection.7.10.1}{\376\377\144\034\175\042\230\172\136\217}{section.7.10}% 325
\BOOKMARK [2][-]{subsection.7.10.2}{\376\377\150\007\133\232\145\207\116\366\150\074\137\017}{section.7.10}% 326
\BOOKMARK [2][-]{subsection.7.10.3}{\376\377\221\115\177\156\150\007\133\232\215\357\137\204}{section.7.10}% 327
\BOOKMARK [1][-]{section.7.11}{\376\377\131\032\145\207\116\366\122\240\217\175\145\271\137\017}{chapter.7}% 328
\BOOKMARK [2][-]{subsection.7.11.1}{\376\377\123\125\145\207\116\366\122\240\217\175}{section.7.11}% 329
\BOOKMARK [2][-]{subsection.7.11.2}{\376\377\123\314\156\220\145\207\116\366\122\240\217\175\377\010\000X\000/\000Y\156\220\377\011}{section.7.11}% 330
\BOOKMARK [2][-]{subsection.7.11.3}{\376\377\131\032\145\207\116\366\124\010\136\166\122\240\217\175}{section.7.11}% 331
\BOOKMARK [1][-]{section.7.12}{\376\377\116\352\126\150\174\173\127\213\201\352\122\250\213\306\122\053}{chapter.7}% 332
\BOOKMARK [1][-]{section.7.13}{\376\377\145\160\143\156\133\374\121\145\136\372\213\256}{chapter.7}% 333
\BOOKMARK [2][-]{subsection.7.13.1}{\376\377\133\374\121\145\122\115\150\300\147\345}{section.7.13}% 334
\BOOKMARK [2][-]{subsection.7.13.2}{\376\377\145\160\143\156\176\304\176\307}{section.7.13}% 335
\BOOKMARK [1][-]{section.7.14}{\376\377\142\171\221\317\155\373\122\240\230\221\160\271}{chapter.7}% 336
\BOOKMARK [2][-]{subsection.7.14.1}{\376\377\142\171\221\317\155\373\122\240\230\221\160\271\210\150\123\125\000\040\000\050\000B\000a\000t\000c\000h\000A\000d\000d\000F\000r\000e\000q\000F\000o\000r\000m\000\051}{section.7.14}% 337
\BOOKMARK [2][-]{subsection.7.14.2}{\376\377\230\221\163\207\165\037\142\020\145\271\137\017}{section.7.14}% 338
\BOOKMARK [2][-]{subsection.7.14.3}{\376\377\123\302\145\160\213\364\146\016}{section.7.14}% 339
\BOOKMARK [2][-]{subsection.7.14.4}{\376\377\165\037\142\020\173\227\154\325}{section.7.14}% 340
\BOOKMARK [3][-]{subsubsection*.87}{\376\377\173\111\153\324\122\006\136\003\377\010\133\371\145\160\225\364\226\224\377\011}{subsection.7.14.4}% 341
\BOOKMARK [3][-]{subsubsection*.88}{\376\377\173\111\135\356\122\006\136\003\377\010\176\277\140\047\225\364\226\224\377\011}{subsection.7.14.4}% 342
\BOOKMARK [3][-]{subsubsection*.89}{\376\377\201\352\133\232\116\111\225\364\215\335\377\010\116\130\154\325\220\022\130\236\377\011}{subsection.7.14.4}% 343
\BOOKMARK [2][-]{subsection.7.14.5}{\376\377\230\221\153\265\177\026\217\221\122\237\200\375\000\040\000\050\000E\000d\000i\000t\000B\000a\000n\000d\000F\000o\000r\000m\000\051}{section.7.14}% 344
\BOOKMARK [3][-]{subsubsection*.90}{\376\377\165\114\227\142\123\302\145\160}{subsection.7.14.5}% 345
\BOOKMARK [3][-]{subsubsection*.91}{\376\377\221\307\150\067\163\207\217\223\121\145\150\074\137\017}{subsection.7.14.5}% 346
\BOOKMARK [3][-]{subsubsection*.92}{\376\377\232\214\213\301\211\304\122\031}{subsection.7.14.5}% 347
\BOOKMARK [1][-]{section.7.15}{\376\377\122\006\176\304\174\173\127\213\213\276\177\156\000\040\000\050\000G\000r\000o\000u\000p\000T\000y\000p\000e\000F\000o\000r\000m\000\051}{chapter.7}% 348
\BOOKMARK [2][-]{subsection.7.15.1}{\376\377\122\006\176\304\174\173\127\213\213\364\146\016}{section.7.15}% 349
\BOOKMARK [2][-]{subsection.7.15.2}{\376\377\000M\000a\000x\000X\000P\000R\123\302\145\160}{section.7.15}% 350
\BOOKMARK [0][-]{chapter.8}{\376\377\145\366\225\364\136\217\122\027\131\004\164\006}{}% 351
\BOOKMARK [1][-]{section.8.1}{\376\377\046\231\376\017\000\040\000F\000F\000T\123\302\145\160\213\276\177\156\151\202\217\360}{chapter.8}% 352
\BOOKMARK [2][-]{subsection.8.1.1}{\376\377\123\302\145\160\213\276\177\156\133\371\213\335\150\106\176\323\147\204}{section.8.1}% 353
\BOOKMARK [1][-]{section.8.2}{\376\377\330\075\334\302\000\040\230\221\153\265\173\241\164\006\377\010\000M\000a\000i\000n\000S\000c\000h\000e\000m\000a\377\011}{chapter.8}% 354
\BOOKMARK [2][-]{subsection.8.2.1}{\376\377\230\221\153\265\176\323\147\204}{section.8.2}% 355
\BOOKMARK [2][-]{subsection.8.2.2}{\376\377\230\221\153\265\134\136\140\047}{section.8.2}% 356
\BOOKMARK [2][-]{subsection.8.2.3}{\376\377\230\221\153\265\144\315\117\134}{section.8.2}% 357
\BOOKMARK [2][-]{subsection.8.2.4}{\376\377\230\204\213\276\230\221\153\265\221\115\177\156}{section.8.2}% 358
\BOOKMARK [1][-]{section.8.3}{\376\377\133\120\000S\000c\000h\000e\000m\000a\173\241\164\006\377\010\000S\000u\000b\000S\000c\000h\000e\000m\000a\377\011}{chapter.8}% 359
\BOOKMARK [2][-]{subsection.8.3.1}{\376\377\133\120\000S\000c\000h\000e\000m\000a\134\136\140\047}{section.8.3}% 360
\BOOKMARK [2][-]{subsection.8.3.2}{\376\377\000F\000F\000T\225\177\136\246\213\276\177\156}{section.8.3}% 361
\BOOKMARK [2][-]{subsection.8.3.3}{\376\377\221\315\123\340\163\207\213\276\177\156}{section.8.3}% 362
\BOOKMARK [2][-]{subsection.8.3.4}{\376\377\133\120\000S\000c\000h\000e\000m\000a\144\315\117\134}{section.8.3}% 363
\BOOKMARK [1][-]{section.8.4}{\376\377\230\221\163\207\173\241\164\006}{chapter.8}% 364
\BOOKMARK [2][-]{subsection.8.4.1}{\376\377\230\221\163\207\122\027\210\150\144\315\117\134}{section.8.4}% 365
\BOOKMARK [2][-]{subsection.8.4.2}{\376\377\142\171\221\317\165\037\142\020\230\221\163\207}{section.8.4}% 366
\BOOKMARK [3][-]{subsubsection*.93}{\376\377\330\075\334\312\000\040\145\271\137\017\0001\377\032\173\111\153\324\122\006\136\003\377\010\000L\000o\000g\000a\000r\000i\000t\000h\000m\000i\000c\377\011}{subsection.8.4.2}% 367
\BOOKMARK [3][-]{subsubsection*.94}{\376\377\330\075\334\317\000\040\145\271\137\017\0002\377\032\173\111\135\356\122\006\136\003\377\010\000L\000i\000n\000e\000a\000r\377\011}{subsection.8.4.2}% 368
\BOOKMARK [3][-]{subsubsection*.95}{\376\377\330\075\335\047\000\040\145\271\137\017\0003\377\032\201\352\133\232\116\111\225\364\215\335\377\010\000C\000u\000s\000t\000o\000m\377\011}{subsection.8.4.2}% 369
\BOOKMARK [3][-]{subsubsection*.96}{\376\377\330\075\334\314\000\040\000P\000h\000o\000e\000n\000i\000x\131\032\230\221\153\265\152\041\137\017}{subsection.8.4.2}% 370
\BOOKMARK [2][-]{subsection.8.4.3}{\376\377\230\221\163\207\146\076\171\072\150\074\137\017}{section.8.4}% 371
\BOOKMARK [1][-]{section.8.5}{\376\377\121\150\134\100\000F\000F\000T\123\302\145\160}{chapter.8}% 372
\BOOKMARK [2][-]{subsection.8.5.1}{\376\377\172\227\121\375\145\160}{section.8.5}% 373
\BOOKMARK [2][-]{subsection.8.5.2}{\376\377\172\227\121\375\145\160\220\011\142\351\143\007\123\127}{section.8.5}% 374
\BOOKMARK [2][-]{subsection.8.5.3}{\376\377\133\236\165\050\213\276\177\156\136\372\213\256}{section.8.5}% 375
\BOOKMARK [2][-]{subsection.8.5.4}{\376\377\172\227\121\375\145\160\133\371\153\324\171\072\117\213}{section.8.5}% 376
\BOOKMARK [2][-]{subsection.8.5.5}{\376\377\123\125\230\221\213\241\173\227\145\271\137\017}{section.8.5}% 377
\BOOKMARK [2][-]{subsection.8.5.6}{\376\377\131\032\225\045\214\061\122\006\147\220\377\010\000M\000u\000l\000t\000i\000-\000T\000a\000p\000e\000r\377\011}{section.8.5}% 378
\BOOKMARK [2][-]{subsection.8.5.7}{\376\377\226\366\130\153\121\105\377\010\000Z\000e\000r\000o\000\040\000P\000a\000d\000d\000i\000n\000g\377\011}{section.8.5}% 379
\BOOKMARK [2][-]{subsection.8.5.8}{\376\377\144\034\175\042\136\046\133\275\377\010\000S\000e\000a\000r\000c\000h\000\040\000B\000a\000n\000d\377\011}{section.8.5}% 380
\BOOKMARK [1][-]{section.8.6}{\376\377\330\074\337\257\000\040\117\060\213\241\145\271\154\325\213\276\177\156}{chapter.8}% 381
\BOOKMARK [2][-]{subsection.8.6.1}{\376\377\123\302\200\003\220\123\117\060\213\241\145\271\154\325}{section.8.6}% 382
\BOOKMARK [2][-]{subsection.8.6.2}{\376\377\172\063\120\145\117\060\213\241\145\271\154\325}{section.8.6}% 383
\BOOKMARK [2][-]{subsection.8.6.3}{\376\377\145\160\143\156\150\300\147\345\211\201\160\271}{section.8.6}% 384
\BOOKMARK [2][-]{subsection.8.6.4}{\376\377\137\072\136\162\142\160\163\257\130\203\136\372\213\256}{section.8.6}% 385
\BOOKMARK [1][-]{section.8.7}{\376\377\330\075\335\054\000\040\155\113\160\271\174\276\176\306\131\004\164\006\165\114\227\142\377\010\230\221\214\061\177\026\217\221\172\227\123\343\377\011}{chapter.8}% 386
\BOOKMARK [2][-]{subsection.8.7.1}{\376\377\000R\000M\000S\000M\000R\164\006\213\272\127\372\170\100\377\010\116\072\116\300\116\110\227\000\211\201\174\276\176\306\131\004\164\006\377\037\377\011}{section.8.7}% 387
\BOOKMARK [3][-]{subsubsection*.97}{\376\377\116\072\116\300\116\110\000M\000T\145\160\143\156\227\000\211\201\174\276\176\306\131\004\164\006\377\037}{subsection.8.7.1}% 388
\BOOKMARK [3][-]{subsubsection*.98}{\376\377\000R\000M\000S\000M\000R\145\271\154\325\166\204\116\011\221\315\117\335\226\234}{subsection.8.7.1}% 389
\BOOKMARK [3][-]{subsubsection*.99}{\376\377\116\316\164\006\213\272\122\060\133\236\215\365\166\204\146\040\134\004}{subsection.8.7.1}% 390
\BOOKMARK [2][-]{subsection.8.7.2}{\376\377\165\114\227\142\136\003\134\100\151\202\217\360}{section.8.7}% 391
\BOOKMARK [2][-]{subsection.8.7.3}{\376\377\165\114\227\142\136\003\134\100\151\202\217\360}{section.8.7}% 392
\BOOKMARK [2][-]{subsection.8.7.4}{\376\377\000F\000C\145\207\116\366\173\241\164\006}{section.8.7}% 393
\BOOKMARK [3][-]{subsubsection*.100}{\376\377\120\205\221\314\123\366\174\373\145\160\377\010\000F\000C\377\011\145\207\116\366\213\364\146\016}{subsection.8.7.4}% 394
\BOOKMARK [3][-]{subsubsection*.101}{\376\377\000F\000C\122\027\210\150\144\315\117\134}{subsection.8.7.4}% 395
\BOOKMARK [3][-]{subsubsection*.102}{\376\377\177\026\217\221\000F\000C\162\110\147\054\173\241\164\006}{subsection.8.7.4}% 396
\BOOKMARK [2][-]{subsection.8.7.5}{\376\377\217\334\123\302\200\003\172\331\221\115\177\156}{section.8.7}% 397
\BOOKMARK [3][-]{subsubsection*.103}{\376\377\217\334\123\302\200\003\172\331\122\027\210\150}{subsection.8.7.5}% 398
\BOOKMARK [3][-]{subsubsection*.104}{\376\377\217\334\123\302\200\003\145\271\150\110\220\011\142\351}{subsection.8.7.5}% 399
\BOOKMARK [3][-]{subsubsection*.105}{\376\377\123\315\124\021\123\302\200\003\172\331\221\115\177\156}{subsection.8.7.5}% 400
\BOOKMARK [3][-]{subsubsection*.106}{\376\377\145\313\217\154\211\322\136\246\213\276\177\156}{subsection.8.7.5}% 401
\BOOKMARK [2][-]{subsection.8.7.6}{\376\377\117\060\213\241\145\271\154\325\116\016\153\213\135\356\122\124\226\144}{section.8.7}% 402
\BOOKMARK [3][-]{subsubsection*.107}{\376\377\000R\000o\000b\000u\000s\000t\117\060\213\241\145\271\154\325\220\011\142\351}{subsection.8.7.6}% 403
\BOOKMARK [3][-]{subsubsection*.108}{\376\377\153\213\135\356\122\124\226\144\123\302\145\160}{subsection.8.7.6}% 404
\BOOKMARK [2][-]{subsection.8.7.7}{\376\377\230\221\214\061\176\304\177\026\217\221\150\106\147\266\377\010\220\011\230\171\123\141\213\346\211\343\377\011}{section.8.7}% 405
\BOOKMARK [3][-]{subsubsection*.109}{\376\377\220\011\230\171\123\141\0001\377\032\211\306\165\065\226\073\163\207\000/\166\370\117\115\377\010\000R\000h\000o\000P\000h\000s\377\011}{subsection.8.7.7}% 406
\BOOKMARK [3][-]{subsubsection*.110}{\376\377\220\011\230\171\123\141\0002\377\032\120\076\133\120\377\010\000T\000i\000p\000p\000e\000r\377\011}{subsection.8.7.7}% 407
\BOOKMARK [3][-]{subsubsection*.111}{\376\377\220\011\230\171\123\141\0003\377\032\226\073\142\227\137\040\221\317\377\010\000Z\377\011}{subsection.8.7.7}% 408
\BOOKMARK [3][-]{subsubsection*.112}{\376\377\220\011\230\171\123\141\0004\377\032\166\370\117\115\137\040\221\317\377\010\000P\000h\000a\000s\000e\000T\000e\000n\000s\000o\000r\377\011}{subsection.8.7.7}% 409
\BOOKMARK [3][-]{subsubsection*.113}{\376\377\220\011\230\171\123\141\0005\377\032\166\370\136\162\136\246\377\010\000C\000o\000h\000e\000r\000e\000n\000c\000e\377\011}{subsection.8.7.7}% 410
\BOOKMARK [3][-]{subsubsection*.114}{\376\377\220\011\230\171\123\141\0006\377\032\000C\000C\000Z\226\073\142\227}{subsection.8.7.7}% 411
\BOOKMARK [3][-]{subsubsection*.115}{\376\377\220\011\230\171\123\141\0007\377\032\147\201\123\026\377\010\000P\000o\000l\000a\000r\377\011}{subsection.8.7.7}% 412
\BOOKMARK [3][-]{subsubsection*.116}{\376\377\220\011\230\171\123\141\0008\377\032\201\352\122\250\173\133\220\011\123\302\145\160\377\010\000A\000u\000t\000o\000S\000e\000l\000e\000c\000t\377\011}{subsection.8.7.7}% 413
\BOOKMARK [3][-]{subsubsection*.117}{\376\377\220\011\230\171\123\141\0009\377\032\117\040\217\223\145\271\150\110\377\010\000T\000r\000a\000n\000s\000m\000i\000t\377\011}{subsection.8.7.7}% 414
\BOOKMARK [2][-]{subsection.8.7.8}{\376\377\201\352\122\250\173\133\220\011\173\227\154\325\213\346\211\343\377\010\000R\000M\000S\000M\000R\150\070\137\303\377\011}{section.8.7}% 415
\BOOKMARK [3][-]{subsubsection*.118}{\376\377\116\072\116\300\116\110\227\000\211\201\201\352\122\250\173\133\220\011\377\037}{subsection.8.7.8}% 416
\BOOKMARK [3][-]{subsubsection*.119}{\376\377\173\133\220\011\174\173\127\213\140\073\211\310}{subsection.8.7.8}% 417
\BOOKMARK [3][-]{subsubsection*.120}{\376\377\124\004\173\227\154\325\213\346\211\343}{subsection.8.7.8}% 418
\BOOKMARK [4][-]{paragraph*.121}{\376\377\0001\000.\000\040\000R\000h\000o\000P\000l\000u\000s\000\040\000S\000A\377\010\152\041\142\337\220\000\160\153\377\011}{subsubsection*.120}% 419
\BOOKMARK [4][-]{paragraph*.122}{\376\377\0002\000.\000\040\000R\000h\000o\000P\000l\000u\000s\000\040\000G\000A\377\010\220\127\117\040\173\227\154\325\377\011}{subsubsection*.120}% 420
\BOOKMARK [4][-]{paragraph*.123}{\376\377\0003\000.\000\040\000R\000h\000o\000P\000l\000u\000s\000\040\000M\000O\000G\000A\377\010\131\032\166\356\150\007\220\127\117\040\173\227\154\325\377\011\053\120\000\040\143\250\203\120}{subsubsection*.120}% 421
\BOOKMARK [4][-]{paragraph*.124}{\376\377\0004\000.\000\040\000F\000u\000l\000l\000\040\000Z\000\040\000M\000O\000G\000A\377\010\121\150\226\073\142\227\000M\000O\000G\000A\377\011\053\120\000\040\232\330\174\276\136\246}{subsubsection*.120}% 422
\BOOKMARK [3][-]{subsubsection*.125}{\376\377\232\154\154\017\215\335\171\273\173\133\220\011\377\010\230\204\131\004\164\006\153\145\232\244\377\011}{subsection.8.7.8}% 423
\BOOKMARK [3][-]{subsubsection*.126}{\376\377\173\133\220\011\173\227\154\325\220\011\142\351\143\007\123\127}{subsection.8.7.8}% 424
\BOOKMARK [2][-]{subsection.8.7.9}{\376\377\145\160\143\156\133\374\121\372\122\237\200\375}{section.8.7}% 425
\BOOKMARK [3][-]{subsubsection*.127}{\376\377\133\374\121\372\203\334\123\125\151\202\211\310}{subsection.8.7.9}% 426
\BOOKMARK [3][-]{subsubsection*.128}{\376\377\000E\000D\000I\150\074\137\017\133\374\121\372}{subsection.8.7.9}% 427
\BOOKMARK [3][-]{subsubsection*.129}{\376\377\000J\000S\000O\000N\150\074\137\017\133\374\121\372}{subsection.8.7.9}% 428
\BOOKMARK [3][-]{subsubsection*.130}{\376\377\123\302\145\160\133\374\121\372}{subsection.8.7.9}% 429
\BOOKMARK [3][-]{subsubsection*.131}{\376\377\153\213\135\356\147\103\221\315\133\374\121\372}{subsection.8.7.9}% 430
\BOOKMARK [2][-]{subsection.8.7.10}{\376\377\131\032\123\302\200\003\172\331\131\004\164\006}{section.8.7}% 431
\BOOKMARK [2][-]{subsection.8.7.11}{\376\377\164\006\213\272\152\041\127\213\133\371\153\324}{section.8.7}% 432
\BOOKMARK [2][-]{subsection.8.7.12}{\376\377\136\070\165\050\144\315\117\134\155\101\172\013\377\010\000R\000M\000S\000M\000R\133\236\215\365\377\011}{section.8.7}% 433
\BOOKMARK [3][-]{subsubsection*.132}{\376\377\155\101\172\013\0001\377\032\137\353\220\037\215\050\221\317\150\300\147\345\377\010\0001\122\006\224\237\377\011}{subsection.8.7.12}% 434
\BOOKMARK [3][-]{subsubsection*.133}{\376\377\155\101\172\013\0002\377\032\217\334\123\302\200\003\131\004\164\006\377\010\0005\122\006\224\237\377\011}{subsection.8.7.12}% 435
\BOOKMARK [3][-]{subsubsection*.134}{\376\377\155\101\172\013\0003\377\032\201\352\122\250\173\133\220\011\377\010\0001\0000\122\006\224\237\377\011}{subsection.8.7.12}% 436
\BOOKMARK [3][-]{subsubsection*.135}{\376\377\155\101\172\013\0004\377\032\133\214\145\164\000R\000M\000S\000M\000R\131\004\164\006\155\101\172\013\377\010\0002\0000\000-\0003\0000\122\006\224\237\377\011}{subsection.8.7.12}% 437
\BOOKMARK [2][-]{subsection.8.7.13}{\376\377\137\353\143\167\225\056\123\302\200\003}{section.8.7}% 438
\BOOKMARK [2][-]{subsection.8.7.14}{\376\377\136\070\211\301\225\356\230\230\116\016\211\343\121\263}{section.8.7}% 439
\BOOKMARK [2][-]{subsection.8.7.15}{\376\377\123\302\200\003\145\207\163\056}{section.8.7}% 440
\BOOKMARK [0][-]{chapter.9}{\376\377\145\160\143\156\173\133\220\011\116\016\117\060\213\241}{}% 441
\BOOKMARK [1][-]{section.9.1}{\376\377\330\075\335\245\376\017\000\040\145\160\143\156\173\133\220\011\165\114\227\142}{chapter.9}% 442
\BOOKMARK [2][-]{subsection.9.1.1}{\376\377\165\114\227\142\136\003\134\100}{section.9.1}% 443
\BOOKMARK [2][-]{subsection.9.1.2}{\376\377\135\345\121\167\150\017}{section.9.1}% 444
\BOOKMARK [1][-]{section.9.2}{\376\377\330\075\334\310\000\040\126\376\210\150\174\173\127\213}{chapter.9}% 445
\BOOKMARK [2][-]{subsection.9.2.1}{\376\377\211\306\165\065\226\073\163\207\000/\166\370\117\115}{section.9.2}% 446
\BOOKMARK [2][-]{subsection.9.2.2}{\376\377\226\073\142\227\137\040\221\317}{section.9.2}% 447
\BOOKMARK [2][-]{subsection.9.2.3}{\376\377\120\076\133\120\124\021\221\317}{section.9.2}% 448
\BOOKMARK [2][-]{subsection.9.2.4}{\376\377\166\370\117\115\137\040\221\317}{section.9.2}% 449
\BOOKMARK [2][-]{subsection.9.2.5}{\376\377\166\370\136\162\136\246}{section.9.2}% 450
\BOOKMARK [2][-]{subsection.9.2.6}{\376\377\121\166\116\326\123\302\145\160}{section.9.2}% 451
\BOOKMARK [1][-]{section.9.3}{\376\377\173\133\220\011\144\315\117\134}{chapter.9}% 452
\BOOKMARK [2][-]{subsection.9.3.1}{\376\377\123\125\123\302\145\160\173\133\220\011}{section.9.3}% 453
\BOOKMARK [2][-]{subsection.9.3.2}{\376\377\123\314\123\302\145\160\173\133\220\011}{section.9.3}% 454
\BOOKMARK [2][-]{subsection.9.3.3}{\376\377\144\244\225\000\116\016\221\315\120\132}{section.9.3}% 455
\BOOKMARK [1][-]{section.9.4}{\376\377\145\313\217\154\211\322\136\246}{chapter.9}% 456
\BOOKMARK [2][-]{subsection.9.4.1}{\376\377\122\237\200\375\213\364\146\016}{section.9.4}% 457
\BOOKMARK [2][-]{subsection.9.4.2}{\376\377\144\315\117\134\145\271\154\325}{section.9.4}% 458
\BOOKMARK [1][-]{section.9.5}{\376\377\330\075\334\317\000\040\232\154\154\017\215\335\171\273\173\133\220\011}{chapter.9}% 459
\BOOKMARK [2][-]{subsection.9.5.1}{\376\377\122\237\200\375\213\364\146\016}{section.9.5}% 460
\BOOKMARK [2][-]{subsection.9.5.2}{\376\377\144\315\117\134\145\271\154\325}{section.9.5}% 461
\BOOKMARK [1][-]{section.9.6}{\376\377\330\076\335\026\000\040\201\352\122\250\173\133\220\011}{chapter.9}% 462
\BOOKMARK [2][-]{subsection.9.6.1}{\376\377\173\133\220\011\123\302\145\160}{section.9.6}% 463
\BOOKMARK [2][-]{subsection.9.6.2}{\376\377\201\352\122\250\145\313\217\154\211\322\136\246}{section.9.6}% 464
\BOOKMARK [2][-]{subsection.9.6.3}{\376\377\173\133\220\011\174\173\127\213}{section.9.6}% 465
\BOOKMARK [1][-]{section.9.7}{\376\377\330\075\334\320\000\040\000R\000h\000o\000p\000l\000u\000s\123\302\200\003\146\362\176\277}{chapter.9}% 466
\BOOKMARK [2][-]{subsection.9.7.1}{\376\377\122\237\200\375\213\364\146\016}{section.9.7}% 467
\BOOKMARK [2][-]{subsection.9.7.2}{\376\377\000R\000h\000o\000p\000l\000u\000s\213\241\173\227\145\271\137\017}{section.9.7}% 468
\BOOKMARK [2][-]{subsection.9.7.3}{\376\377\144\315\117\134\145\271\154\325}{section.9.7}% 469
\BOOKMARK [2][-]{subsection.9.7.4}{\376\377\217\223\121\372\176\323\147\234}{section.9.7}% 470
\BOOKMARK [2][-]{subsection.9.7.5}{\376\377\155\373\122\240\230\204\155\113\146\362\176\277}{section.9.7}% 471
\BOOKMARK [1][-]{section.9.8}{\376\377\330\076\335\340\000\040\000A\000I\152\041\127\213\230\204\155\113}{chapter.9}% 472
\BOOKMARK [2][-]{subsection.9.8.1}{\376\377\122\237\200\375\213\364\146\016}{section.9.8}% 473
\BOOKMARK [2][-]{subsection.9.8.2}{\376\377\230\204\155\113\145\271\154\325}{section.9.8}% 474
\BOOKMARK [2][-]{subsection.9.8.3}{\376\377\144\315\117\134\145\271\154\325}{section.9.8}% 475
\BOOKMARK [2][-]{subsection.9.8.4}{\376\377\117\177\165\050\136\372\213\256}{section.9.8}% 476
\BOOKMARK [1][-]{section.9.9}{\376\377\164\006\213\272\146\362\176\277\230\204\155\113}{chapter.9}% 477
\BOOKMARK [2][-]{subsection.9.9.1}{\376\377\122\237\200\375\213\364\146\016}{section.9.9}% 478
\BOOKMARK [2][-]{subsection.9.9.2}{\376\377\144\315\117\134\145\271\154\325}{section.9.9}% 479
\BOOKMARK [2][-]{subsection.9.9.3}{\376\377\133\374\121\145\000/\133\374\121\372\230\204\155\113}{section.9.9}% 480
\BOOKMARK [1][-]{section.9.10}{\376\377\330\074\337\257\000\040\000R\000o\000b\000u\000s\000t\172\063\120\145\117\060\213\241}{chapter.9}% 481
\BOOKMARK [2][-]{subsection.9.10.1}{\376\377\123\357\165\050\145\271\154\325}{section.9.10}% 482
\BOOKMARK [2][-]{subsection.9.10.2}{\376\377\123\302\145\160\213\276\177\156}{section.9.10}% 483
\BOOKMARK [1][-]{section.9.11}{\376\377\145\366\217\164\146\076\171\072}{chapter.9}% 484
\BOOKMARK [2][-]{subsection.9.11.1}{\376\377\122\237\200\375\213\364\146\016}{section.9.11}% 485
\BOOKMARK [2][-]{subsection.9.11.2}{\376\377\144\315\117\134\145\271\154\325}{section.9.11}% 486
\BOOKMARK [1][-]{section.9.12}{\376\377\117\040\220\022\214\003\136\246}{chapter.9}% 487
\BOOKMARK [2][-]{subsection.9.12.1}{\376\377\122\237\200\375\213\364\146\016}{section.9.12}% 488
\BOOKMARK [2][-]{subsection.9.12.2}{\376\377\144\315\117\134\145\271\154\325}{section.9.12}% 489
\BOOKMARK [1][-]{section.9.13}{\376\377\330\075\336\200\000\040\133\236\165\050\131\004\164\006\155\101\172\013}{chapter.9}% 490
\BOOKMARK [2][-]{subsection.9.13.1}{\376\377\330\075\334\166\000\040\145\260\142\113\143\250\203\120}{section.9.13}% 491
\BOOKMARK [2][-]{subsection.9.13.2}{\376\377\053\120\000\040\232\330\215\050\221\317\145\160\143\156}{section.9.13}% 492
\BOOKMARK [2][-]{subsection.9.13.3}{\376\377\046\240\376\017\000\040\137\072\136\162\142\160\163\257\130\203}{section.9.13}% 493
\BOOKMARK [1][-]{section.9.14}{\376\377\000X\000P\000R\122\006\176\304\213\276\177\156}{chapter.9}% 494
\BOOKMARK [2][-]{subsection.9.14.1}{\376\377\122\006\176\304\174\173\127\213}{section.9.14}% 495
\BOOKMARK [2][-]{subsection.9.14.2}{\376\377\000M\000a\000x\000X\000P\000R\123\302\145\160}{section.9.14}% 496
\BOOKMARK [2][-]{subsection.9.14.3}{\376\377\117\177\165\050\136\372\213\256}{section.9.14}% 497
\BOOKMARK [1][-]{section.9.15}{\376\377\330\074\337\020\000\040\217\334\123\302\200\003\172\331\173\241\164\006}{chapter.9}% 498
\BOOKMARK [2][-]{subsection.9.15.1}{\376\377\122\237\200\375\213\364\146\016}{section.9.15}% 499
\BOOKMARK [2][-]{subsection.9.15.2}{\376\377\220\002\165\050\147\141\116\366}{section.9.15}% 500
\BOOKMARK [2][-]{subsection.9.15.3}{\376\377\217\334\123\302\200\003\145\160\143\156\177\026\217\221\000\040\000\050\000R\000e\000m\000o\000t\000e\000R\000e\000f\000e\000r\000e\000n\000c\000e\000E\000d\000i\000t\000F\000o\000r\000m\000\051}{section.9.15}% 501
\BOOKMARK [2][-]{subsection.9.15.4}{\376\377\217\334\123\302\200\003\131\004\164\006\136\372\213\256}{section.9.15}% 502
\BOOKMARK [1][-]{section.9.16}{\376\377\330\075\335\004\000\040\220\032\220\123\145\313\217\154\140\142\131\015}{chapter.9}% 503
\BOOKMARK [2][-]{subsection.9.16.1}{\376\377\122\237\200\375\213\364\146\016}{section.9.16}% 504
\BOOKMARK [2][-]{subsection.9.16.2}{\376\377\145\313\217\154\211\322\136\246\213\276\177\156}{section.9.16}% 505
\BOOKMARK [2][-]{subsection.9.16.3}{\376\377\117\177\165\050\127\072\146\157}{section.9.16}% 506
\BOOKMARK [2][-]{subsection.9.16.4}{\376\377\144\315\117\134\153\145\232\244}{section.9.16}% 507
\BOOKMARK [2][-]{subsection.9.16.5}{\376\377\154\350\141\017\116\213\230\171}{section.9.16}% 508
\BOOKMARK [1][-]{section.9.17}{\376\377\330\076\335\354\000\040\146\172\200\375\173\133\220\011\173\227\154\325}{chapter.9}% 509
\BOOKMARK [2][-]{subsection.9.17.1}{\376\377\220\127\117\040\173\227\154\325\151\202\217\360}{section.9.17}% 510
\BOOKMARK [2][-]{subsection.9.17.2}{\376\377\173\227\154\325\123\302\145\160}{section.9.17}% 511
\BOOKMARK [2][-]{subsection.9.17.3}{\376\377\117\030\123\026\166\356\150\007}{section.9.17}% 512
\BOOKMARK [2][-]{subsection.9.17.4}{\376\377\131\032\166\356\150\007\117\030\123\026}{section.9.17}% 513
\BOOKMARK [2][-]{subsection.9.17.5}{\376\377\176\337\213\241\215\050\221\317\143\247\122\066}{section.9.17}% 514
\BOOKMARK [2][-]{subsection.9.17.6}{\376\377\117\177\165\050\136\372\213\256}{section.9.17}% 515
\BOOKMARK [2][-]{subsection.9.17.7}{\376\377\000M\000T\123\302\145\160\133\214\145\164\122\027\210\150}{section.9.17}% 516
\BOOKMARK [3][-]{subsubsection*.136}{\376\377\127\372\147\054\123\302\145\160}{subsection.9.17.7}% 517
\BOOKMARK [3][-]{subsubsection*.137}{\376\377\226\073\142\227\137\040\221\317\133\236\220\350\116\016\206\132\220\350\377\010\123\125\117\115\377\032\003\251\377\011}{subsection.9.17.7}% 518
\BOOKMARK [3][-]{subsubsection*.138}{\376\377\226\073\142\227\137\040\221\317\136\105\120\074\116\016\166\370\117\115}{subsection.9.17.7}% 519
\BOOKMARK [3][-]{subsubsection*.139}{\376\377\120\076\133\120\137\040\221\317\377\010\145\340\221\317\176\262\377\011}{subsection.9.17.7}% 520
\BOOKMARK [3][-]{subsubsection*.140}{\376\377\211\306\165\065\226\073\163\207\377\010\123\125\117\115\377\032\003\251\000\267\000m\377\011}{subsection.9.17.7}% 521
\BOOKMARK [3][-]{subsubsection*.141}{\376\377\226\073\142\227\145\271\135\356}{subsection.9.17.7}% 522
\BOOKMARK [3][-]{subsubsection*.142}{\376\377\211\306\165\065\226\073\163\207\116\016\166\370\117\115\145\271\135\356}{subsection.9.17.7}% 523
\BOOKMARK [3][-]{subsubsection*.143}{\376\377\166\370\117\115\137\040\221\317}{subsection.9.17.7}% 524
\BOOKMARK [3][-]{subsubsection*.144}{\376\377\121\161\217\155\226\073\142\227\123\330\143\142}{subsection.9.17.7}% 525
\BOOKMARK [3][-]{subsubsection*.145}{\376\377\166\370\136\162\136\246}{subsection.9.17.7}% 526
\BOOKMARK [3][-]{subsubsection*.146}{\376\377\117\341\123\367\116\016\126\152\130\360}{subsection.9.17.7}% 527
\BOOKMARK [3][-]{subsubsection*.147}{\376\377\122\237\163\207\214\061\133\306\136\246}{subsection.9.17.7}% 528
\BOOKMARK [3][-]{subsubsection*.148}{\376\377\230\221\214\061\136\105\120\074}{subsection.9.17.7}% 529
\BOOKMARK [3][-]{subsubsection*.149}{\376\377\147\201\123\026\123\302\145\160}{subsection.9.17.7}% 530
\BOOKMARK [3][-]{subsubsection*.150}{\376\377\226\073\142\227\210\114\122\027\137\017}{subsection.9.17.7}% 531
\BOOKMARK [3][-]{subsubsection*.151}{\376\377\145\160\143\156\173\133\220\011\136\070\165\050\123\302\145\160\143\250\203\120}{subsection.9.17.7}% 532
\BOOKMARK [3][-]{subsubsection*.152}{\376\377\123\302\145\160\117\177\165\050\136\372\213\256}{subsection.9.17.7}% 533
\BOOKMARK [3][-]{subsubsection*.153}{\376\377\000E\000D\000I\133\374\121\372\150\074\137\017}{subsection.9.17.7}% 534
\BOOKMARK [0][-]{chapter.10}{\376\377\176\323\147\234\217\223\121\372\116\016\123\357\211\306\123\026}{}% 535
\BOOKMARK [1][-]{section.10.1}{\376\377\145\160\143\156\126\376\210\150\147\345\167\013}{chapter.10}% 536
\BOOKMARK [2][-]{subsection.10.1.1}{\376\377\211\306\165\065\226\073\163\207\000/\166\370\117\115\146\362\176\277}{section.10.1}% 537
\BOOKMARK [2][-]{subsection.10.1.2}{\376\377\131\032\155\113\160\271\133\371\153\324}{section.10.1}% 538
\BOOKMARK [2][-]{subsection.10.1.3}{\376\377\126\376\210\150\116\244\116\222\144\315\117\134}{section.10.1}% 539
\BOOKMARK [1][-]{section.10.2}{\376\377\000E\000D\000I\150\074\137\017\133\374\121\372}{chapter.10}% 540
\BOOKMARK [2][-]{subsection.10.2.1}{\376\377\142\171\221\317\133\374\121\372\377\010\213\346\176\306\155\101\172\013\377\011}{section.10.2}% 541
\BOOKMARK [3][-]{subsubsection*.154}{\376\377\142\171\221\317\133\374\121\372\151\202\217\360}{subsection.10.2.1}% 542
\BOOKMARK [3][-]{subsubsection*.155}{\376\377\133\374\121\145\122\115\121\306\131\007}{subsection.10.2.1}% 543
\BOOKMARK [3][-]{subsubsection*.156}{\376\377\142\171\221\317\133\374\121\372\144\315\117\134\153\145\232\244}{subsection.10.2.1}% 544
\BOOKMARK [3][-]{subsubsection*.157}{\376\377\133\374\121\372\124\016\232\214\213\301}{subsection.10.2.1}% 545
\BOOKMARK [3][-]{subsubsection*.158}{\376\377\136\070\211\301\225\356\230\230}{subsection.10.2.1}% 546
\BOOKMARK [3][-]{subsubsection*.159}{\376\377\142\171\221\317\133\374\121\372\147\000\117\163\133\236\215\365}{subsection.10.2.1}% 547
\BOOKMARK [2][-]{subsection.10.2.2}{\376\377\133\374\121\372\144\315\117\134}{section.10.2}% 548
\BOOKMARK [2][-]{subsection.10.2.3}{\376\377\000E\000D\000I\150\074\137\017\213\346\176\306\211\304\203\003}{section.10.2}% 549
\BOOKMARK [3][-]{subsubsection*.160}{\376\377\000E\000D\000I\145\207\116\366\133\214\145\164\176\323\147\204}{subsection.10.2.3}% 550
\BOOKMARK [3][-]{subsubsection*.161}{\376\377\000E\000D\000I\145\160\143\156\153\265\213\346\211\343}{subsection.10.2.3}% 551
\BOOKMARK [3][-]{subsubsection*.162}{\376\377\000M\000T\000E\000D\000A\000T\000A\145\160\143\156\133\127\153\265}{subsection.10.2.3}% 552
\BOOKMARK [3][-]{subsubsection*.163}{\376\377\000E\000D\000I\162\110\147\054\121\174\133\271\140\047}{subsection.10.2.3}% 553
\BOOKMARK [2][-]{subsection.10.2.4}{\376\377\000E\000D\000I\150\074\137\017\232\214\213\301}{section.10.2}% 554
\BOOKMARK [2][-]{subsection.10.2.5}{\376\377\121\166\116\326\133\374\121\372\150\074\137\017}{section.10.2}% 555
\BOOKMARK [3][-]{subsubsection*.164}{\376\377\000P\000L\000T\150\074\137\017}{subsection.10.2.5}% 556
\BOOKMARK [3][-]{subsubsection*.165}{\376\377\000C\000S\000V\150\074\137\017}{subsection.10.2.5}% 557
\BOOKMARK [1][-]{section.10.3}{\376\377\127\060\164\006\117\341\140\157\133\374\121\372}{chapter.10}% 558
\BOOKMARK [2][-]{subsection.10.3.1}{\376\377\000K\000M\000L\150\074\137\017\133\374\121\372}{section.10.3}% 559
\BOOKMARK [2][-]{subsection.10.3.2}{\376\377\000K\000M\000Z\150\074\137\017\133\374\121\372}{section.10.3}% 560
\BOOKMARK [2][-]{subsection.10.3.3}{\376\377\000K\000M\000L\145\207\116\366\176\323\147\204}{section.10.3}% 561
\BOOKMARK [1][-]{section.10.4}{\376\377\127\120\150\007\145\160\143\156\133\374\121\372}{chapter.10}% 562
\BOOKMARK [1][-]{section.10.5}{\376\377\142\171\221\317\133\374\121\372\122\237\200\375}{chapter.10}% 563
\BOOKMARK [2][-]{subsection.10.5.1}{\376\377\133\374\121\372\155\113\153\265\123\302\145\160}{section.10.5}% 564
\BOOKMARK [2][-]{subsection.10.5.2}{\376\377\133\374\121\372\166\370\117\115\137\040\221\317}{section.10.5}% 565
\BOOKMARK [2][-]{subsection.10.5.3}{\376\377\133\374\121\372\145\160\143\156\215\050\221\317}{section.10.5}% 566
\BOOKMARK [2][-]{subsection.10.5.4}{\376\377\133\374\121\372\155\113\160\271\127\120\150\007}{section.10.5}% 567
\BOOKMARK [1][-]{section.10.6}{\376\377\121\166\116\326\133\374\121\372\150\074\137\017}{chapter.10}% 568
\BOOKMARK [2][-]{subsection.10.6.1}{\376\377\211\306\165\065\226\073\163\207\000/\166\370\117\115\145\160\143\156\133\374\121\372}{section.10.6}% 569
\BOOKMARK [2][-]{subsection.10.6.2}{\376\377\126\376\210\150\133\374\121\372}{section.10.6}% 570
\BOOKMARK [1][-]{section.10.7}{\376\377\145\160\143\156\215\050\221\317\143\247\122\066}{chapter.10}% 571
\BOOKMARK [2][-]{subsection.10.7.1}{\376\377\145\160\143\156\215\050\221\317\150\007\213\260}{section.10.7}% 572
\BOOKMARK [2][-]{subsection.10.7.2}{\376\377\142\171\221\317\215\050\221\317\133\374\121\372}{section.10.7}% 573
\BOOKMARK [1][-]{section.10.8}{\376\377\116\016\000G\000I\000S\217\157\116\366\200\124\122\250}{chapter.10}% 574
\BOOKMARK [1][-]{section.10.9}{\376\377\135\345\172\013\145\207\116\366\131\007\116\375}{chapter.10}% 575
\BOOKMARK [2][-]{subsection.10.9.1}{\376\377\133\374\121\372\162\110\147\054}{section.10.9}% 576
\BOOKMARK [2][-]{subsection.10.9.2}{\376\377\201\352\122\250\131\007\116\375}{section.10.9}% 577
\BOOKMARK [1][-]{section.10.10}{\376\377\145\366\225\364\136\217\122\027\133\374\121\372}{chapter.10}% 578
\BOOKMARK [2][-]{subsection.10.10.1}{\376\377\000G\000M\000T\150\074\137\017\133\374\121\372}{section.10.10}% 579
\BOOKMARK [2][-]{subsection.10.10.2}{\376\377\000A\000T\000G\000M\000T\150\074\137\017\133\374\121\372}{section.10.10}% 580
\BOOKMARK [1][-]{section.10.11}{\376\377\000H\000T\000M\000L\142\245\124\112\165\037\142\020}{chapter.10}% 581
\BOOKMARK [0][-]{chapter.11}{\376\377\135\345\121\167\226\306}{}% 582
\BOOKMARK [1][-]{section.11.1}{\376\377\330\075\336\340\376\017\000\040\135\345\121\167\203\334\123\125\133\214\145\164\122\027\210\150}{chapter.11}% 583
\BOOKMARK [2][-]{subsection.11.1.1}{\376\377\150\007\133\232\116\016\147\345\167\013\135\345\121\167}{section.11.1}% 584
\BOOKMARK [2][-]{subsection.11.1.2}{\376\377\000P\000h\000o\000e\000n\000i\000x\145\366\225\364\136\217\122\027\135\345\121\167}{section.11.1}% 585
\BOOKMARK [2][-]{subsection.11.1.3}{\376\377\145\366\225\364\136\217\122\027\217\154\143\142\135\345\121\167\000\040\000\050\000T\000S\000C\000o\000n\000v\000e\000r\000t\000M\000e\000n\000u\000\051}{section.11.1}% 586
\BOOKMARK [2][-]{subsection.11.1.4}{\376\377\000L\000E\000M\000I\135\345\121\167}{section.11.1}% 587
\BOOKMARK [2][-]{subsection.11.1.5}{\376\377\000M\000e\000t\000r\000o\000n\000i\000x\135\345\121\167}{section.11.1}% 588
\BOOKMARK [2][-]{subsection.11.1.6}{\376\377\000W\000E\000M\145\160\143\156\131\004\164\006}{section.11.1}% 589
\BOOKMARK [2][-]{subsection.11.1.7}{\376\377\000E\000D\000I\131\004\164\006\135\345\121\167}{section.11.1}% 590
\BOOKMARK [2][-]{subsection.11.1.8}{\376\377\000P\000h\000o\000e\000n\000i\000x\150\074\137\017\217\154\143\142\135\345\121\167\000\040\000\050\000P\000h\000o\000e\000n\000i\000x\000C\000o\000n\000v\000e\000r\000t\000M\000e\000n\000u\000\051}{section.11.1}% 591
\BOOKMARK [1][-]{section.11.2}{\376\377\330\075\334\241\000\040\117\177\165\050\136\372\213\256}{chapter.11}% 592
\BOOKMARK [2][-]{subsection.11.2.1}{\376\377\135\345\121\167\220\011\142\351\136\372\213\256}{section.11.2}% 593
\BOOKMARK [2][-]{subsection.11.2.2}{\376\377\136\070\211\301\225\356\230\230\131\004\164\006}{section.11.2}% 594
\BOOKMARK [0][-]{chapter.12}{\376\377\211\306\126\376\122\237\200\375}{}% 595
\BOOKMARK [1][-]{section.12.1}{\376\377\330\075\335\245\376\017\000\040\165\114\227\142\136\003\134\100}{chapter.12}% 596
\BOOKMARK [2][-]{subsection.12.1.1}{\376\377\116\073\211\201\220\011\230\171\123\141}{section.12.1}% 597
\BOOKMARK [2][-]{subsection.12.1.2}{\376\377\211\306\126\376\133\120\230\165\227\142}{section.12.1}% 598
\BOOKMARK [1][-]{section.12.2}{\376\377\330\075\334\312\000\040\145\366\225\364\136\217\122\027\147\345\167\013\126\150}{chapter.12}% 599
\BOOKMARK [2][-]{subsection.12.2.1}{\376\377\142\123\137\000\145\366\225\364\136\217\122\027\147\345\167\013\126\150}{section.12.2}% 600
\BOOKMARK [2][-]{subsection.12.2.2}{\376\377\165\114\227\142\176\323\147\204}{section.12.2}% 601
\BOOKMARK [2][-]{subsection.12.2.3}{\376\377\220\032\220\123\146\076\171\072\143\247\122\066}{section.12.2}% 602
\BOOKMARK [2][-]{subsection.12.2.4}{\376\377\155\113\160\271\146\076\171\072\143\247\122\066}{section.12.2}% 603
\BOOKMARK [2][-]{subsection.12.2.5}{\376\377\146\076\171\072\123\302\145\160\213\276\177\156}{section.12.2}% 604
\BOOKMARK [2][-]{subsection.12.2.6}{\376\377\145\366\225\364\217\164\143\247\122\066}{section.12.2}% 605
\BOOKMARK [2][-]{subsection.12.2.7}{\376\377\146\076\171\072\220\011\230\171}{section.12.2}% 606
\BOOKMARK [2][-]{subsection.12.2.8}{\376\377\131\032\221\307\150\067\163\207\145\057\143\001}{section.12.2}% 607
\BOOKMARK [1][-]{section.12.3}{\376\377\330\075\334\310\000\040\000F\000F\000T\133\236\145\366\213\241\173\227}{chapter.12}% 608
\BOOKMARK [2][-]{subsection.12.3.1}{\376\377\122\237\200\375\213\364\146\016}{section.12.3}% 609
\BOOKMARK [2][-]{subsection.12.3.2}{\376\377\000F\000F\000T\220\011\230\171\123\141}{section.12.3}% 610
\BOOKMARK [2][-]{subsection.12.3.3}{\376\377\000F\000F\000T\123\302\145\160\213\276\177\156}{section.12.3}% 611
\BOOKMARK [2][-]{subsection.12.3.4}{\376\377\000F\000F\000T\213\241\173\227\145\271\137\017}{section.12.3}% 612
\BOOKMARK [2][-]{subsection.12.3.5}{\376\377\230\221\214\061\146\076\171\072}{section.12.3}% 613
\BOOKMARK [2][-]{subsection.12.3.6}{\376\377\166\370\136\162\140\047\146\076\171\072}{section.12.3}% 614
\BOOKMARK [1][-]{section.12.4}{\376\377\330\075\334\373\000\040\000P\000h\000o\000e\000n\000i\000x\145\366\225\364\136\217\122\027\147\345\167\013\126\150}{chapter.12}% 615
\BOOKMARK [2][-]{subsection.12.4.1}{\376\377\116\023\165\050\122\237\200\375}{section.12.4}% 616
\BOOKMARK [2][-]{subsection.12.4.2}{\376\377\116\316\000T\000B\000L\145\207\116\366\122\240\217\175}{section.12.4}% 617
\BOOKMARK [2][-]{subsection.12.4.3}{\376\377\145\160\143\156\174\173\127\213\145\057\143\001}{section.12.4}% 618
\BOOKMARK [1][-]{section.12.5}{\376\377\330\075\335\372\376\017\000\040\127\060\126\376\211\306\126\376}{chapter.12}% 619
\BOOKMARK [2][-]{subsection.12.5.1}{\376\377\122\237\200\375\213\364\146\016}{section.12.5}% 620
\BOOKMARK [2][-]{subsection.12.5.2}{\376\377\117\177\165\050\145\271\154\325}{section.12.5}% 621
\BOOKMARK [2][-]{subsection.12.5.3}{\376\377\127\060\126\376\144\315\117\134}{section.12.5}% 622
\BOOKMARK [1][-]{section.12.6}{\376\377\330\075\334\311\000\040\211\306\165\065\226\073\163\207\000/\166\370\117\115\146\362\176\277}{chapter.12}% 623
\BOOKMARK [2][-]{subsection.12.6.1}{\376\377\142\123\137\000\146\362\176\277\211\306\126\376}{section.12.6}% 624
\BOOKMARK [2][-]{subsection.12.6.2}{\376\377\146\076\171\072\220\011\230\171}{section.12.6}% 625
\BOOKMARK [1][-]{section.12.7}{\376\377\330\075\334\341\000\040\150\007\133\232\146\362\176\277\147\345\167\013}{chapter.12}% 626
\BOOKMARK [2][-]{subsection.12.7.1}{\376\377\150\007\133\232\147\345\167\013\126\150\174\173\127\213}{section.12.7}% 627
\BOOKMARK [2][-]{subsection.12.7.2}{\376\377\220\032\165\050\150\007\133\232\147\345\167\013\126\150\000\040\000\050\000C\000a\000l\000C\000a\000l\000i\000b\000r\000a\000t\000i\000o\000n\000F\000o\000r\000m\000\051}{section.12.7}% 628
\BOOKMARK [2][-]{subsection.12.7.3}{\376\377\000P\000h\000o\000e\000n\000i\000x\150\007\133\232\147\345\167\013\126\150\000\040\000\050\000C\000a\000l\000i\000b\000r\000a\000t\000i\000o\000n\000V\000i\000e\000w\000F\000o\000r\000m\000\051}{section.12.7}% 629
\BOOKMARK [2][-]{subsection.12.7.4}{\376\377\150\007\133\232\146\362\176\277\211\343\213\373}{section.12.7}% 630
\BOOKMARK [3][-]{subsubsection*.166}{\376\377\136\105\136\246\146\362\176\277\211\343\213\373}{subsection.12.7.4}% 631
\BOOKMARK [3][-]{subsubsection*.167}{\376\377\166\370\117\115\146\362\176\277\211\343\213\373}{subsection.12.7.4}% 632
\BOOKMARK [3][-]{subsubsection*.168}{\376\377\131\032\146\362\176\277\133\371\153\324}{subsection.12.7.4}% 633
\BOOKMARK [1][-]{section.12.8}{\376\377\0009\000.\0008\000\040\330\076\335\365\000\040\131\032\176\277\172\013\166\321\143\247}{chapter.12}% 634
\BOOKMARK [2][-]{subsection.12.8.1}{\376\377\122\237\200\375\213\364\146\016}{section.12.8}% 635
\BOOKMARK [2][-]{subsection.12.8.2}{\376\377\166\321\143\247\121\205\133\271}{section.12.8}% 636
\BOOKMARK [2][-]{subsection.12.8.3}{\376\377\116\373\122\241\173\241\164\006}{section.12.8}% 637
\BOOKMARK [1][-]{section.12.9}{\376\377\135\345\172\013\150\021\144\315\117\134}{chapter.12}% 638
\BOOKMARK [2][-]{subsection.12.9.1}{\376\377\137\353\143\167\144\315\117\134}{section.12.9}% 639
\BOOKMARK [2][-]{subsection.12.9.2}{\376\377\134\102\153\041\176\323\147\204}{section.12.9}% 640
\BOOKMARK [2][-]{subsection.12.9.3}{\376\377\142\326\142\375\144\315\117\134}{section.12.9}% 641
\BOOKMARK [1][-]{section.12.10}{\376\377\126\376\210\150\220\032\165\050\144\315\117\134}{chapter.12}% 642
\BOOKMARK [2][-]{subsection.12.10.1}{\376\377\237\040\150\007\144\315\117\134}{section.12.10}% 643
\BOOKMARK [2][-]{subsection.12.10.2}{\376\377\225\056\166\330\137\353\143\167\225\056}{section.12.10}% 644
\BOOKMARK [1][-]{section.12.11}{\376\377\330\075\335\054\000\040\000S\000S\000A\131\107\137\002\214\061\122\006\147\220}{chapter.12}% 645
\BOOKMARK [2][-]{subsection.12.11.1}{\376\377\122\237\200\375\213\364\146\016}{section.12.11}% 646
\BOOKMARK [2][-]{subsection.12.11.2}{\376\377\142\123\137\000\000S\000S\000A\122\006\147\220}{section.12.11}% 647
\BOOKMARK [2][-]{subsection.12.11.3}{\376\377\000S\000S\000A\123\302\145\160}{section.12.11}% 648
\BOOKMARK [2][-]{subsection.12.11.4}{\376\377\122\006\147\220\153\145\232\244}{section.12.11}% 649
\BOOKMARK [2][-]{subsection.12.11.5}{\376\377\000M\000S\000S\000A\131\032\220\032\220\123\122\006\147\220}{section.12.11}% 650
\BOOKMARK [2][-]{subsection.12.11.6}{\376\377\176\323\147\234\211\343\213\373}{section.12.11}% 651
\BOOKMARK [2][-]{subsection.12.11.7}{\376\377\136\224\165\050\127\072\146\157}{section.12.11}% 652
\BOOKMARK [2][-]{subsection.12.11.8}{\376\377\133\374\121\372\176\323\147\234}{section.12.11}% 653
\BOOKMARK [0][-]{chapter.13}{\376\377\133\236\117\213\134\125\171\072}{}% 654
\BOOKMARK [1][-]{section.13.1}{\376\377\126\376\116\366\134\125\171\072}{chapter.13}% 655
\BOOKMARK [2][-]{subsection.13.1.1}{\376\377\211\306\165\065\226\073\163\207\146\362\176\277}{section.13.1}% 656
\BOOKMARK [2][-]{subsection.13.1.2}{\376\377\127\060\126\376\211\306\126\376}{section.13.1}% 657
\BOOKMARK [1][-]{section.13.2}{\376\377\133\236\117\213\122\027\210\150}{chapter.13}% 658
\BOOKMARK [1][-]{section.13.3}{\376\377\215\041\163\056\133\236\117\213}{chapter.13}% 659
\BOOKMARK [0][-]{chapter.14}{\376\377\000M\000T\000D\000a\000t\000a\000P\000r\000o\000\040\145\160\143\156\133\374\121\372\116\016\000\040\000P\000y\000t\000h\000o\000n\000\040\176\330\126\376\145\131\172\013}{}% 660
\BOOKMARK [1][-]{section.14.1}{\376\377\145\160\143\156\133\374\121\372}{chapter.14}% 661
\BOOKMARK [2][-]{subsection.14.1.1}{\376\377\133\374\121\372\153\145\232\244}{section.14.1}% 662
\BOOKMARK [2][-]{subsection.14.1.2}{\376\377\133\374\121\372\145\207\116\366\124\175\124\015\211\304\122\031}{section.14.1}% 663
\BOOKMARK [1][-]{section.14.2}{\376\377\000P\000y\000t\000h\000o\000n\000\040\176\330\126\376\163\257\130\203\221\115\177\156}{chapter.14}% 664
\BOOKMARK [2][-]{subsection.14.2.1}{\376\377\117\235\215\126\136\223}{section.14.2}% 665
\BOOKMARK [2][-]{subsection.14.2.2}{\376\377\000m\000a\000t\000p\000l\000o\000t\000l\000i\000b\000\040\133\146\147\057\176\330\126\376\221\115\177\156}{section.14.2}% 666
\BOOKMARK [1][-]{section.14.3}{\376\377\123\125\155\113\160\271\211\306\165\065\226\073\163\207\000/\166\370\117\115\146\362\176\277}{chapter.14}% 667
\BOOKMARK [2][-]{subsection.14.3.1}{\376\377\201\032\147\054\377\032\000P\000l\000o\000t\000F\000u\000l\000l\000Z\000-\000S\000i\000n\000g\000l\000e\000.\000p\000y\000\040\000\050\000h\000t\000t\000p\000:\000/\000/\000P\000l\000o\000t\000F\000u\000l\000l\000Z\000-\000S\000i\000n\000g\000l\000e\000.\000p\000y\000\051}{section.14.3}% 668
\BOOKMARK [2][-]{subsection.14.3.2}{\376\377\217\223\121\372\145\110\147\234}{section.14.3}% 669
\BOOKMARK [1][-]{section.14.4}{\376\377\131\032\155\113\160\271\200\124\124\010\133\371\153\324\126\376}{chapter.14}% 670
\BOOKMARK [2][-]{subsection.14.4.1}{\376\377\201\032\147\054\377\032\000P\000l\000o\000t\000F\000u\000l\000l\000Z\000-\000A\000l\000l\000.\000p\000y\000\040\000\050\000h\000t\000t\000p\000:\000/\000/\000P\000l\000o\000t\000F\000u\000l\000l\000Z\000-\000A\000l\000l\000.\000p\000y\000\051}{section.14.4}% 671
\BOOKMARK [1][-]{section.14.5}{\376\377\155\113\160\271\133\371\153\324\122\006\147\220}{chapter.14}% 672
\BOOKMARK [2][-]{subsection.14.5.1}{\376\377\201\032\147\054\377\032\000P\000l\000o\000t\000F\000u\000l\000l\000Z\000-\000C\000o\000m\000p\000a\000r\000e\000.\000p\000y\000\040\000\050\000h\000t\000t\000p\000:\000/\000/\000P\000l\000o\000t\000F\000u\000l\000l\000Z\000-\000C\000o\000m\000p\000a\000r\000e\000.\000p\000y\000\051}{section.14.5}% 673
\BOOKMARK [1][-]{section.14.6}{\376\377\121\150\226\073\142\227\116\016\166\370\117\115\137\040\221\317\126\376}{chapter.14}% 674
\BOOKMARK [2][-]{subsection.14.6.1}{\376\377\201\032\147\054\377\032\000P\000l\000o\000t\000F\000u\000l\000l\000Z\000-\000S\000i\000t\000e\000.\000p\000y\000\040\000\050\000h\000t\000t\000p\000:\000/\000/\000P\000l\000o\000t\000F\000u\000l\000l\000Z\000-\000S\000i\000t\000e\000.\000p\000y\000\051}{section.14.6}% 675
\BOOKMARK [1][-]{section.14.7}{\376\377\000P\000D\000F\000\040\124\010\136\166\135\345\121\167}{chapter.14}% 676
\BOOKMARK [2][-]{subsection.14.7.1}{\376\377\201\032\147\054\377\032\000M\000e\000r\000g\000e\000r\000A\000l\000l\000Z\000P\000D\000F\000.\000p\000y\000\040\000\050\000h\000t\000t\000p\000:\000/\000/\000M\000e\000r\000g\000e\000r\000A\000l\000l\000Z\000P\000D\000F\000.\000p\000y\000\051}{section.14.7}% 677
\BOOKMARK [1][-]{section.14.8}{\376\377\127\120\150\007\217\154\143\142\135\345\121\167}{chapter.14}% 678
\BOOKMARK [2][-]{subsection.14.8.1}{\376\377\201\032\147\054\377\032\000c\000o\000o\000r\000C\000o\000n\000v\000e\000r\000t\000.\000p\000y\000\040\000\050\000h\000t\000t\000p\000:\000/\000/\000c\000o\000o\000r\000C\000o\000n\000v\000e\000r\000t\000.\000p\000y\000\051}{section.14.8}% 679
\BOOKMARK [1][-]{section.14.9}{\376\377\136\070\211\301\225\356\230\230}{chapter.14}% 680
\BOOKMARK [2][-]{subsection.14.9.1}{\376\377\000Q\000:\000\040\176\330\126\376\166\204\230\221\163\207\203\003\126\364\131\202\117\125\213\276\177\156\377\037}{section.14.9}% 681
\BOOKMARK [2][-]{subsection.14.9.2}{\376\377\000Q\000:\000\040\213\357\135\356\150\322\116\015\146\076\171\072\377\037}{section.14.9}% 682
\BOOKMARK [2][-]{subsection.14.9.3}{\376\377\000Q\000:\000\040\131\202\117\125\214\003\145\164\126\376\137\142\134\072\133\370\377\037}{section.14.9}% 683
\BOOKMARK [2][-]{subsection.14.9.4}{\376\377\000Q\000:\000\040\116\055\145\207\150\007\173\176\146\076\171\072\116\072\145\271\127\127\377\037}{section.14.9}% 684
\BOOKMARK [0][-]{chapter.15}{\376\377\226\104\137\125\000A\000:\000\040\137\353\143\167\225\056\123\302\200\003}{}% 685
\BOOKMARK [1][-]{section.15.1}{\376\377\136\070\165\050\137\353\143\167\225\056}{chapter.15}% 686
\BOOKMARK [1][-]{section.15.2}{\376\377\131\004\164\006\166\370\121\163\137\353\143\167\225\056}{chapter.15}% 687
\BOOKMARK [1][-]{section.15.3}{\376\377\211\306\126\376\166\370\121\163\137\353\143\167\225\056}{chapter.15}% 688
\BOOKMARK [1][-]{section.15.4}{\376\377\135\345\172\013\173\241\164\006\137\353\143\167\225\056}{chapter.15}% 689
\BOOKMARK [0][-]{chapter.16}{\376\377\226\104\137\125\000B\000:\000\040\123\302\145\160\213\364\146\016\210\150}{}% 690
\BOOKMARK [1][-]{section.16.1}{\376\377\131\004\164\006\145\271\150\110\123\302\145\160}{chapter.16}% 691
\BOOKMARK [1][-]{section.16.2}{\376\377\000F\000F\000T\123\302\145\160}{chapter.16}% 692
\BOOKMARK [1][-]{section.16.3}{\376\377\172\063\120\145\117\060\213\241\123\302\145\160}{chapter.16}% 693
\BOOKMARK [1][-]{section.16.4}{\376\377\123\302\200\003\220\123\117\060\213\241\145\271\154\325}{chapter.16}% 694
\BOOKMARK [1][-]{section.16.5}{\376\377\172\063\120\145\117\060\213\241\145\271\154\325}{chapter.16}% 695
\BOOKMARK [1][-]{section.16.6}{\376\377\201\352\122\250\173\133\220\011\123\302\145\160}{chapter.16}% 696
\BOOKMARK [1][-]{section.16.7}{\376\377\232\154\154\017\215\335\171\273\123\302\145\160}{chapter.16}% 697
\BOOKMARK [1][-]{section.16.8}{\376\377\220\127\117\040\173\227\154\325\123\302\145\160}{chapter.16}% 698
\BOOKMARK [1][-]{section.16.9}{\376\377\226\115\221\307\150\067\123\302\145\160}{chapter.16}% 699
\BOOKMARK [1][-]{section.16.10}{\376\377\135\345\230\221\156\344\154\342\123\302\145\160}{chapter.16}% 700
\BOOKMARK [1][-]{section.16.11}{\376\377\000R\000h\000o\000p\000l\000u\000s\123\302\145\160}{chapter.16}% 701
\BOOKMARK [1][-]{section.16.12}{\376\377\000A\000I\230\204\155\113\123\302\145\160}{chapter.16}% 702
\BOOKMARK [1][-]{section.16.13}{\376\377\155\113\160\271\143\222\136\217\145\271\137\017}{chapter.16}% 703
\BOOKMARK [1][-]{section.16.14}{\376\377\116\352\126\150\174\173\127\213\116\343\170\001}{chapter.16}% 704
\BOOKMARK [1][-]{section.16.15}{\376\377\145\160\143\156\215\050\221\317\173\111\176\247}{chapter.16}% 705
\BOOKMARK [1][-]{section.16.16}{\376\377\000M\000T\123\302\145\160\174\173\127\213}{chapter.16}% 706
\BOOKMARK [0][-]{chapter.17}{\376\377\226\104\137\125\000C\000:\000\040\145\207\116\366\150\074\137\017\211\304\203\003}{}% 707
\BOOKMARK [1][-]{section.17.1}{\376\377\135\345\172\013\145\207\116\366\176\323\147\204}{chapter.17}% 708
\BOOKMARK [2][-]{subsection.17.1.1}{\376\377\135\345\172\013\166\356\137\125\176\323\147\204}{section.17.1}% 709
\BOOKMARK [1][-]{section.17.2}{\376\377\000E\000D\000I\145\207\116\366\150\074\137\017}{chapter.17}% 710
\BOOKMARK [2][-]{subsection.17.2.1}{\376\377\000E\000D\000I\145\207\116\366\176\323\147\204\171\072\117\213}{section.17.2}% 711
\BOOKMARK [1][-]{section.17.3}{\376\377\124\004\116\352\126\150\123\237\131\313\145\160\143\156\150\074\137\017\144\130\211\201}{chapter.17}% 712
\BOOKMARK [2][-]{subsection.17.3.1}{\376\377\000P\000h\000o\000e\000n\000i\000x\000\040\000T\000B\000L\150\074\137\017}{section.17.3}% 713
\BOOKMARK [2][-]{subsection.17.3.2}{\376\377\000P\000h\000o\000e\000n\000i\000x\000\040\000J\000S\000O\000N\150\074\137\017}{section.17.3}% 714
\BOOKMARK [2][-]{subsection.17.3.3}{\376\377\000M\000e\000t\000r\000o\000n\000i\000x\000\040\000A\000T\000M\150\074\137\017}{section.17.3}% 715
\BOOKMARK [2][-]{subsection.17.3.4}{\376\377\000L\000E\000M\000I\150\074\137\017}{section.17.3}% 716
\BOOKMARK [2][-]{subsection.17.3.5}{\376\377\000A\000T\000T\000S\150\074\137\017}{section.17.3}% 717
\BOOKMARK [1][-]{section.17.4}{\376\377\150\007\133\232\145\207\116\366\150\074\137\017}{chapter.17}% 718
\BOOKMARK [2][-]{subsection.17.4.1}{\376\377\000C\000L\000B\145\207\116\366\377\010\165\065\127\072\166\322\150\007\133\232\377\011}{section.17.4}% 719
\BOOKMARK [2][-]{subsection.17.4.2}{\376\377\000C\000L\000C\145\207\116\366\377\010\170\301\117\040\141\037\126\150\150\007\133\232\377\011}{section.17.4}% 720
\BOOKMARK [1][-]{section.17.5}{\376\377\131\004\164\006\145\271\150\110\145\207\116\366}{chapter.17}% 721
\BOOKMARK [0][-]{chapter.18}{\376\377\226\104\137\125\000D\000:\000\040\136\070\211\301\225\356\230\230\000F\000A\000Q}{}% 722
\BOOKMARK [1][-]{section.18.1}{\376\377\133\211\210\305\116\016\143\210\147\103\225\356\230\230}{chapter.18}% 723
\BOOKMARK [1][-]{section.18.2}{\376\377\145\160\143\156\133\374\121\145\225\356\230\230}{chapter.18}% 724
\BOOKMARK [1][-]{section.18.3}{\376\377\131\004\164\006\176\323\147\234\137\002\136\070}{chapter.18}% 725
\BOOKMARK [1][-]{section.18.4}{\376\377\133\374\121\372\225\356\230\230}{chapter.18}% 726
\BOOKMARK [1][-]{section.18.5}{\376\377\121\166\116\326\225\356\230\230}{chapter.18}% 727
\BOOKMARK [0][-]{chapter.19}{\376\377\226\104\137\125\000E\000:\000\040\146\364\145\260\145\345\137\327}{}% 728
\BOOKMARK [1][-]{section.19.1}{\376\377\162\110\147\054\000\040\0001\000.\0009\000.\0004\000\040\000\050\137\123\122\115\162\110\147\054\000\051}{chapter.19}% 729
\BOOKMARK [2][-]{subsection.19.1.1}{\376\377\131\032\116\352\126\150\145\057\143\001}{section.19.1}% 730
\BOOKMARK [2][-]{subsection.19.1.2}{\376\377\145\160\143\156\131\004\164\006}{section.19.1}% 731
\BOOKMARK [2][-]{subsection.19.1.3}{\376\377\172\063\120\145\117\060\213\241}{section.19.1}% 732
\BOOKMARK [2][-]{subsection.19.1.4}{\376\377\123\302\200\003\220\123\142\200\147\057}{section.19.1}% 733
\BOOKMARK [2][-]{subsection.19.1.5}{\376\377\146\172\200\375\173\133\220\011}{section.19.1}% 734
\BOOKMARK [2][-]{subsection.19.1.6}{\376\377\133\374\121\372\122\237\200\375}{section.19.1}% 735
\BOOKMARK [1][-]{section.19.2}{\376\377\162\110\147\054\000\040\0001\000.\0005}{chapter.19}% 736
\BOOKMARK [1][-]{section.19.3}{\376\377\162\110\147\054\000\040\0001\000.\0000}{chapter.19}% 737
\BOOKMARK [1][-]{section.19.4}{\376\377\135\362\167\345\225\356\230\230}{chapter.19}% 738
\BOOKMARK [1][-]{section.19.5}{\376\377\174\373\176\337\211\201\154\102}{chapter.19}% 739
\BOOKMARK [1][-]{section.19.6}{\376\377\142\200\147\057\145\057\143\001}{chapter.19}% 740
\BOOKMARK [0][-]{chapter.20}{\376\377\226\104\137\125\000F\000:\000\040\126\376\210\150\144\315\117\134\213\346\211\343}{}% 741
\BOOKMARK [1][-]{section.20.1}{\376\377\000F\000.\0001\000\040\126\376\210\150\123\363\225\056\203\334\123\125}{chapter.20}% 742
\BOOKMARK [2][-]{subsection.20.1.1}{\376\377\000F\000.\0001\000.\0001\000\040\146\076\171\072\213\276\177\156}{section.20.1}% 743
\BOOKMARK [2][-]{subsection.20.1.2}{\376\377\000F\000.\0001\000.\0002\000\040\127\120\150\007\217\164\213\276\177\156}{section.20.1}% 744
\BOOKMARK [2][-]{subsection.20.1.3}{\376\377\000F\000.\0001\000.\0003\000\040\177\051\145\076\122\237\200\375}{section.20.1}% 745
\BOOKMARK [2][-]{subsection.20.1.4}{\376\377\000F\000.\0001\000.\0004\000\040\133\374\121\372\122\237\200\375}{section.20.1}% 746
\BOOKMARK [1][-]{section.20.2}{\376\377\000F\000.\0002\000\040\127\120\150\007\217\164\144\315\117\134}{chapter.20}% 747
\BOOKMARK [2][-]{subsection.20.2.1}{\376\377\000F\000.\0002\000.\0001\000\040\160\271\121\373\127\120\150\007\217\164\213\276\177\156\203\003\126\364}{section.20.2}% 748
\BOOKMARK [2][-]{subsection.20.2.2}{\376\377\000F\000.\0002\000.\0002\000\040\133\371\145\160\000/\176\277\140\047\127\120\150\007\122\007\143\142}{section.20.2}% 749
\BOOKMARK [1][-]{section.20.3}{\376\377\000F\000.\0003\000\040\126\376\210\150\177\051\145\076\116\016\136\163\171\373}{chapter.20}% 750
\BOOKMARK [2][-]{subsection.20.3.1}{\376\377\000F\000.\0003\000.\0001\000\040\237\040\150\007\144\315\117\134}{section.20.3}% 751
\BOOKMARK [2][-]{subsection.20.3.2}{\376\377\000F\000.\0003\000.\0002\000\040\225\056\166\330\137\353\143\167\225\056}{section.20.3}% 752
\BOOKMARK [1][-]{section.20.4}{\376\377\000F\000.\0004\000\040\145\160\143\156\173\133\220\011\126\376\210\150\144\315\117\134}{chapter.20}% 753
\BOOKMARK [2][-]{subsection.20.4.1}{\376\377\000F\000.\0004\000.\0001\000\040\220\011\142\351\152\041\137\017}{section.20.4}% 754
\BOOKMARK [2][-]{subsection.20.4.2}{\376\377\000F\000.\0004\000.\0002\000\040\133\214\142\020\220\011\142\351}{section.20.4}% 755
\BOOKMARK [2][-]{subsection.20.4.3}{\376\377\000F\000.\0004\000.\0003\000\040\144\244\225\000\116\016\221\315\120\132}{section.20.4}% 756
\BOOKMARK [2][-]{subsection.20.4.4}{\376\377\000F\000.\0004\000.\0004\000\040\144\315\117\134\171\072\117\213}{section.20.4}% 757
\BOOKMARK [1][-]{section.20.5}{\376\377\000F\000.\0005\000\040\155\373\122\240\116\064\145\366\146\362\176\277}{chapter.20}% 758
\BOOKMARK [1][-]{section.20.6}{\376\377\000F\000.\0006\000\040\126\376\210\150\177\026\217\221\126\150}{chapter.20}% 759
\BOOKMARK [2][-]{subsection.20.6.1}{\376\377\000F\000.\0006\000.\0001\000\040\136\070\165\050\213\276\177\156}{section.20.6}% 760
\BOOKMARK [2][-]{subsection.20.6.2}{\376\377\000F\000.\0006\000.\0002\000\040\117\335\133\130\213\276\177\156}{section.20.6}% 761
\BOOKMARK [1][-]{section.20.7}{\376\377\000F\000.\0007\000\040\131\032\126\376\210\150\133\371\153\324}{chapter.20}% 762
\BOOKMARK [2][-]{subsection.20.7.1}{\376\377\000F\000.\0007\000.\0001\000\040\131\032\155\113\160\271\123\340\122\240}{section.20.7}% 763
\BOOKMARK [2][-]{subsection.20.7.2}{\376\377\000F\000.\0007\000.\0002\000\040\126\376\210\150\135\345\121\167\150\017}{section.20.7}% 764
\BOOKMARK [1][-]{section.20.8}{\376\377\000F\000.\0008\000\040\136\070\211\301\225\356\230\230}{chapter.20}% 765
\BOOKMARK [0][-]{chapter.21}{\376\377\215\041\163\056\143\007\123\127}{}% 766
\BOOKMARK [1][-]{section.21.1}{\376\377\131\202\117\125\215\041\163\056}{chapter.21}% 767
\BOOKMARK [1][-]{section.21.2}{\376\377\145\207\150\143\176\323\147\204}{chapter.21}% 768
\BOOKMARK [1][-]{section.21.3}{\376\377\147\054\127\060\147\204\136\372}{chapter.21}% 769
\BOOKMARK [1][-]{section.21.4}{\376\377\121\231\117\134\211\304\203\003}{chapter.21}% 770
\BOOKMARK [1][-]{section.21.5}{\376\377\154\350\141\017\116\213\230\171}{chapter.21}% 771
